[2025-12-05T16:08:31.217+0000] {processor.py:157} INFO - Started process (PID=166) to work on /opt/airflow/dags/example_dag.py
[2025-12-05T16:08:31.218+0000] {processor.py:829} INFO - Processing file /opt/airflow/dags/example_dag.py for tasks to queue
[2025-12-05T16:08:31.218+0000] {logging_mixin.py:154} INFO - [2025-12-05T16:08:31.218+0000] {dagbag.py:536} INFO - Filling up the DagBag from /opt/airflow/dags/example_dag.py
[2025-12-05T16:08:31.240+0000] {processor.py:839} INFO - DAG(s) dict_keys(['example_dag']) retrieved from /opt/airflow/dags/example_dag.py
[2025-12-05T16:08:31.370+0000] {logging_mixin.py:154} INFO - [2025-12-05T16:08:31.369+0000] {manager.py:499} INFO - Created Permission View: %s
[2025-12-05T16:08:31.374+0000] {logging_mixin.py:154} INFO - [2025-12-05T16:08:31.374+0000] {manager.py:499} INFO - Created Permission View: %s
[2025-12-05T16:08:31.377+0000] {logging_mixin.py:154} INFO - [2025-12-05T16:08:31.377+0000] {manager.py:499} INFO - Created Permission View: %s
[2025-12-05T16:08:31.377+0000] {logging_mixin.py:154} INFO - [2025-12-05T16:08:31.377+0000] {dag.py:2941} INFO - Sync 1 DAGs
[2025-12-05T16:08:31.382+0000] {logging_mixin.py:154} INFO - [2025-12-05T16:08:31.382+0000] {dag.py:2963} INFO - Creating ORM DAG for example_dag
[2025-12-05T16:08:31.387+0000] {logging_mixin.py:154} INFO - [2025-12-05T16:08:31.387+0000] {dag.py:3722} INFO - Setting next_dagrun for example_dag to 2025-12-04T16:08:31.386893+00:00, run_after=2025-12-05T16:08:31.386893+00:00
[2025-12-05T16:08:31.394+0000] {processor.py:179} INFO - Processing /opt/airflow/dags/example_dag.py took 0.179 seconds
[2025-12-05T16:09:01.495+0000] {processor.py:157} INFO - Started process (PID=196) to work on /opt/airflow/dags/example_dag.py
[2025-12-05T16:09:01.496+0000] {processor.py:829} INFO - Processing file /opt/airflow/dags/example_dag.py for tasks to queue
[2025-12-05T16:09:01.497+0000] {logging_mixin.py:154} INFO - [2025-12-05T16:09:01.497+0000] {dagbag.py:536} INFO - Filling up the DagBag from /opt/airflow/dags/example_dag.py
[2025-12-05T16:09:01.508+0000] {processor.py:839} INFO - DAG(s) dict_keys(['example_dag']) retrieved from /opt/airflow/dags/example_dag.py
[2025-12-05T16:09:01.531+0000] {logging_mixin.py:154} INFO - [2025-12-05T16:09:01.531+0000] {dag.py:2941} INFO - Sync 1 DAGs
[2025-12-05T16:09:01.545+0000] {logging_mixin.py:154} INFO - [2025-12-05T16:09:01.545+0000] {dag.py:3722} INFO - Setting next_dagrun for example_dag to 2025-12-04T16:09:01.545614+00:00, run_after=2025-12-05T16:09:01.545614+00:00
[2025-12-05T16:09:01.554+0000] {processor.py:179} INFO - Processing /opt/airflow/dags/example_dag.py took 0.061 seconds
[2025-12-05T16:09:31.790+0000] {processor.py:157} INFO - Started process (PID=225) to work on /opt/airflow/dags/example_dag.py
[2025-12-05T16:09:31.791+0000] {processor.py:829} INFO - Processing file /opt/airflow/dags/example_dag.py for tasks to queue
[2025-12-05T16:09:31.792+0000] {logging_mixin.py:154} INFO - [2025-12-05T16:09:31.791+0000] {dagbag.py:536} INFO - Filling up the DagBag from /opt/airflow/dags/example_dag.py
[2025-12-05T16:09:31.811+0000] {processor.py:839} INFO - DAG(s) dict_keys(['example_dag']) retrieved from /opt/airflow/dags/example_dag.py
[2025-12-05T16:09:31.842+0000] {logging_mixin.py:154} INFO - [2025-12-05T16:09:31.842+0000] {dag.py:2941} INFO - Sync 1 DAGs
[2025-12-05T16:09:31.865+0000] {logging_mixin.py:154} INFO - [2025-12-05T16:09:31.865+0000] {dag.py:3722} INFO - Setting next_dagrun for example_dag to 2025-12-04T16:09:31.865002+00:00, run_after=2025-12-05T16:09:31.865002+00:00
[2025-12-05T16:09:31.877+0000] {processor.py:179} INFO - Processing /opt/airflow/dags/example_dag.py took 0.092 seconds
[2025-12-05T16:10:02.074+0000] {processor.py:157} INFO - Started process (PID=246) to work on /opt/airflow/dags/example_dag.py
[2025-12-05T16:10:02.075+0000] {processor.py:829} INFO - Processing file /opt/airflow/dags/example_dag.py for tasks to queue
[2025-12-05T16:10:02.076+0000] {logging_mixin.py:154} INFO - [2025-12-05T16:10:02.076+0000] {dagbag.py:536} INFO - Filling up the DagBag from /opt/airflow/dags/example_dag.py
[2025-12-05T16:10:02.097+0000] {processor.py:839} INFO - DAG(s) dict_keys(['example_dag']) retrieved from /opt/airflow/dags/example_dag.py
[2025-12-05T16:10:02.122+0000] {logging_mixin.py:154} INFO - [2025-12-05T16:10:02.122+0000] {dag.py:2941} INFO - Sync 1 DAGs
[2025-12-05T16:10:02.133+0000] {logging_mixin.py:154} INFO - [2025-12-05T16:10:02.133+0000] {dag.py:3722} INFO - Setting next_dagrun for example_dag to 2025-12-04T16:10:02.133678+00:00, run_after=2025-12-05T16:10:02.133678+00:00
[2025-12-05T16:10:02.147+0000] {processor.py:179} INFO - Processing /opt/airflow/dags/example_dag.py took 0.079 seconds
[2025-12-05T16:10:32.417+0000] {processor.py:157} INFO - Started process (PID=275) to work on /opt/airflow/dags/example_dag.py
[2025-12-05T16:10:32.418+0000] {processor.py:829} INFO - Processing file /opt/airflow/dags/example_dag.py for tasks to queue
[2025-12-05T16:10:32.419+0000] {logging_mixin.py:154} INFO - [2025-12-05T16:10:32.418+0000] {dagbag.py:536} INFO - Filling up the DagBag from /opt/airflow/dags/example_dag.py
[2025-12-05T16:10:32.449+0000] {processor.py:839} INFO - DAG(s) dict_keys(['example_dag']) retrieved from /opt/airflow/dags/example_dag.py
[2025-12-05T16:10:32.467+0000] {logging_mixin.py:154} INFO - [2025-12-05T16:10:32.466+0000] {dag.py:2941} INFO - Sync 1 DAGs
[2025-12-05T16:10:32.479+0000] {logging_mixin.py:154} INFO - [2025-12-05T16:10:32.478+0000] {dag.py:3722} INFO - Setting next_dagrun for example_dag to 2025-12-04T16:10:32.478711+00:00, run_after=2025-12-05T16:10:32.478711+00:00
[2025-12-05T16:10:32.486+0000] {processor.py:179} INFO - Processing /opt/airflow/dags/example_dag.py took 0.074 seconds
[2025-12-05T16:11:02.766+0000] {processor.py:157} INFO - Started process (PID=304) to work on /opt/airflow/dags/example_dag.py
[2025-12-05T16:11:02.768+0000] {processor.py:829} INFO - Processing file /opt/airflow/dags/example_dag.py for tasks to queue
[2025-12-05T16:11:02.770+0000] {logging_mixin.py:154} INFO - [2025-12-05T16:11:02.769+0000] {dagbag.py:536} INFO - Filling up the DagBag from /opt/airflow/dags/example_dag.py
[2025-12-05T16:11:02.784+0000] {processor.py:839} INFO - DAG(s) dict_keys(['example_dag']) retrieved from /opt/airflow/dags/example_dag.py
[2025-12-05T16:11:02.806+0000] {logging_mixin.py:154} INFO - [2025-12-05T16:11:02.806+0000] {dag.py:2941} INFO - Sync 1 DAGs
[2025-12-05T16:11:02.818+0000] {logging_mixin.py:154} INFO - [2025-12-05T16:11:02.818+0000] {dag.py:3722} INFO - Setting next_dagrun for example_dag to 2025-12-04T16:11:02.818519+00:00, run_after=2025-12-05T16:11:02.818519+00:00
[2025-12-05T16:11:02.826+0000] {processor.py:179} INFO - Processing /opt/airflow/dags/example_dag.py took 0.064 seconds
