[2025-04-09T10:15:33.931-0400] {processor.py:157} INFO - Started process (PID=28665) to work on /Users/sarahrmclaughlin/Documents/repos/ml_ops/venv/lib/python3.10/site-packages/airflow/example_dags/plugins/event_listener.py
[2025-04-09T10:15:33.934-0400] {processor.py:829} INFO - Processing file /Users/sarahrmclaughlin/Documents/repos/ml_ops/venv/lib/python3.10/site-packages/airflow/example_dags/plugins/event_listener.py for tasks to queue
[2025-04-09T10:15:33.934-0400] {logging_mixin.py:151} INFO - [2025-04-09T10:15:33.934-0400] {dagbag.py:539} INFO - Filling up the DagBag from /Users/sarahrmclaughlin/Documents/repos/ml_ops/venv/lib/python3.10/site-packages/airflow/example_dags/plugins/event_listener.py
[2025-04-09T10:15:33.934-0400] {processor.py:841} WARNING - No viable dags retrieved from /Users/sarahrmclaughlin/Documents/repos/ml_ops/venv/lib/python3.10/site-packages/airflow/example_dags/plugins/event_listener.py
[2025-04-09T10:15:33.978-0400] {processor.py:179} INFO - Processing /Users/sarahrmclaughlin/Documents/repos/ml_ops/venv/lib/python3.10/site-packages/airflow/example_dags/plugins/event_listener.py took 0.047 seconds
[2025-04-09T10:17:01.402-0400] {processor.py:157} INFO - Started process (PID=28869) to work on /Users/sarahrmclaughlin/Documents/repos/ml_ops/venv/lib/python3.10/site-packages/airflow/example_dags/plugins/event_listener.py
[2025-04-09T10:17:01.405-0400] {processor.py:829} INFO - Processing file /Users/sarahrmclaughlin/Documents/repos/ml_ops/venv/lib/python3.10/site-packages/airflow/example_dags/plugins/event_listener.py for tasks to queue
[2025-04-09T10:17:01.405-0400] {logging_mixin.py:151} INFO - [2025-04-09T10:17:01.405-0400] {dagbag.py:539} INFO - Filling up the DagBag from /Users/sarahrmclaughlin/Documents/repos/ml_ops/venv/lib/python3.10/site-packages/airflow/example_dags/plugins/event_listener.py
[2025-04-09T10:17:01.406-0400] {processor.py:841} WARNING - No viable dags retrieved from /Users/sarahrmclaughlin/Documents/repos/ml_ops/venv/lib/python3.10/site-packages/airflow/example_dags/plugins/event_listener.py
[2025-04-09T10:17:01.448-0400] {processor.py:179} INFO - Processing /Users/sarahrmclaughlin/Documents/repos/ml_ops/venv/lib/python3.10/site-packages/airflow/example_dags/plugins/event_listener.py took 0.046 seconds
[2025-04-09T10:17:56.366-0400] {processor.py:157} INFO - Started process (PID=29136) to work on /Users/sarahrmclaughlin/Documents/repos/ml_ops/venv/lib/python3.10/site-packages/airflow/example_dags/plugins/event_listener.py
[2025-04-09T10:17:56.370-0400] {processor.py:829} INFO - Processing file /Users/sarahrmclaughlin/Documents/repos/ml_ops/venv/lib/python3.10/site-packages/airflow/example_dags/plugins/event_listener.py for tasks to queue
[2025-04-09T10:17:56.370-0400] {logging_mixin.py:151} INFO - [2025-04-09T10:17:56.370-0400] {dagbag.py:539} INFO - Filling up the DagBag from /Users/sarahrmclaughlin/Documents/repos/ml_ops/venv/lib/python3.10/site-packages/airflow/example_dags/plugins/event_listener.py
[2025-04-09T10:17:56.371-0400] {processor.py:841} WARNING - No viable dags retrieved from /Users/sarahrmclaughlin/Documents/repos/ml_ops/venv/lib/python3.10/site-packages/airflow/example_dags/plugins/event_listener.py
[2025-04-09T10:17:56.416-0400] {processor.py:179} INFO - Processing /Users/sarahrmclaughlin/Documents/repos/ml_ops/venv/lib/python3.10/site-packages/airflow/example_dags/plugins/event_listener.py took 0.051 seconds
[2025-04-09T10:18:50.527-0400] {processor.py:157} INFO - Started process (PID=29268) to work on /Users/sarahrmclaughlin/Documents/repos/ml_ops/venv/lib/python3.10/site-packages/airflow/example_dags/plugins/event_listener.py
[2025-04-09T10:18:50.530-0400] {processor.py:829} INFO - Processing file /Users/sarahrmclaughlin/Documents/repos/ml_ops/venv/lib/python3.10/site-packages/airflow/example_dags/plugins/event_listener.py for tasks to queue
[2025-04-09T10:18:50.531-0400] {logging_mixin.py:151} INFO - [2025-04-09T10:18:50.530-0400] {dagbag.py:539} INFO - Filling up the DagBag from /Users/sarahrmclaughlin/Documents/repos/ml_ops/venv/lib/python3.10/site-packages/airflow/example_dags/plugins/event_listener.py
[2025-04-09T10:18:50.531-0400] {processor.py:841} WARNING - No viable dags retrieved from /Users/sarahrmclaughlin/Documents/repos/ml_ops/venv/lib/python3.10/site-packages/airflow/example_dags/plugins/event_listener.py
[2025-04-09T10:18:50.573-0400] {processor.py:179} INFO - Processing /Users/sarahrmclaughlin/Documents/repos/ml_ops/venv/lib/python3.10/site-packages/airflow/example_dags/plugins/event_listener.py took 0.046 seconds
[2025-04-09T10:19:47.912-0400] {processor.py:157} INFO - Started process (PID=29452) to work on /Users/sarahrmclaughlin/Documents/repos/ml_ops/venv/lib/python3.10/site-packages/airflow/example_dags/plugins/event_listener.py
[2025-04-09T10:19:47.917-0400] {processor.py:829} INFO - Processing file /Users/sarahrmclaughlin/Documents/repos/ml_ops/venv/lib/python3.10/site-packages/airflow/example_dags/plugins/event_listener.py for tasks to queue
[2025-04-09T10:19:47.917-0400] {logging_mixin.py:151} INFO - [2025-04-09T10:19:47.917-0400] {dagbag.py:539} INFO - Filling up the DagBag from /Users/sarahrmclaughlin/Documents/repos/ml_ops/venv/lib/python3.10/site-packages/airflow/example_dags/plugins/event_listener.py
[2025-04-09T10:19:47.917-0400] {processor.py:841} WARNING - No viable dags retrieved from /Users/sarahrmclaughlin/Documents/repos/ml_ops/venv/lib/python3.10/site-packages/airflow/example_dags/plugins/event_listener.py
[2025-04-09T10:19:47.958-0400] {processor.py:179} INFO - Processing /Users/sarahrmclaughlin/Documents/repos/ml_ops/venv/lib/python3.10/site-packages/airflow/example_dags/plugins/event_listener.py took 0.046 seconds
[2025-04-09T10:20:42.683-0400] {processor.py:157} INFO - Started process (PID=29572) to work on /Users/sarahrmclaughlin/Documents/repos/ml_ops/venv/lib/python3.10/site-packages/airflow/example_dags/plugins/event_listener.py
[2025-04-09T10:20:42.687-0400] {processor.py:829} INFO - Processing file /Users/sarahrmclaughlin/Documents/repos/ml_ops/venv/lib/python3.10/site-packages/airflow/example_dags/plugins/event_listener.py for tasks to queue
[2025-04-09T10:20:42.687-0400] {logging_mixin.py:151} INFO - [2025-04-09T10:20:42.687-0400] {dagbag.py:539} INFO - Filling up the DagBag from /Users/sarahrmclaughlin/Documents/repos/ml_ops/venv/lib/python3.10/site-packages/airflow/example_dags/plugins/event_listener.py
[2025-04-09T10:20:42.687-0400] {processor.py:841} WARNING - No viable dags retrieved from /Users/sarahrmclaughlin/Documents/repos/ml_ops/venv/lib/python3.10/site-packages/airflow/example_dags/plugins/event_listener.py
[2025-04-09T10:20:42.729-0400] {processor.py:179} INFO - Processing /Users/sarahrmclaughlin/Documents/repos/ml_ops/venv/lib/python3.10/site-packages/airflow/example_dags/plugins/event_listener.py took 0.046 seconds
