[2025-04-09T10:15:32.391-0400] {processor.py:157} INFO - Started process (PID=28650) to work on /Users/sarahrmclaughlin/Documents/repos/ml_ops/venv/lib/python3.10/site-packages/airflow/example_dags/plugins/listener_plugin.py
[2025-04-09T10:15:32.394-0400] {processor.py:829} INFO - Processing file /Users/sarahrmclaughlin/Documents/repos/ml_ops/venv/lib/python3.10/site-packages/airflow/example_dags/plugins/listener_plugin.py for tasks to queue
[2025-04-09T10:15:32.394-0400] {logging_mixin.py:151} INFO - [2025-04-09T10:15:32.394-0400] {dagbag.py:539} INFO - Filling up the DagBag from /Users/sarahrmclaughlin/Documents/repos/ml_ops/venv/lib/python3.10/site-packages/airflow/example_dags/plugins/listener_plugin.py
[2025-04-09T10:15:32.394-0400] {processor.py:841} WARNING - No viable dags retrieved from /Users/sarahrmclaughlin/Documents/repos/ml_ops/venv/lib/python3.10/site-packages/airflow/example_dags/plugins/listener_plugin.py
[2025-04-09T10:15:32.437-0400] {processor.py:179} INFO - Processing /Users/sarahrmclaughlin/Documents/repos/ml_ops/venv/lib/python3.10/site-packages/airflow/example_dags/plugins/listener_plugin.py took 0.046 seconds
[2025-04-09T10:17:00.205-0400] {processor.py:157} INFO - Started process (PID=28868) to work on /Users/sarahrmclaughlin/Documents/repos/ml_ops/venv/lib/python3.10/site-packages/airflow/example_dags/plugins/listener_plugin.py
[2025-04-09T10:17:00.208-0400] {processor.py:829} INFO - Processing file /Users/sarahrmclaughlin/Documents/repos/ml_ops/venv/lib/python3.10/site-packages/airflow/example_dags/plugins/listener_plugin.py for tasks to queue
[2025-04-09T10:17:00.208-0400] {logging_mixin.py:151} INFO - [2025-04-09T10:17:00.208-0400] {dagbag.py:539} INFO - Filling up the DagBag from /Users/sarahrmclaughlin/Documents/repos/ml_ops/venv/lib/python3.10/site-packages/airflow/example_dags/plugins/listener_plugin.py
[2025-04-09T10:17:00.210-0400] {processor.py:841} WARNING - No viable dags retrieved from /Users/sarahrmclaughlin/Documents/repos/ml_ops/venv/lib/python3.10/site-packages/airflow/example_dags/plugins/listener_plugin.py
[2025-04-09T10:17:00.260-0400] {processor.py:179} INFO - Processing /Users/sarahrmclaughlin/Documents/repos/ml_ops/venv/lib/python3.10/site-packages/airflow/example_dags/plugins/listener_plugin.py took 0.056 seconds
[2025-04-09T10:17:54.773-0400] {processor.py:157} INFO - Started process (PID=29135) to work on /Users/sarahrmclaughlin/Documents/repos/ml_ops/venv/lib/python3.10/site-packages/airflow/example_dags/plugins/listener_plugin.py
[2025-04-09T10:17:54.777-0400] {processor.py:829} INFO - Processing file /Users/sarahrmclaughlin/Documents/repos/ml_ops/venv/lib/python3.10/site-packages/airflow/example_dags/plugins/listener_plugin.py for tasks to queue
[2025-04-09T10:17:54.777-0400] {logging_mixin.py:151} INFO - [2025-04-09T10:17:54.777-0400] {dagbag.py:539} INFO - Filling up the DagBag from /Users/sarahrmclaughlin/Documents/repos/ml_ops/venv/lib/python3.10/site-packages/airflow/example_dags/plugins/listener_plugin.py
[2025-04-09T10:17:54.779-0400] {processor.py:841} WARNING - No viable dags retrieved from /Users/sarahrmclaughlin/Documents/repos/ml_ops/venv/lib/python3.10/site-packages/airflow/example_dags/plugins/listener_plugin.py
[2025-04-09T10:17:54.823-0400] {processor.py:179} INFO - Processing /Users/sarahrmclaughlin/Documents/repos/ml_ops/venv/lib/python3.10/site-packages/airflow/example_dags/plugins/listener_plugin.py took 0.051 seconds
[2025-04-09T10:18:49.787-0400] {processor.py:157} INFO - Started process (PID=29267) to work on /Users/sarahrmclaughlin/Documents/repos/ml_ops/venv/lib/python3.10/site-packages/airflow/example_dags/plugins/listener_plugin.py
[2025-04-09T10:18:49.791-0400] {processor.py:829} INFO - Processing file /Users/sarahrmclaughlin/Documents/repos/ml_ops/venv/lib/python3.10/site-packages/airflow/example_dags/plugins/listener_plugin.py for tasks to queue
[2025-04-09T10:18:49.791-0400] {logging_mixin.py:151} INFO - [2025-04-09T10:18:49.791-0400] {dagbag.py:539} INFO - Filling up the DagBag from /Users/sarahrmclaughlin/Documents/repos/ml_ops/venv/lib/python3.10/site-packages/airflow/example_dags/plugins/listener_plugin.py
[2025-04-09T10:18:49.793-0400] {processor.py:841} WARNING - No viable dags retrieved from /Users/sarahrmclaughlin/Documents/repos/ml_ops/venv/lib/python3.10/site-packages/airflow/example_dags/plugins/listener_plugin.py
[2025-04-09T10:18:49.840-0400] {processor.py:179} INFO - Processing /Users/sarahrmclaughlin/Documents/repos/ml_ops/venv/lib/python3.10/site-packages/airflow/example_dags/plugins/listener_plugin.py took 0.053 seconds
[2025-04-09T10:19:46.647-0400] {processor.py:157} INFO - Started process (PID=29451) to work on /Users/sarahrmclaughlin/Documents/repos/ml_ops/venv/lib/python3.10/site-packages/airflow/example_dags/plugins/listener_plugin.py
[2025-04-09T10:19:46.651-0400] {processor.py:829} INFO - Processing file /Users/sarahrmclaughlin/Documents/repos/ml_ops/venv/lib/python3.10/site-packages/airflow/example_dags/plugins/listener_plugin.py for tasks to queue
[2025-04-09T10:19:46.651-0400] {logging_mixin.py:151} INFO - [2025-04-09T10:19:46.651-0400] {dagbag.py:539} INFO - Filling up the DagBag from /Users/sarahrmclaughlin/Documents/repos/ml_ops/venv/lib/python3.10/site-packages/airflow/example_dags/plugins/listener_plugin.py
[2025-04-09T10:19:46.653-0400] {processor.py:841} WARNING - No viable dags retrieved from /Users/sarahrmclaughlin/Documents/repos/ml_ops/venv/lib/python3.10/site-packages/airflow/example_dags/plugins/listener_plugin.py
[2025-04-09T10:19:46.694-0400] {processor.py:179} INFO - Processing /Users/sarahrmclaughlin/Documents/repos/ml_ops/venv/lib/python3.10/site-packages/airflow/example_dags/plugins/listener_plugin.py took 0.047 seconds
[2025-04-09T10:20:41.096-0400] {processor.py:157} INFO - Started process (PID=29571) to work on /Users/sarahrmclaughlin/Documents/repos/ml_ops/venv/lib/python3.10/site-packages/airflow/example_dags/plugins/listener_plugin.py
[2025-04-09T10:20:41.099-0400] {processor.py:829} INFO - Processing file /Users/sarahrmclaughlin/Documents/repos/ml_ops/venv/lib/python3.10/site-packages/airflow/example_dags/plugins/listener_plugin.py for tasks to queue
[2025-04-09T10:20:41.099-0400] {logging_mixin.py:151} INFO - [2025-04-09T10:20:41.099-0400] {dagbag.py:539} INFO - Filling up the DagBag from /Users/sarahrmclaughlin/Documents/repos/ml_ops/venv/lib/python3.10/site-packages/airflow/example_dags/plugins/listener_plugin.py
[2025-04-09T10:20:41.101-0400] {processor.py:841} WARNING - No viable dags retrieved from /Users/sarahrmclaughlin/Documents/repos/ml_ops/venv/lib/python3.10/site-packages/airflow/example_dags/plugins/listener_plugin.py
[2025-04-09T10:20:41.145-0400] {processor.py:179} INFO - Processing /Users/sarahrmclaughlin/Documents/repos/ml_ops/venv/lib/python3.10/site-packages/airflow/example_dags/plugins/listener_plugin.py took 0.050 seconds
[2025-04-09T10:21:09.085-0400] {processor.py:157} INFO - Started process (PID=29635) to work on /Users/sarahrmclaughlin/Documents/repos/ml_ops/venv/lib/python3.10/site-packages/airflow/example_dags/plugins/listener_plugin.py
[2025-04-09T10:21:09.088-0400] {processor.py:829} INFO - Processing file /Users/sarahrmclaughlin/Documents/repos/ml_ops/venv/lib/python3.10/site-packages/airflow/example_dags/plugins/listener_plugin.py for tasks to queue
[2025-04-09T10:21:09.088-0400] {logging_mixin.py:151} INFO - [2025-04-09T10:21:09.088-0400] {dagbag.py:539} INFO - Filling up the DagBag from /Users/sarahrmclaughlin/Documents/repos/ml_ops/venv/lib/python3.10/site-packages/airflow/example_dags/plugins/listener_plugin.py
[2025-04-09T10:21:09.089-0400] {processor.py:841} WARNING - No viable dags retrieved from /Users/sarahrmclaughlin/Documents/repos/ml_ops/venv/lib/python3.10/site-packages/airflow/example_dags/plugins/listener_plugin.py
[2025-04-09T10:21:09.129-0400] {processor.py:179} INFO - Processing /Users/sarahrmclaughlin/Documents/repos/ml_ops/venv/lib/python3.10/site-packages/airflow/example_dags/plugins/listener_plugin.py took 0.044 seconds
