[2025-04-09T10:15:31.156-0400] {processor.py:157} INFO - Started process (PID=28645) to work on /Users/sarahrmclaughlin/Documents/repos/ml_ops/venv/lib/python3.10/site-packages/airflow/example_dags/plugins/workday.py
[2025-04-09T10:15:31.158-0400] {processor.py:829} INFO - Processing file /Users/sarahrmclaughlin/Documents/repos/ml_ops/venv/lib/python3.10/site-packages/airflow/example_dags/plugins/workday.py for tasks to queue
[2025-04-09T10:15:31.158-0400] {logging_mixin.py:151} INFO - [2025-04-09T10:15:31.158-0400] {dagbag.py:539} INFO - Filling up the DagBag from /Users/sarahrmclaughlin/Documents/repos/ml_ops/venv/lib/python3.10/site-packages/airflow/example_dags/plugins/workday.py
[2025-04-09T10:15:31.159-0400] {logging_mixin.py:151} INFO - [2025-04-09T10:15:31.159-0400] {workday.py:36} WARNING - Could not import pandas. Holidays will not be considered.
[2025-04-09T10:15:31.159-0400] {processor.py:841} WARNING - No viable dags retrieved from /Users/sarahrmclaughlin/Documents/repos/ml_ops/venv/lib/python3.10/site-packages/airflow/example_dags/plugins/workday.py
[2025-04-09T10:15:31.203-0400] {processor.py:179} INFO - Processing /Users/sarahrmclaughlin/Documents/repos/ml_ops/venv/lib/python3.10/site-packages/airflow/example_dags/plugins/workday.py took 0.048 seconds
[2025-04-09T10:16:59.513-0400] {processor.py:157} INFO - Started process (PID=28867) to work on /Users/sarahrmclaughlin/Documents/repos/ml_ops/venv/lib/python3.10/site-packages/airflow/example_dags/plugins/workday.py
[2025-04-09T10:16:59.516-0400] {processor.py:829} INFO - Processing file /Users/sarahrmclaughlin/Documents/repos/ml_ops/venv/lib/python3.10/site-packages/airflow/example_dags/plugins/workday.py for tasks to queue
[2025-04-09T10:16:59.517-0400] {logging_mixin.py:151} INFO - [2025-04-09T10:16:59.517-0400] {dagbag.py:539} INFO - Filling up the DagBag from /Users/sarahrmclaughlin/Documents/repos/ml_ops/venv/lib/python3.10/site-packages/airflow/example_dags/plugins/workday.py
[2025-04-09T10:16:59.518-0400] {logging_mixin.py:151} INFO - [2025-04-09T10:16:59.518-0400] {workday.py:36} WARNING - Could not import pandas. Holidays will not be considered.
[2025-04-09T10:16:59.518-0400] {processor.py:841} WARNING - No viable dags retrieved from /Users/sarahrmclaughlin/Documents/repos/ml_ops/venv/lib/python3.10/site-packages/airflow/example_dags/plugins/workday.py
[2025-04-09T10:16:59.563-0400] {processor.py:179} INFO - Processing /Users/sarahrmclaughlin/Documents/repos/ml_ops/venv/lib/python3.10/site-packages/airflow/example_dags/plugins/workday.py took 0.050 seconds
[2025-04-09T10:17:53.191-0400] {processor.py:157} INFO - Started process (PID=29134) to work on /Users/sarahrmclaughlin/Documents/repos/ml_ops/venv/lib/python3.10/site-packages/airflow/example_dags/plugins/workday.py
[2025-04-09T10:17:53.194-0400] {processor.py:829} INFO - Processing file /Users/sarahrmclaughlin/Documents/repos/ml_ops/venv/lib/python3.10/site-packages/airflow/example_dags/plugins/workday.py for tasks to queue
[2025-04-09T10:17:53.194-0400] {logging_mixin.py:151} INFO - [2025-04-09T10:17:53.194-0400] {dagbag.py:539} INFO - Filling up the DagBag from /Users/sarahrmclaughlin/Documents/repos/ml_ops/venv/lib/python3.10/site-packages/airflow/example_dags/plugins/workday.py
[2025-04-09T10:17:53.195-0400] {logging_mixin.py:151} INFO - [2025-04-09T10:17:53.195-0400] {workday.py:36} WARNING - Could not import pandas. Holidays will not be considered.
[2025-04-09T10:17:53.195-0400] {processor.py:841} WARNING - No viable dags retrieved from /Users/sarahrmclaughlin/Documents/repos/ml_ops/venv/lib/python3.10/site-packages/airflow/example_dags/plugins/workday.py
[2025-04-09T10:17:53.239-0400] {processor.py:179} INFO - Processing /Users/sarahrmclaughlin/Documents/repos/ml_ops/venv/lib/python3.10/site-packages/airflow/example_dags/plugins/workday.py took 0.048 seconds
[2025-04-09T10:18:49.054-0400] {processor.py:157} INFO - Started process (PID=29262) to work on /Users/sarahrmclaughlin/Documents/repos/ml_ops/venv/lib/python3.10/site-packages/airflow/example_dags/plugins/workday.py
[2025-04-09T10:18:49.057-0400] {processor.py:829} INFO - Processing file /Users/sarahrmclaughlin/Documents/repos/ml_ops/venv/lib/python3.10/site-packages/airflow/example_dags/plugins/workday.py for tasks to queue
[2025-04-09T10:18:49.057-0400] {logging_mixin.py:151} INFO - [2025-04-09T10:18:49.057-0400] {dagbag.py:539} INFO - Filling up the DagBag from /Users/sarahrmclaughlin/Documents/repos/ml_ops/venv/lib/python3.10/site-packages/airflow/example_dags/plugins/workday.py
[2025-04-09T10:18:49.058-0400] {logging_mixin.py:151} INFO - [2025-04-09T10:18:49.058-0400] {workday.py:36} WARNING - Could not import pandas. Holidays will not be considered.
[2025-04-09T10:18:49.058-0400] {processor.py:841} WARNING - No viable dags retrieved from /Users/sarahrmclaughlin/Documents/repos/ml_ops/venv/lib/python3.10/site-packages/airflow/example_dags/plugins/workday.py
[2025-04-09T10:18:49.099-0400] {processor.py:179} INFO - Processing /Users/sarahrmclaughlin/Documents/repos/ml_ops/venv/lib/python3.10/site-packages/airflow/example_dags/plugins/workday.py took 0.046 seconds
[2025-04-09T10:19:45.062-0400] {processor.py:157} INFO - Started process (PID=29450) to work on /Users/sarahrmclaughlin/Documents/repos/ml_ops/venv/lib/python3.10/site-packages/airflow/example_dags/plugins/workday.py
[2025-04-09T10:19:45.065-0400] {processor.py:829} INFO - Processing file /Users/sarahrmclaughlin/Documents/repos/ml_ops/venv/lib/python3.10/site-packages/airflow/example_dags/plugins/workday.py for tasks to queue
[2025-04-09T10:19:45.065-0400] {logging_mixin.py:151} INFO - [2025-04-09T10:19:45.065-0400] {dagbag.py:539} INFO - Filling up the DagBag from /Users/sarahrmclaughlin/Documents/repos/ml_ops/venv/lib/python3.10/site-packages/airflow/example_dags/plugins/workday.py
[2025-04-09T10:19:45.066-0400] {logging_mixin.py:151} INFO - [2025-04-09T10:19:45.066-0400] {workday.py:36} WARNING - Could not import pandas. Holidays will not be considered.
[2025-04-09T10:19:45.066-0400] {processor.py:841} WARNING - No viable dags retrieved from /Users/sarahrmclaughlin/Documents/repos/ml_ops/venv/lib/python3.10/site-packages/airflow/example_dags/plugins/workday.py
[2025-04-09T10:19:45.110-0400] {processor.py:179} INFO - Processing /Users/sarahrmclaughlin/Documents/repos/ml_ops/venv/lib/python3.10/site-packages/airflow/example_dags/plugins/workday.py took 0.048 seconds
[2025-04-09T10:20:39.492-0400] {processor.py:157} INFO - Started process (PID=29566) to work on /Users/sarahrmclaughlin/Documents/repos/ml_ops/venv/lib/python3.10/site-packages/airflow/example_dags/plugins/workday.py
[2025-04-09T10:20:39.495-0400] {processor.py:829} INFO - Processing file /Users/sarahrmclaughlin/Documents/repos/ml_ops/venv/lib/python3.10/site-packages/airflow/example_dags/plugins/workday.py for tasks to queue
[2025-04-09T10:20:39.495-0400] {logging_mixin.py:151} INFO - [2025-04-09T10:20:39.495-0400] {dagbag.py:539} INFO - Filling up the DagBag from /Users/sarahrmclaughlin/Documents/repos/ml_ops/venv/lib/python3.10/site-packages/airflow/example_dags/plugins/workday.py
[2025-04-09T10:20:39.496-0400] {logging_mixin.py:151} INFO - [2025-04-09T10:20:39.496-0400] {workday.py:36} WARNING - Could not import pandas. Holidays will not be considered.
[2025-04-09T10:20:39.496-0400] {processor.py:841} WARNING - No viable dags retrieved from /Users/sarahrmclaughlin/Documents/repos/ml_ops/venv/lib/python3.10/site-packages/airflow/example_dags/plugins/workday.py
[2025-04-09T10:20:39.543-0400] {processor.py:179} INFO - Processing /Users/sarahrmclaughlin/Documents/repos/ml_ops/venv/lib/python3.10/site-packages/airflow/example_dags/plugins/workday.py took 0.051 seconds
[2025-04-09T10:21:08.495-0400] {processor.py:157} INFO - Started process (PID=29634) to work on /Users/sarahrmclaughlin/Documents/repos/ml_ops/venv/lib/python3.10/site-packages/airflow/example_dags/plugins/workday.py
[2025-04-09T10:21:08.499-0400] {processor.py:829} INFO - Processing file /Users/sarahrmclaughlin/Documents/repos/ml_ops/venv/lib/python3.10/site-packages/airflow/example_dags/plugins/workday.py for tasks to queue
[2025-04-09T10:21:08.499-0400] {logging_mixin.py:151} INFO - [2025-04-09T10:21:08.499-0400] {dagbag.py:539} INFO - Filling up the DagBag from /Users/sarahrmclaughlin/Documents/repos/ml_ops/venv/lib/python3.10/site-packages/airflow/example_dags/plugins/workday.py
[2025-04-09T10:21:08.500-0400] {logging_mixin.py:151} INFO - [2025-04-09T10:21:08.499-0400] {workday.py:36} WARNING - Could not import pandas. Holidays will not be considered.
[2025-04-09T10:21:08.500-0400] {processor.py:841} WARNING - No viable dags retrieved from /Users/sarahrmclaughlin/Documents/repos/ml_ops/venv/lib/python3.10/site-packages/airflow/example_dags/plugins/workday.py
[2025-04-09T10:21:08.545-0400] {processor.py:179} INFO - Processing /Users/sarahrmclaughlin/Documents/repos/ml_ops/venv/lib/python3.10/site-packages/airflow/example_dags/plugins/workday.py took 0.050 seconds
