[2025-04-09T10:15:53.060-0400] {processor.py:157} INFO - Started process (PID=28725) to work on /Users/sarahrmclaughlin/Documents/repos/ml_ops/venv/lib/python3.10/site-packages/airflow/example_dags/example_task_group_decorator.py
[2025-04-09T10:15:53.062-0400] {processor.py:829} INFO - Processing file /Users/sarahrmclaughlin/Documents/repos/ml_ops/venv/lib/python3.10/site-packages/airflow/example_dags/example_task_group_decorator.py for tasks to queue
[2025-04-09T10:15:53.063-0400] {logging_mixin.py:151} INFO - [2025-04-09T10:15:53.063-0400] {dagbag.py:539} INFO - Filling up the DagBag from /Users/sarahrmclaughlin/Documents/repos/ml_ops/venv/lib/python3.10/site-packages/airflow/example_dags/example_task_group_decorator.py
[2025-04-09T10:15:53.087-0400] {processor.py:839} INFO - DAG(s) dict_keys(['example_task_group_decorator']) retrieved from /Users/sarahrmclaughlin/Documents/repos/ml_ops/venv/lib/python3.10/site-packages/airflow/example_dags/example_task_group_decorator.py
[2025-04-09T10:15:53.312-0400] {logging_mixin.py:151} INFO - [2025-04-09T10:15:53.312-0400] {configuration.py:1212} ERROR - No module named 'airflow.providers.fab'
[2025-04-09T10:15:53.313-0400] {logging_mixin.py:151} INFO - [2025-04-09T10:15:53.312-0400] {dagbag.py:647} ERROR - Failed to write serialized DAG: /Users/sarahrmclaughlin/Documents/repos/ml_ops/venv/lib/python3.10/site-packages/airflow/example_dags/example_task_group_decorator.py
Traceback (most recent call last):
  File "/Users/sarahrmclaughlin/Documents/repos/ml_ops/venv/lib/python3.10/site-packages/airflow/configuration.py", line 1210, in getimport
    return import_string(full_qualified_path)
  File "/Users/sarahrmclaughlin/Documents/repos/ml_ops/venv/lib/python3.10/site-packages/airflow/utils/module_loading.py", line 37, in import_string
    module = import_module(module_path)
  File "/opt/homebrew/Cellar/python@3.10/3.10.17/Frameworks/Python.framework/Versions/3.10/lib/python3.10/importlib/__init__.py", line 126, in import_module
    return _bootstrap._gcd_import(name[level:], package, level)
  File "<frozen importlib._bootstrap>", line 1050, in _gcd_import
  File "<frozen importlib._bootstrap>", line 1027, in _find_and_load
  File "<frozen importlib._bootstrap>", line 992, in _find_and_load_unlocked
  File "<frozen importlib._bootstrap>", line 241, in _call_with_frames_removed
  File "<frozen importlib._bootstrap>", line 1050, in _gcd_import
  File "<frozen importlib._bootstrap>", line 1027, in _find_and_load
  File "<frozen importlib._bootstrap>", line 992, in _find_and_load_unlocked
  File "<frozen importlib._bootstrap>", line 241, in _call_with_frames_removed
  File "<frozen importlib._bootstrap>", line 1050, in _gcd_import
  File "<frozen importlib._bootstrap>", line 1027, in _find_and_load
  File "<frozen importlib._bootstrap>", line 1004, in _find_and_load_unlocked
ModuleNotFoundError: No module named 'airflow.providers.fab'

During handling of the above exception, another exception occurred:

Traceback (most recent call last):
  File "/Users/sarahrmclaughlin/Documents/repos/ml_ops/venv/lib/python3.10/site-packages/airflow/models/dagbag.py", line 642, in _serialize_dag_capturing_errors
    DagBag._sync_perm_for_dag(dag, session=session)
  File "/Users/sarahrmclaughlin/Documents/repos/ml_ops/venv/lib/python3.10/site-packages/airflow/utils/session.py", line 74, in wrapper
    return func(*args, **kwargs)
  File "/Users/sarahrmclaughlin/Documents/repos/ml_ops/venv/lib/python3.10/site-packages/airflow/models/dagbag.py", line 693, in _sync_perm_for_dag
    from airflow.www.security import ApplessAirflowSecurityManager
  File "/Users/sarahrmclaughlin/Documents/repos/ml_ops/venv/lib/python3.10/site-packages/airflow/www/security.py", line 64, in <module>
    SecurityManagerOverride = get_auth_manager().get_security_manager_override_class()
  File "/Users/sarahrmclaughlin/Documents/repos/ml_ops/venv/lib/python3.10/site-packages/airflow/www/extensions/init_auth_manager.py", line 36, in get_auth_manager
    auth_manager_cls = conf.getimport(section="core", key="auth_manager")
  File "/Users/sarahrmclaughlin/Documents/repos/ml_ops/venv/lib/python3.10/site-packages/airflow/configuration.py", line 1213, in getimport
    raise AirflowConfigException(
airflow.exceptions.AirflowConfigException: The object could not be loaded. Please check "auth_manager" key in "core" section. Current value: "airflow.providers.fab.auth_manager.fab_auth_manager.FabAuthManager".
[2025-04-09T10:15:53.313-0400] {logging_mixin.py:151} INFO - [2025-04-09T10:15:53.313-0400] {dag.py:2907} INFO - Sync 1 DAGs
[2025-04-09T10:15:53.316-0400] {logging_mixin.py:151} INFO - [2025-04-09T10:15:53.316-0400] {dag.py:2929} INFO - Creating ORM DAG for example_task_group_decorator
[2025-04-09T10:15:53.320-0400] {logging_mixin.py:151} INFO - [2025-04-09T10:15:53.320-0400] {dag.py:3677} INFO - Setting next_dagrun for example_task_group_decorator to 2025-04-08T14:15:53.320251+00:00, run_after=2025-04-09T14:15:53.320251+00:00
[2025-04-09T10:15:53.812-0400] {logging_mixin.py:151} INFO - [2025-04-09T10:15:53.811-0400] {dagbag.py:647} ERROR - Failed to write serialized DAG: /Users/sarahrmclaughlin/Documents/repos/ml_ops/venv/lib/python3.10/site-packages/airflow/example_dags/example_task_group_decorator.py
Traceback (most recent call last):
  File "/Users/sarahrmclaughlin/Documents/repos/ml_ops/venv/lib/python3.10/site-packages/airflow/models/dagbag.py", line 636, in _serialize_dag_capturing_errors
    dag_was_updated = SerializedDagModel.write_dag(
  File "/Users/sarahrmclaughlin/Documents/repos/ml_ops/venv/lib/python3.10/site-packages/airflow/utils/session.py", line 74, in wrapper
    return func(*args, **kwargs)
  File "/Users/sarahrmclaughlin/Documents/repos/ml_ops/venv/lib/python3.10/site-packages/airflow/models/serialized_dag.py", line 147, in write_dag
    if session.scalar(
  File "/Users/sarahrmclaughlin/Documents/repos/ml_ops/venv/lib/python3.10/site-packages/sqlalchemy/orm/session.py", line 1747, in scalar
    return self.execute(
  File "/Users/sarahrmclaughlin/Documents/repos/ml_ops/venv/lib/python3.10/site-packages/sqlalchemy/orm/session.py", line 1716, in execute
    conn = self._connection_for_bind(bind)
  File "/Users/sarahrmclaughlin/Documents/repos/ml_ops/venv/lib/python3.10/site-packages/sqlalchemy/orm/session.py", line 1555, in _connection_for_bind
    return self._transaction._connection_for_bind(
  File "/Users/sarahrmclaughlin/Documents/repos/ml_ops/venv/lib/python3.10/site-packages/sqlalchemy/orm/session.py", line 724, in _connection_for_bind
    self._assert_active()
  File "/Users/sarahrmclaughlin/Documents/repos/ml_ops/venv/lib/python3.10/site-packages/sqlalchemy/orm/session.py", line 604, in _assert_active
    raise sa_exc.PendingRollbackError(
sqlalchemy.exc.PendingRollbackError: This Session's transaction has been rolled back due to a previous exception during flush. To begin a new transaction with this Session, first issue Session.rollback(). Original exception was: (sqlite3.IntegrityError) NOT NULL constraint failed: dag.max_consecutive_failed_dag_runs
[SQL: INSERT INTO dag (dag_id, root_dag_id, is_paused, is_subdag, is_active, last_parsed_time, last_pickled, last_expired, scheduler_lock, pickle_id, fileloc, processor_subdir, owners, description, default_view, schedule_interval, timetable_description, max_active_tasks, max_active_runs, has_task_concurrency_limits, has_import_errors, next_dagrun, next_dagrun_data_interval_start, next_dagrun_data_interval_end, next_dagrun_create_after) VALUES (?, ?, ?, ?, ?, ?, ?, ?, ?, ?, ?, ?, ?, ?, ?, ?, ?, ?, ?, ?, ?, ?, ?, ?, ?)]
[parameters: ('example_task_group_decorator', None, 1, 0, 1, '2025-04-09 14:15:53.320216', None, None, None, None, '/Users/sarahrmclaughlin/Documents/repos/ml_ops/venv/lib/python3.10/site-packages/airflow/example_dags/example_task_group_decorator.py', '/Users/sarahrmclaughlin/Documents/repos/ml_ops/airflow/dags', 'airflow', None, 'grid', '{"type": "timedelta", "attrs": {"days": 1, "seconds": 0, "microseconds": 0}}', '', 16, 16, 0, 0, '2025-04-08 14:15:53.320251', '2025-04-08 14:15:53.320251', '2025-04-09 14:15:53.320251', '2025-04-09 14:15:53.320251')]
(Background on this error at: https://sqlalche.me/e/14/gkpj) (Background on this error at: https://sqlalche.me/e/14/7s2a)
[2025-04-09T10:15:53.812-0400] {logging_mixin.py:151} INFO - [2025-04-09T10:15:53.812-0400] {dag.py:2907} INFO - Sync 1 DAGs
[2025-04-09T10:15:53.813-0400] {processor.py:182} ERROR - Got an exception! Propagating...
Traceback (most recent call last):
  File "/Users/sarahrmclaughlin/Documents/repos/ml_ops/venv/lib/python3.10/site-packages/airflow/dag_processing/processor.py", line 178, in _run_file_processor
    _handle_dag_file_processing()
  File "/Users/sarahrmclaughlin/Documents/repos/ml_ops/venv/lib/python3.10/site-packages/airflow/dag_processing/processor.py", line 159, in _handle_dag_file_processing
    result: tuple[int, int] = dag_file_processor.process_file(
  File "/Users/sarahrmclaughlin/Documents/repos/ml_ops/venv/lib/python3.10/site-packages/airflow/utils/session.py", line 77, in wrapper
    return func(*args, session=session, **kwargs)
  File "/Users/sarahrmclaughlin/Documents/repos/ml_ops/venv/lib/python3.10/site-packages/airflow/dag_processing/processor.py", line 857, in process_file
    serialize_errors = DagFileProcessor.save_dag_to_db(
  File "/Users/sarahrmclaughlin/Documents/repos/ml_ops/venv/lib/python3.10/site-packages/airflow/api_internal/internal_api_call.py", line 112, in wrapper
    return func(*args, **kwargs)
  File "/Users/sarahrmclaughlin/Documents/repos/ml_ops/venv/lib/python3.10/site-packages/airflow/utils/session.py", line 77, in wrapper
    return func(*args, session=session, **kwargs)
  File "/Users/sarahrmclaughlin/Documents/repos/ml_ops/venv/lib/python3.10/site-packages/airflow/dag_processing/processor.py", line 893, in save_dag_to_db
    import_errors = DagBag._sync_to_db(dags=dags, processor_subdir=dag_directory, session=session)
  File "/Users/sarahrmclaughlin/Documents/repos/ml_ops/venv/lib/python3.10/site-packages/airflow/utils/session.py", line 74, in wrapper
    return func(*args, **kwargs)
  File "/Users/sarahrmclaughlin/Documents/repos/ml_ops/venv/lib/python3.10/site-packages/airflow/models/dagbag.py", line 657, in _sync_to_db
    for attempt in run_with_db_retries(logger=log):
  File "/Users/sarahrmclaughlin/Documents/repos/ml_ops/venv/lib/python3.10/site-packages/tenacity/__init__.py", line 347, in __iter__
    do = self.iter(retry_state=retry_state)
  File "/Users/sarahrmclaughlin/Documents/repos/ml_ops/venv/lib/python3.10/site-packages/tenacity/__init__.py", line 314, in iter
    return fut.result()
  File "/opt/homebrew/Cellar/python@3.10/3.10.17/Frameworks/Python.framework/Versions/3.10/lib/python3.10/concurrent/futures/_base.py", line 451, in result
    return self.__get_result()
  File "/opt/homebrew/Cellar/python@3.10/3.10.17/Frameworks/Python.framework/Versions/3.10/lib/python3.10/concurrent/futures/_base.py", line 403, in __get_result
    raise self._exception
  File "/Users/sarahrmclaughlin/Documents/repos/ml_ops/venv/lib/python3.10/site-packages/airflow/models/dagbag.py", line 671, in _sync_to_db
    DAG.bulk_write_to_db(dags.values(), processor_subdir=processor_subdir, session=session)
  File "/Users/sarahrmclaughlin/Documents/repos/ml_ops/venv/lib/python3.10/site-packages/airflow/utils/session.py", line 74, in wrapper
    return func(*args, **kwargs)
  File "/Users/sarahrmclaughlin/Documents/repos/ml_ops/venv/lib/python3.10/site-packages/airflow/models/dag.py", line 2919, in bulk_write_to_db
    orm_dags: list[DagModel] = session.scalars(query).unique().all()
  File "/Users/sarahrmclaughlin/Documents/repos/ml_ops/venv/lib/python3.10/site-packages/sqlalchemy/orm/session.py", line 1778, in scalars
    return self.execute(
  File "/Users/sarahrmclaughlin/Documents/repos/ml_ops/venv/lib/python3.10/site-packages/sqlalchemy/orm/session.py", line 1716, in execute
    conn = self._connection_for_bind(bind)
  File "/Users/sarahrmclaughlin/Documents/repos/ml_ops/venv/lib/python3.10/site-packages/sqlalchemy/orm/session.py", line 1555, in _connection_for_bind
    return self._transaction._connection_for_bind(
  File "/Users/sarahrmclaughlin/Documents/repos/ml_ops/venv/lib/python3.10/site-packages/sqlalchemy/orm/session.py", line 724, in _connection_for_bind
    self._assert_active()
  File "/Users/sarahrmclaughlin/Documents/repos/ml_ops/venv/lib/python3.10/site-packages/sqlalchemy/orm/session.py", line 604, in _assert_active
    raise sa_exc.PendingRollbackError(
sqlalchemy.exc.PendingRollbackError: This Session's transaction has been rolled back due to a previous exception during flush. To begin a new transaction with this Session, first issue Session.rollback(). Original exception was: (sqlite3.IntegrityError) NOT NULL constraint failed: dag.max_consecutive_failed_dag_runs
[SQL: INSERT INTO dag (dag_id, root_dag_id, is_paused, is_subdag, is_active, last_parsed_time, last_pickled, last_expired, scheduler_lock, pickle_id, fileloc, processor_subdir, owners, description, default_view, schedule_interval, timetable_description, max_active_tasks, max_active_runs, has_task_concurrency_limits, has_import_errors, next_dagrun, next_dagrun_data_interval_start, next_dagrun_data_interval_end, next_dagrun_create_after) VALUES (?, ?, ?, ?, ?, ?, ?, ?, ?, ?, ?, ?, ?, ?, ?, ?, ?, ?, ?, ?, ?, ?, ?, ?, ?)]
[parameters: ('example_task_group_decorator', None, 1, 0, 1, '2025-04-09 14:15:53.320216', None, None, None, None, '/Users/sarahrmclaughlin/Documents/repos/ml_ops/venv/lib/python3.10/site-packages/airflow/example_dags/example_task_group_decorator.py', '/Users/sarahrmclaughlin/Documents/repos/ml_ops/airflow/dags', 'airflow', None, 'grid', '{"type": "timedelta", "attrs": {"days": 1, "seconds": 0, "microseconds": 0}}', '', 16, 16, 0, 0, '2025-04-08 14:15:53.320251', '2025-04-08 14:15:53.320251', '2025-04-09 14:15:53.320251', '2025-04-09 14:15:53.320251')]
(Background on this error at: https://sqlalche.me/e/14/gkpj) (Background on this error at: https://sqlalche.me/e/14/7s2a)
[2025-04-09T10:17:19.844-0400] {processor.py:157} INFO - Started process (PID=28996) to work on /Users/sarahrmclaughlin/Documents/repos/ml_ops/venv/lib/python3.10/site-packages/airflow/example_dags/example_task_group_decorator.py
[2025-04-09T10:17:19.848-0400] {processor.py:829} INFO - Processing file /Users/sarahrmclaughlin/Documents/repos/ml_ops/venv/lib/python3.10/site-packages/airflow/example_dags/example_task_group_decorator.py for tasks to queue
[2025-04-09T10:17:19.848-0400] {logging_mixin.py:151} INFO - [2025-04-09T10:17:19.848-0400] {dagbag.py:539} INFO - Filling up the DagBag from /Users/sarahrmclaughlin/Documents/repos/ml_ops/venv/lib/python3.10/site-packages/airflow/example_dags/example_task_group_decorator.py
[2025-04-09T10:17:19.869-0400] {processor.py:839} INFO - DAG(s) dict_keys(['example_task_group_decorator']) retrieved from /Users/sarahrmclaughlin/Documents/repos/ml_ops/venv/lib/python3.10/site-packages/airflow/example_dags/example_task_group_decorator.py
[2025-04-09T10:17:20.073-0400] {logging_mixin.py:151} INFO - [2025-04-09T10:17:20.073-0400] {configuration.py:1212} ERROR - No module named 'airflow.providers.fab'
[2025-04-09T10:17:20.074-0400] {logging_mixin.py:151} INFO - [2025-04-09T10:17:20.074-0400] {dagbag.py:647} ERROR - Failed to write serialized DAG: /Users/sarahrmclaughlin/Documents/repos/ml_ops/venv/lib/python3.10/site-packages/airflow/example_dags/example_task_group_decorator.py
Traceback (most recent call last):
  File "/Users/sarahrmclaughlin/Documents/repos/ml_ops/venv/lib/python3.10/site-packages/airflow/configuration.py", line 1210, in getimport
    return import_string(full_qualified_path)
  File "/Users/sarahrmclaughlin/Documents/repos/ml_ops/venv/lib/python3.10/site-packages/airflow/utils/module_loading.py", line 37, in import_string
    module = import_module(module_path)
  File "/opt/homebrew/Cellar/python@3.10/3.10.17/Frameworks/Python.framework/Versions/3.10/lib/python3.10/importlib/__init__.py", line 126, in import_module
    return _bootstrap._gcd_import(name[level:], package, level)
  File "<frozen importlib._bootstrap>", line 1050, in _gcd_import
  File "<frozen importlib._bootstrap>", line 1027, in _find_and_load
  File "<frozen importlib._bootstrap>", line 992, in _find_and_load_unlocked
  File "<frozen importlib._bootstrap>", line 241, in _call_with_frames_removed
  File "<frozen importlib._bootstrap>", line 1050, in _gcd_import
  File "<frozen importlib._bootstrap>", line 1027, in _find_and_load
  File "<frozen importlib._bootstrap>", line 992, in _find_and_load_unlocked
  File "<frozen importlib._bootstrap>", line 241, in _call_with_frames_removed
  File "<frozen importlib._bootstrap>", line 1050, in _gcd_import
  File "<frozen importlib._bootstrap>", line 1027, in _find_and_load
  File "<frozen importlib._bootstrap>", line 1004, in _find_and_load_unlocked
ModuleNotFoundError: No module named 'airflow.providers.fab'

During handling of the above exception, another exception occurred:

Traceback (most recent call last):
  File "/Users/sarahrmclaughlin/Documents/repos/ml_ops/venv/lib/python3.10/site-packages/airflow/models/dagbag.py", line 642, in _serialize_dag_capturing_errors
    DagBag._sync_perm_for_dag(dag, session=session)
  File "/Users/sarahrmclaughlin/Documents/repos/ml_ops/venv/lib/python3.10/site-packages/airflow/utils/session.py", line 74, in wrapper
    return func(*args, **kwargs)
  File "/Users/sarahrmclaughlin/Documents/repos/ml_ops/venv/lib/python3.10/site-packages/airflow/models/dagbag.py", line 693, in _sync_perm_for_dag
    from airflow.www.security import ApplessAirflowSecurityManager
  File "/Users/sarahrmclaughlin/Documents/repos/ml_ops/venv/lib/python3.10/site-packages/airflow/www/security.py", line 64, in <module>
    SecurityManagerOverride = get_auth_manager().get_security_manager_override_class()
  File "/Users/sarahrmclaughlin/Documents/repos/ml_ops/venv/lib/python3.10/site-packages/airflow/www/extensions/init_auth_manager.py", line 36, in get_auth_manager
    auth_manager_cls = conf.getimport(section="core", key="auth_manager")
  File "/Users/sarahrmclaughlin/Documents/repos/ml_ops/venv/lib/python3.10/site-packages/airflow/configuration.py", line 1213, in getimport
    raise AirflowConfigException(
airflow.exceptions.AirflowConfigException: The object could not be loaded. Please check "auth_manager" key in "core" section. Current value: "airflow.providers.fab.auth_manager.fab_auth_manager.FabAuthManager".
[2025-04-09T10:17:20.075-0400] {logging_mixin.py:151} INFO - [2025-04-09T10:17:20.074-0400] {dag.py:2907} INFO - Sync 1 DAGs
[2025-04-09T10:17:20.078-0400] {logging_mixin.py:151} INFO - [2025-04-09T10:17:20.078-0400] {dag.py:2929} INFO - Creating ORM DAG for example_task_group_decorator
[2025-04-09T10:17:20.082-0400] {logging_mixin.py:151} INFO - [2025-04-09T10:17:20.082-0400] {dag.py:3677} INFO - Setting next_dagrun for example_task_group_decorator to 2025-04-08T14:17:20.082184+00:00, run_after=2025-04-09T14:17:20.082184+00:00
[2025-04-09T10:17:20.088-0400] {logging_mixin.py:151} INFO - [2025-04-09T10:17:20.088-0400] {dagbag.py:647} ERROR - Failed to write serialized DAG: /Users/sarahrmclaughlin/Documents/repos/ml_ops/venv/lib/python3.10/site-packages/airflow/example_dags/example_task_group_decorator.py
Traceback (most recent call last):
  File "/Users/sarahrmclaughlin/Documents/repos/ml_ops/venv/lib/python3.10/site-packages/airflow/models/dagbag.py", line 636, in _serialize_dag_capturing_errors
    dag_was_updated = SerializedDagModel.write_dag(
  File "/Users/sarahrmclaughlin/Documents/repos/ml_ops/venv/lib/python3.10/site-packages/airflow/utils/session.py", line 74, in wrapper
    return func(*args, **kwargs)
  File "/Users/sarahrmclaughlin/Documents/repos/ml_ops/venv/lib/python3.10/site-packages/airflow/models/serialized_dag.py", line 147, in write_dag
    if session.scalar(
  File "/Users/sarahrmclaughlin/Documents/repos/ml_ops/venv/lib/python3.10/site-packages/sqlalchemy/orm/session.py", line 1747, in scalar
    return self.execute(
  File "/Users/sarahrmclaughlin/Documents/repos/ml_ops/venv/lib/python3.10/site-packages/sqlalchemy/orm/session.py", line 1716, in execute
    conn = self._connection_for_bind(bind)
  File "/Users/sarahrmclaughlin/Documents/repos/ml_ops/venv/lib/python3.10/site-packages/sqlalchemy/orm/session.py", line 1555, in _connection_for_bind
    return self._transaction._connection_for_bind(
  File "/Users/sarahrmclaughlin/Documents/repos/ml_ops/venv/lib/python3.10/site-packages/sqlalchemy/orm/session.py", line 724, in _connection_for_bind
    self._assert_active()
  File "/Users/sarahrmclaughlin/Documents/repos/ml_ops/venv/lib/python3.10/site-packages/sqlalchemy/orm/session.py", line 604, in _assert_active
    raise sa_exc.PendingRollbackError(
sqlalchemy.exc.PendingRollbackError: This Session's transaction has been rolled back due to a previous exception during flush. To begin a new transaction with this Session, first issue Session.rollback(). Original exception was: (sqlite3.IntegrityError) NOT NULL constraint failed: dag.max_consecutive_failed_dag_runs
[SQL: INSERT INTO dag (dag_id, root_dag_id, is_paused, is_subdag, is_active, last_parsed_time, last_pickled, last_expired, scheduler_lock, pickle_id, fileloc, processor_subdir, owners, description, default_view, schedule_interval, timetable_description, max_active_tasks, max_active_runs, has_task_concurrency_limits, has_import_errors, next_dagrun, next_dagrun_data_interval_start, next_dagrun_data_interval_end, next_dagrun_create_after) VALUES (?, ?, ?, ?, ?, ?, ?, ?, ?, ?, ?, ?, ?, ?, ?, ?, ?, ?, ?, ?, ?, ?, ?, ?, ?)]
[parameters: ('example_task_group_decorator', None, 1, 0, 1, '2025-04-09 14:17:20.082146', None, None, None, None, '/Users/sarahrmclaughlin/Documents/repos/ml_ops/venv/lib/python3.10/site-packages/airflow/example_dags/example_task_group_decorator.py', '/Users/sarahrmclaughlin/Documents/repos/ml_ops/airflow/dags', 'airflow', None, 'grid', '{"type": "timedelta", "attrs": {"days": 1, "seconds": 0, "microseconds": 0}}', '', 16, 16, 0, 0, '2025-04-08 14:17:20.082184', '2025-04-08 14:17:20.082184', '2025-04-09 14:17:20.082184', '2025-04-09 14:17:20.082184')]
(Background on this error at: https://sqlalche.me/e/14/gkpj) (Background on this error at: https://sqlalche.me/e/14/7s2a)
[2025-04-09T10:17:20.089-0400] {logging_mixin.py:151} INFO - [2025-04-09T10:17:20.089-0400] {dag.py:2907} INFO - Sync 1 DAGs
[2025-04-09T10:17:20.089-0400] {processor.py:182} ERROR - Got an exception! Propagating...
Traceback (most recent call last):
  File "/Users/sarahrmclaughlin/Documents/repos/ml_ops/venv/lib/python3.10/site-packages/airflow/dag_processing/processor.py", line 178, in _run_file_processor
    _handle_dag_file_processing()
  File "/Users/sarahrmclaughlin/Documents/repos/ml_ops/venv/lib/python3.10/site-packages/airflow/dag_processing/processor.py", line 159, in _handle_dag_file_processing
    result: tuple[int, int] = dag_file_processor.process_file(
  File "/Users/sarahrmclaughlin/Documents/repos/ml_ops/venv/lib/python3.10/site-packages/airflow/utils/session.py", line 77, in wrapper
    return func(*args, session=session, **kwargs)
  File "/Users/sarahrmclaughlin/Documents/repos/ml_ops/venv/lib/python3.10/site-packages/airflow/dag_processing/processor.py", line 857, in process_file
    serialize_errors = DagFileProcessor.save_dag_to_db(
  File "/Users/sarahrmclaughlin/Documents/repos/ml_ops/venv/lib/python3.10/site-packages/airflow/api_internal/internal_api_call.py", line 112, in wrapper
    return func(*args, **kwargs)
  File "/Users/sarahrmclaughlin/Documents/repos/ml_ops/venv/lib/python3.10/site-packages/airflow/utils/session.py", line 77, in wrapper
    return func(*args, session=session, **kwargs)
  File "/Users/sarahrmclaughlin/Documents/repos/ml_ops/venv/lib/python3.10/site-packages/airflow/dag_processing/processor.py", line 893, in save_dag_to_db
    import_errors = DagBag._sync_to_db(dags=dags, processor_subdir=dag_directory, session=session)
  File "/Users/sarahrmclaughlin/Documents/repos/ml_ops/venv/lib/python3.10/site-packages/airflow/utils/session.py", line 74, in wrapper
    return func(*args, **kwargs)
  File "/Users/sarahrmclaughlin/Documents/repos/ml_ops/venv/lib/python3.10/site-packages/airflow/models/dagbag.py", line 657, in _sync_to_db
    for attempt in run_with_db_retries(logger=log):
  File "/Users/sarahrmclaughlin/Documents/repos/ml_ops/venv/lib/python3.10/site-packages/tenacity/__init__.py", line 347, in __iter__
    do = self.iter(retry_state=retry_state)
  File "/Users/sarahrmclaughlin/Documents/repos/ml_ops/venv/lib/python3.10/site-packages/tenacity/__init__.py", line 314, in iter
    return fut.result()
  File "/opt/homebrew/Cellar/python@3.10/3.10.17/Frameworks/Python.framework/Versions/3.10/lib/python3.10/concurrent/futures/_base.py", line 451, in result
    return self.__get_result()
  File "/opt/homebrew/Cellar/python@3.10/3.10.17/Frameworks/Python.framework/Versions/3.10/lib/python3.10/concurrent/futures/_base.py", line 403, in __get_result
    raise self._exception
  File "/Users/sarahrmclaughlin/Documents/repos/ml_ops/venv/lib/python3.10/site-packages/airflow/models/dagbag.py", line 671, in _sync_to_db
    DAG.bulk_write_to_db(dags.values(), processor_subdir=processor_subdir, session=session)
  File "/Users/sarahrmclaughlin/Documents/repos/ml_ops/venv/lib/python3.10/site-packages/airflow/utils/session.py", line 74, in wrapper
    return func(*args, **kwargs)
  File "/Users/sarahrmclaughlin/Documents/repos/ml_ops/venv/lib/python3.10/site-packages/airflow/models/dag.py", line 2919, in bulk_write_to_db
    orm_dags: list[DagModel] = session.scalars(query).unique().all()
  File "/Users/sarahrmclaughlin/Documents/repos/ml_ops/venv/lib/python3.10/site-packages/sqlalchemy/orm/session.py", line 1778, in scalars
    return self.execute(
  File "/Users/sarahrmclaughlin/Documents/repos/ml_ops/venv/lib/python3.10/site-packages/sqlalchemy/orm/session.py", line 1716, in execute
    conn = self._connection_for_bind(bind)
  File "/Users/sarahrmclaughlin/Documents/repos/ml_ops/venv/lib/python3.10/site-packages/sqlalchemy/orm/session.py", line 1555, in _connection_for_bind
    return self._transaction._connection_for_bind(
  File "/Users/sarahrmclaughlin/Documents/repos/ml_ops/venv/lib/python3.10/site-packages/sqlalchemy/orm/session.py", line 724, in _connection_for_bind
    self._assert_active()
  File "/Users/sarahrmclaughlin/Documents/repos/ml_ops/venv/lib/python3.10/site-packages/sqlalchemy/orm/session.py", line 604, in _assert_active
    raise sa_exc.PendingRollbackError(
sqlalchemy.exc.PendingRollbackError: This Session's transaction has been rolled back due to a previous exception during flush. To begin a new transaction with this Session, first issue Session.rollback(). Original exception was: (sqlite3.IntegrityError) NOT NULL constraint failed: dag.max_consecutive_failed_dag_runs
[SQL: INSERT INTO dag (dag_id, root_dag_id, is_paused, is_subdag, is_active, last_parsed_time, last_pickled, last_expired, scheduler_lock, pickle_id, fileloc, processor_subdir, owners, description, default_view, schedule_interval, timetable_description, max_active_tasks, max_active_runs, has_task_concurrency_limits, has_import_errors, next_dagrun, next_dagrun_data_interval_start, next_dagrun_data_interval_end, next_dagrun_create_after) VALUES (?, ?, ?, ?, ?, ?, ?, ?, ?, ?, ?, ?, ?, ?, ?, ?, ?, ?, ?, ?, ?, ?, ?, ?, ?)]
[parameters: ('example_task_group_decorator', None, 1, 0, 1, '2025-04-09 14:17:20.082146', None, None, None, None, '/Users/sarahrmclaughlin/Documents/repos/ml_ops/venv/lib/python3.10/site-packages/airflow/example_dags/example_task_group_decorator.py', '/Users/sarahrmclaughlin/Documents/repos/ml_ops/airflow/dags', 'airflow', None, 'grid', '{"type": "timedelta", "attrs": {"days": 1, "seconds": 0, "microseconds": 0}}', '', 16, 16, 0, 0, '2025-04-08 14:17:20.082184', '2025-04-08 14:17:20.082184', '2025-04-09 14:17:20.082184', '2025-04-09 14:17:20.082184')]
(Background on this error at: https://sqlalche.me/e/14/gkpj) (Background on this error at: https://sqlalche.me/e/14/7s2a)
[2025-04-09T10:18:15.234-0400] {processor.py:157} INFO - Started process (PID=29177) to work on /Users/sarahrmclaughlin/Documents/repos/ml_ops/venv/lib/python3.10/site-packages/airflow/example_dags/example_task_group_decorator.py
[2025-04-09T10:18:15.237-0400] {processor.py:829} INFO - Processing file /Users/sarahrmclaughlin/Documents/repos/ml_ops/venv/lib/python3.10/site-packages/airflow/example_dags/example_task_group_decorator.py for tasks to queue
[2025-04-09T10:18:15.237-0400] {logging_mixin.py:151} INFO - [2025-04-09T10:18:15.237-0400] {dagbag.py:539} INFO - Filling up the DagBag from /Users/sarahrmclaughlin/Documents/repos/ml_ops/venv/lib/python3.10/site-packages/airflow/example_dags/example_task_group_decorator.py
[2025-04-09T10:18:15.258-0400] {processor.py:839} INFO - DAG(s) dict_keys(['example_task_group_decorator']) retrieved from /Users/sarahrmclaughlin/Documents/repos/ml_ops/venv/lib/python3.10/site-packages/airflow/example_dags/example_task_group_decorator.py
[2025-04-09T10:18:15.471-0400] {logging_mixin.py:151} INFO - [2025-04-09T10:18:15.471-0400] {configuration.py:1212} ERROR - No module named 'airflow.providers.fab'
[2025-04-09T10:18:15.472-0400] {logging_mixin.py:151} INFO - [2025-04-09T10:18:15.471-0400] {dagbag.py:647} ERROR - Failed to write serialized DAG: /Users/sarahrmclaughlin/Documents/repos/ml_ops/venv/lib/python3.10/site-packages/airflow/example_dags/example_task_group_decorator.py
Traceback (most recent call last):
  File "/Users/sarahrmclaughlin/Documents/repos/ml_ops/venv/lib/python3.10/site-packages/airflow/configuration.py", line 1210, in getimport
    return import_string(full_qualified_path)
  File "/Users/sarahrmclaughlin/Documents/repos/ml_ops/venv/lib/python3.10/site-packages/airflow/utils/module_loading.py", line 37, in import_string
    module = import_module(module_path)
  File "/opt/homebrew/Cellar/python@3.10/3.10.17/Frameworks/Python.framework/Versions/3.10/lib/python3.10/importlib/__init__.py", line 126, in import_module
    return _bootstrap._gcd_import(name[level:], package, level)
  File "<frozen importlib._bootstrap>", line 1050, in _gcd_import
  File "<frozen importlib._bootstrap>", line 1027, in _find_and_load
  File "<frozen importlib._bootstrap>", line 992, in _find_and_load_unlocked
  File "<frozen importlib._bootstrap>", line 241, in _call_with_frames_removed
  File "<frozen importlib._bootstrap>", line 1050, in _gcd_import
  File "<frozen importlib._bootstrap>", line 1027, in _find_and_load
  File "<frozen importlib._bootstrap>", line 992, in _find_and_load_unlocked
  File "<frozen importlib._bootstrap>", line 241, in _call_with_frames_removed
  File "<frozen importlib._bootstrap>", line 1050, in _gcd_import
  File "<frozen importlib._bootstrap>", line 1027, in _find_and_load
  File "<frozen importlib._bootstrap>", line 1004, in _find_and_load_unlocked
ModuleNotFoundError: No module named 'airflow.providers.fab'

During handling of the above exception, another exception occurred:

Traceback (most recent call last):
  File "/Users/sarahrmclaughlin/Documents/repos/ml_ops/venv/lib/python3.10/site-packages/airflow/models/dagbag.py", line 642, in _serialize_dag_capturing_errors
    DagBag._sync_perm_for_dag(dag, session=session)
  File "/Users/sarahrmclaughlin/Documents/repos/ml_ops/venv/lib/python3.10/site-packages/airflow/utils/session.py", line 74, in wrapper
    return func(*args, **kwargs)
  File "/Users/sarahrmclaughlin/Documents/repos/ml_ops/venv/lib/python3.10/site-packages/airflow/models/dagbag.py", line 693, in _sync_perm_for_dag
    from airflow.www.security import ApplessAirflowSecurityManager
  File "/Users/sarahrmclaughlin/Documents/repos/ml_ops/venv/lib/python3.10/site-packages/airflow/www/security.py", line 64, in <module>
    SecurityManagerOverride = get_auth_manager().get_security_manager_override_class()
  File "/Users/sarahrmclaughlin/Documents/repos/ml_ops/venv/lib/python3.10/site-packages/airflow/www/extensions/init_auth_manager.py", line 36, in get_auth_manager
    auth_manager_cls = conf.getimport(section="core", key="auth_manager")
  File "/Users/sarahrmclaughlin/Documents/repos/ml_ops/venv/lib/python3.10/site-packages/airflow/configuration.py", line 1213, in getimport
    raise AirflowConfigException(
airflow.exceptions.AirflowConfigException: The object could not be loaded. Please check "auth_manager" key in "core" section. Current value: "airflow.providers.fab.auth_manager.fab_auth_manager.FabAuthManager".
[2025-04-09T10:18:15.472-0400] {logging_mixin.py:151} INFO - [2025-04-09T10:18:15.472-0400] {dag.py:2907} INFO - Sync 1 DAGs
[2025-04-09T10:18:15.476-0400] {logging_mixin.py:151} INFO - [2025-04-09T10:18:15.476-0400] {dag.py:2929} INFO - Creating ORM DAG for example_task_group_decorator
[2025-04-09T10:18:15.479-0400] {logging_mixin.py:151} INFO - [2025-04-09T10:18:15.479-0400] {dag.py:3677} INFO - Setting next_dagrun for example_task_group_decorator to 2025-04-08T14:18:15.479708+00:00, run_after=2025-04-09T14:18:15.479708+00:00
[2025-04-09T10:18:15.823-0400] {logging_mixin.py:151} INFO - [2025-04-09T10:18:15.822-0400] {dagbag.py:647} ERROR - Failed to write serialized DAG: /Users/sarahrmclaughlin/Documents/repos/ml_ops/venv/lib/python3.10/site-packages/airflow/example_dags/example_task_group_decorator.py
Traceback (most recent call last):
  File "/Users/sarahrmclaughlin/Documents/repos/ml_ops/venv/lib/python3.10/site-packages/airflow/models/dagbag.py", line 636, in _serialize_dag_capturing_errors
    dag_was_updated = SerializedDagModel.write_dag(
  File "/Users/sarahrmclaughlin/Documents/repos/ml_ops/venv/lib/python3.10/site-packages/airflow/utils/session.py", line 74, in wrapper
    return func(*args, **kwargs)
  File "/Users/sarahrmclaughlin/Documents/repos/ml_ops/venv/lib/python3.10/site-packages/airflow/models/serialized_dag.py", line 147, in write_dag
    if session.scalar(
  File "/Users/sarahrmclaughlin/Documents/repos/ml_ops/venv/lib/python3.10/site-packages/sqlalchemy/orm/session.py", line 1747, in scalar
    return self.execute(
  File "/Users/sarahrmclaughlin/Documents/repos/ml_ops/venv/lib/python3.10/site-packages/sqlalchemy/orm/session.py", line 1716, in execute
    conn = self._connection_for_bind(bind)
  File "/Users/sarahrmclaughlin/Documents/repos/ml_ops/venv/lib/python3.10/site-packages/sqlalchemy/orm/session.py", line 1555, in _connection_for_bind
    return self._transaction._connection_for_bind(
  File "/Users/sarahrmclaughlin/Documents/repos/ml_ops/venv/lib/python3.10/site-packages/sqlalchemy/orm/session.py", line 724, in _connection_for_bind
    self._assert_active()
  File "/Users/sarahrmclaughlin/Documents/repos/ml_ops/venv/lib/python3.10/site-packages/sqlalchemy/orm/session.py", line 604, in _assert_active
    raise sa_exc.PendingRollbackError(
sqlalchemy.exc.PendingRollbackError: This Session's transaction has been rolled back due to a previous exception during flush. To begin a new transaction with this Session, first issue Session.rollback(). Original exception was: (sqlite3.IntegrityError) NOT NULL constraint failed: dag.max_consecutive_failed_dag_runs
[SQL: INSERT INTO dag (dag_id, root_dag_id, is_paused, is_subdag, is_active, last_parsed_time, last_pickled, last_expired, scheduler_lock, pickle_id, fileloc, processor_subdir, owners, description, default_view, schedule_interval, timetable_description, max_active_tasks, max_active_runs, has_task_concurrency_limits, has_import_errors, next_dagrun, next_dagrun_data_interval_start, next_dagrun_data_interval_end, next_dagrun_create_after) VALUES (?, ?, ?, ?, ?, ?, ?, ?, ?, ?, ?, ?, ?, ?, ?, ?, ?, ?, ?, ?, ?, ?, ?, ?, ?)]
[parameters: ('example_task_group_decorator', None, 1, 0, 1, '2025-04-09 14:18:15.479669', None, None, None, None, '/Users/sarahrmclaughlin/Documents/repos/ml_ops/venv/lib/python3.10/site-packages/airflow/example_dags/example_task_group_decorator.py', '/Users/sarahrmclaughlin/Documents/repos/ml_ops/airflow/dags', 'airflow', None, 'grid', '{"type": "timedelta", "attrs": {"days": 1, "seconds": 0, "microseconds": 0}}', '', 16, 16, 0, 0, '2025-04-08 14:18:15.479708', '2025-04-08 14:18:15.479708', '2025-04-09 14:18:15.479708', '2025-04-09 14:18:15.479708')]
(Background on this error at: https://sqlalche.me/e/14/gkpj) (Background on this error at: https://sqlalche.me/e/14/7s2a)
[2025-04-09T10:18:15.823-0400] {logging_mixin.py:151} INFO - [2025-04-09T10:18:15.823-0400] {dag.py:2907} INFO - Sync 1 DAGs
[2025-04-09T10:18:15.823-0400] {processor.py:182} ERROR - Got an exception! Propagating...
Traceback (most recent call last):
  File "/Users/sarahrmclaughlin/Documents/repos/ml_ops/venv/lib/python3.10/site-packages/airflow/dag_processing/processor.py", line 178, in _run_file_processor
    _handle_dag_file_processing()
  File "/Users/sarahrmclaughlin/Documents/repos/ml_ops/venv/lib/python3.10/site-packages/airflow/dag_processing/processor.py", line 159, in _handle_dag_file_processing
    result: tuple[int, int] = dag_file_processor.process_file(
  File "/Users/sarahrmclaughlin/Documents/repos/ml_ops/venv/lib/python3.10/site-packages/airflow/utils/session.py", line 77, in wrapper
    return func(*args, session=session, **kwargs)
  File "/Users/sarahrmclaughlin/Documents/repos/ml_ops/venv/lib/python3.10/site-packages/airflow/dag_processing/processor.py", line 857, in process_file
    serialize_errors = DagFileProcessor.save_dag_to_db(
  File "/Users/sarahrmclaughlin/Documents/repos/ml_ops/venv/lib/python3.10/site-packages/airflow/api_internal/internal_api_call.py", line 112, in wrapper
    return func(*args, **kwargs)
  File "/Users/sarahrmclaughlin/Documents/repos/ml_ops/venv/lib/python3.10/site-packages/airflow/utils/session.py", line 77, in wrapper
    return func(*args, session=session, **kwargs)
  File "/Users/sarahrmclaughlin/Documents/repos/ml_ops/venv/lib/python3.10/site-packages/airflow/dag_processing/processor.py", line 893, in save_dag_to_db
    import_errors = DagBag._sync_to_db(dags=dags, processor_subdir=dag_directory, session=session)
  File "/Users/sarahrmclaughlin/Documents/repos/ml_ops/venv/lib/python3.10/site-packages/airflow/utils/session.py", line 74, in wrapper
    return func(*args, **kwargs)
  File "/Users/sarahrmclaughlin/Documents/repos/ml_ops/venv/lib/python3.10/site-packages/airflow/models/dagbag.py", line 657, in _sync_to_db
    for attempt in run_with_db_retries(logger=log):
  File "/Users/sarahrmclaughlin/Documents/repos/ml_ops/venv/lib/python3.10/site-packages/tenacity/__init__.py", line 347, in __iter__
    do = self.iter(retry_state=retry_state)
  File "/Users/sarahrmclaughlin/Documents/repos/ml_ops/venv/lib/python3.10/site-packages/tenacity/__init__.py", line 314, in iter
    return fut.result()
  File "/opt/homebrew/Cellar/python@3.10/3.10.17/Frameworks/Python.framework/Versions/3.10/lib/python3.10/concurrent/futures/_base.py", line 451, in result
    return self.__get_result()
  File "/opt/homebrew/Cellar/python@3.10/3.10.17/Frameworks/Python.framework/Versions/3.10/lib/python3.10/concurrent/futures/_base.py", line 403, in __get_result
    raise self._exception
  File "/Users/sarahrmclaughlin/Documents/repos/ml_ops/venv/lib/python3.10/site-packages/airflow/models/dagbag.py", line 671, in _sync_to_db
    DAG.bulk_write_to_db(dags.values(), processor_subdir=processor_subdir, session=session)
  File "/Users/sarahrmclaughlin/Documents/repos/ml_ops/venv/lib/python3.10/site-packages/airflow/utils/session.py", line 74, in wrapper
    return func(*args, **kwargs)
  File "/Users/sarahrmclaughlin/Documents/repos/ml_ops/venv/lib/python3.10/site-packages/airflow/models/dag.py", line 2919, in bulk_write_to_db
    orm_dags: list[DagModel] = session.scalars(query).unique().all()
  File "/Users/sarahrmclaughlin/Documents/repos/ml_ops/venv/lib/python3.10/site-packages/sqlalchemy/orm/session.py", line 1778, in scalars
    return self.execute(
  File "/Users/sarahrmclaughlin/Documents/repos/ml_ops/venv/lib/python3.10/site-packages/sqlalchemy/orm/session.py", line 1716, in execute
    conn = self._connection_for_bind(bind)
  File "/Users/sarahrmclaughlin/Documents/repos/ml_ops/venv/lib/python3.10/site-packages/sqlalchemy/orm/session.py", line 1555, in _connection_for_bind
    return self._transaction._connection_for_bind(
  File "/Users/sarahrmclaughlin/Documents/repos/ml_ops/venv/lib/python3.10/site-packages/sqlalchemy/orm/session.py", line 724, in _connection_for_bind
    self._assert_active()
  File "/Users/sarahrmclaughlin/Documents/repos/ml_ops/venv/lib/python3.10/site-packages/sqlalchemy/orm/session.py", line 604, in _assert_active
    raise sa_exc.PendingRollbackError(
sqlalchemy.exc.PendingRollbackError: This Session's transaction has been rolled back due to a previous exception during flush. To begin a new transaction with this Session, first issue Session.rollback(). Original exception was: (sqlite3.IntegrityError) NOT NULL constraint failed: dag.max_consecutive_failed_dag_runs
[SQL: INSERT INTO dag (dag_id, root_dag_id, is_paused, is_subdag, is_active, last_parsed_time, last_pickled, last_expired, scheduler_lock, pickle_id, fileloc, processor_subdir, owners, description, default_view, schedule_interval, timetable_description, max_active_tasks, max_active_runs, has_task_concurrency_limits, has_import_errors, next_dagrun, next_dagrun_data_interval_start, next_dagrun_data_interval_end, next_dagrun_create_after) VALUES (?, ?, ?, ?, ?, ?, ?, ?, ?, ?, ?, ?, ?, ?, ?, ?, ?, ?, ?, ?, ?, ?, ?, ?, ?)]
[parameters: ('example_task_group_decorator', None, 1, 0, 1, '2025-04-09 14:18:15.479669', None, None, None, None, '/Users/sarahrmclaughlin/Documents/repos/ml_ops/venv/lib/python3.10/site-packages/airflow/example_dags/example_task_group_decorator.py', '/Users/sarahrmclaughlin/Documents/repos/ml_ops/airflow/dags', 'airflow', None, 'grid', '{"type": "timedelta", "attrs": {"days": 1, "seconds": 0, "microseconds": 0}}', '', 16, 16, 0, 0, '2025-04-08 14:18:15.479708', '2025-04-08 14:18:15.479708', '2025-04-09 14:18:15.479708', '2025-04-09 14:18:15.479708')]
(Background on this error at: https://sqlalche.me/e/14/gkpj) (Background on this error at: https://sqlalche.me/e/14/7s2a)
[2025-04-09T10:19:09.834-0400] {processor.py:157} INFO - Started process (PID=29318) to work on /Users/sarahrmclaughlin/Documents/repos/ml_ops/venv/lib/python3.10/site-packages/airflow/example_dags/example_task_group_decorator.py
[2025-04-09T10:19:09.838-0400] {processor.py:829} INFO - Processing file /Users/sarahrmclaughlin/Documents/repos/ml_ops/venv/lib/python3.10/site-packages/airflow/example_dags/example_task_group_decorator.py for tasks to queue
[2025-04-09T10:19:09.838-0400] {logging_mixin.py:151} INFO - [2025-04-09T10:19:09.838-0400] {dagbag.py:539} INFO - Filling up the DagBag from /Users/sarahrmclaughlin/Documents/repos/ml_ops/venv/lib/python3.10/site-packages/airflow/example_dags/example_task_group_decorator.py
[2025-04-09T10:19:09.859-0400] {processor.py:839} INFO - DAG(s) dict_keys(['example_task_group_decorator']) retrieved from /Users/sarahrmclaughlin/Documents/repos/ml_ops/venv/lib/python3.10/site-packages/airflow/example_dags/example_task_group_decorator.py
[2025-04-09T10:19:10.061-0400] {logging_mixin.py:151} INFO - [2025-04-09T10:19:10.060-0400] {configuration.py:1212} ERROR - No module named 'airflow.providers.fab'
[2025-04-09T10:19:10.061-0400] {logging_mixin.py:151} INFO - [2025-04-09T10:19:10.061-0400] {dagbag.py:647} ERROR - Failed to write serialized DAG: /Users/sarahrmclaughlin/Documents/repos/ml_ops/venv/lib/python3.10/site-packages/airflow/example_dags/example_task_group_decorator.py
Traceback (most recent call last):
  File "/Users/sarahrmclaughlin/Documents/repos/ml_ops/venv/lib/python3.10/site-packages/airflow/configuration.py", line 1210, in getimport
    return import_string(full_qualified_path)
  File "/Users/sarahrmclaughlin/Documents/repos/ml_ops/venv/lib/python3.10/site-packages/airflow/utils/module_loading.py", line 37, in import_string
    module = import_module(module_path)
  File "/opt/homebrew/Cellar/python@3.10/3.10.17/Frameworks/Python.framework/Versions/3.10/lib/python3.10/importlib/__init__.py", line 126, in import_module
    return _bootstrap._gcd_import(name[level:], package, level)
  File "<frozen importlib._bootstrap>", line 1050, in _gcd_import
  File "<frozen importlib._bootstrap>", line 1027, in _find_and_load
  File "<frozen importlib._bootstrap>", line 992, in _find_and_load_unlocked
  File "<frozen importlib._bootstrap>", line 241, in _call_with_frames_removed
  File "<frozen importlib._bootstrap>", line 1050, in _gcd_import
  File "<frozen importlib._bootstrap>", line 1027, in _find_and_load
  File "<frozen importlib._bootstrap>", line 992, in _find_and_load_unlocked
  File "<frozen importlib._bootstrap>", line 241, in _call_with_frames_removed
  File "<frozen importlib._bootstrap>", line 1050, in _gcd_import
  File "<frozen importlib._bootstrap>", line 1027, in _find_and_load
  File "<frozen importlib._bootstrap>", line 1004, in _find_and_load_unlocked
ModuleNotFoundError: No module named 'airflow.providers.fab'

During handling of the above exception, another exception occurred:

Traceback (most recent call last):
  File "/Users/sarahrmclaughlin/Documents/repos/ml_ops/venv/lib/python3.10/site-packages/airflow/models/dagbag.py", line 642, in _serialize_dag_capturing_errors
    DagBag._sync_perm_for_dag(dag, session=session)
  File "/Users/sarahrmclaughlin/Documents/repos/ml_ops/venv/lib/python3.10/site-packages/airflow/utils/session.py", line 74, in wrapper
    return func(*args, **kwargs)
  File "/Users/sarahrmclaughlin/Documents/repos/ml_ops/venv/lib/python3.10/site-packages/airflow/models/dagbag.py", line 693, in _sync_perm_for_dag
    from airflow.www.security import ApplessAirflowSecurityManager
  File "/Users/sarahrmclaughlin/Documents/repos/ml_ops/venv/lib/python3.10/site-packages/airflow/www/security.py", line 64, in <module>
    SecurityManagerOverride = get_auth_manager().get_security_manager_override_class()
  File "/Users/sarahrmclaughlin/Documents/repos/ml_ops/venv/lib/python3.10/site-packages/airflow/www/extensions/init_auth_manager.py", line 36, in get_auth_manager
    auth_manager_cls = conf.getimport(section="core", key="auth_manager")
  File "/Users/sarahrmclaughlin/Documents/repos/ml_ops/venv/lib/python3.10/site-packages/airflow/configuration.py", line 1213, in getimport
    raise AirflowConfigException(
airflow.exceptions.AirflowConfigException: The object could not be loaded. Please check "auth_manager" key in "core" section. Current value: "airflow.providers.fab.auth_manager.fab_auth_manager.FabAuthManager".
[2025-04-09T10:19:10.062-0400] {logging_mixin.py:151} INFO - [2025-04-09T10:19:10.062-0400] {dag.py:2907} INFO - Sync 1 DAGs
[2025-04-09T10:19:10.065-0400] {logging_mixin.py:151} INFO - [2025-04-09T10:19:10.065-0400] {dag.py:2929} INFO - Creating ORM DAG for example_task_group_decorator
[2025-04-09T10:19:10.068-0400] {logging_mixin.py:151} INFO - [2025-04-09T10:19:10.068-0400] {dag.py:3677} INFO - Setting next_dagrun for example_task_group_decorator to 2025-04-08T14:19:10.068219+00:00, run_after=2025-04-09T14:19:10.068219+00:00
[2025-04-09T10:19:10.129-0400] {logging_mixin.py:151} INFO - [2025-04-09T10:19:10.129-0400] {dagbag.py:647} ERROR - Failed to write serialized DAG: /Users/sarahrmclaughlin/Documents/repos/ml_ops/venv/lib/python3.10/site-packages/airflow/example_dags/example_task_group_decorator.py
Traceback (most recent call last):
  File "/Users/sarahrmclaughlin/Documents/repos/ml_ops/venv/lib/python3.10/site-packages/airflow/models/dagbag.py", line 636, in _serialize_dag_capturing_errors
    dag_was_updated = SerializedDagModel.write_dag(
  File "/Users/sarahrmclaughlin/Documents/repos/ml_ops/venv/lib/python3.10/site-packages/airflow/utils/session.py", line 74, in wrapper
    return func(*args, **kwargs)
  File "/Users/sarahrmclaughlin/Documents/repos/ml_ops/venv/lib/python3.10/site-packages/airflow/models/serialized_dag.py", line 147, in write_dag
    if session.scalar(
  File "/Users/sarahrmclaughlin/Documents/repos/ml_ops/venv/lib/python3.10/site-packages/sqlalchemy/orm/session.py", line 1747, in scalar
    return self.execute(
  File "/Users/sarahrmclaughlin/Documents/repos/ml_ops/venv/lib/python3.10/site-packages/sqlalchemy/orm/session.py", line 1716, in execute
    conn = self._connection_for_bind(bind)
  File "/Users/sarahrmclaughlin/Documents/repos/ml_ops/venv/lib/python3.10/site-packages/sqlalchemy/orm/session.py", line 1555, in _connection_for_bind
    return self._transaction._connection_for_bind(
  File "/Users/sarahrmclaughlin/Documents/repos/ml_ops/venv/lib/python3.10/site-packages/sqlalchemy/orm/session.py", line 724, in _connection_for_bind
    self._assert_active()
  File "/Users/sarahrmclaughlin/Documents/repos/ml_ops/venv/lib/python3.10/site-packages/sqlalchemy/orm/session.py", line 604, in _assert_active
    raise sa_exc.PendingRollbackError(
sqlalchemy.exc.PendingRollbackError: This Session's transaction has been rolled back due to a previous exception during flush. To begin a new transaction with this Session, first issue Session.rollback(). Original exception was: (sqlite3.IntegrityError) NOT NULL constraint failed: dag.max_consecutive_failed_dag_runs
[SQL: INSERT INTO dag (dag_id, root_dag_id, is_paused, is_subdag, is_active, last_parsed_time, last_pickled, last_expired, scheduler_lock, pickle_id, fileloc, processor_subdir, owners, description, default_view, schedule_interval, timetable_description, max_active_tasks, max_active_runs, has_task_concurrency_limits, has_import_errors, next_dagrun, next_dagrun_data_interval_start, next_dagrun_data_interval_end, next_dagrun_create_after) VALUES (?, ?, ?, ?, ?, ?, ?, ?, ?, ?, ?, ?, ?, ?, ?, ?, ?, ?, ?, ?, ?, ?, ?, ?, ?)]
[parameters: ('example_task_group_decorator', None, 1, 0, 1, '2025-04-09 14:19:10.068187', None, None, None, None, '/Users/sarahrmclaughlin/Documents/repos/ml_ops/venv/lib/python3.10/site-packages/airflow/example_dags/example_task_group_decorator.py', '/Users/sarahrmclaughlin/Documents/repos/ml_ops/airflow/dags', 'airflow', None, 'grid', '{"type": "timedelta", "attrs": {"days": 1, "seconds": 0, "microseconds": 0}}', '', 16, 16, 0, 0, '2025-04-08 14:19:10.068219', '2025-04-08 14:19:10.068219', '2025-04-09 14:19:10.068219', '2025-04-09 14:19:10.068219')]
(Background on this error at: https://sqlalche.me/e/14/gkpj) (Background on this error at: https://sqlalche.me/e/14/7s2a)
[2025-04-09T10:19:10.130-0400] {logging_mixin.py:151} INFO - [2025-04-09T10:19:10.129-0400] {dag.py:2907} INFO - Sync 1 DAGs
[2025-04-09T10:19:10.130-0400] {processor.py:182} ERROR - Got an exception! Propagating...
Traceback (most recent call last):
  File "/Users/sarahrmclaughlin/Documents/repos/ml_ops/venv/lib/python3.10/site-packages/airflow/dag_processing/processor.py", line 178, in _run_file_processor
    _handle_dag_file_processing()
  File "/Users/sarahrmclaughlin/Documents/repos/ml_ops/venv/lib/python3.10/site-packages/airflow/dag_processing/processor.py", line 159, in _handle_dag_file_processing
    result: tuple[int, int] = dag_file_processor.process_file(
  File "/Users/sarahrmclaughlin/Documents/repos/ml_ops/venv/lib/python3.10/site-packages/airflow/utils/session.py", line 77, in wrapper
    return func(*args, session=session, **kwargs)
  File "/Users/sarahrmclaughlin/Documents/repos/ml_ops/venv/lib/python3.10/site-packages/airflow/dag_processing/processor.py", line 857, in process_file
    serialize_errors = DagFileProcessor.save_dag_to_db(
  File "/Users/sarahrmclaughlin/Documents/repos/ml_ops/venv/lib/python3.10/site-packages/airflow/api_internal/internal_api_call.py", line 112, in wrapper
    return func(*args, **kwargs)
  File "/Users/sarahrmclaughlin/Documents/repos/ml_ops/venv/lib/python3.10/site-packages/airflow/utils/session.py", line 77, in wrapper
    return func(*args, session=session, **kwargs)
  File "/Users/sarahrmclaughlin/Documents/repos/ml_ops/venv/lib/python3.10/site-packages/airflow/dag_processing/processor.py", line 893, in save_dag_to_db
    import_errors = DagBag._sync_to_db(dags=dags, processor_subdir=dag_directory, session=session)
  File "/Users/sarahrmclaughlin/Documents/repos/ml_ops/venv/lib/python3.10/site-packages/airflow/utils/session.py", line 74, in wrapper
    return func(*args, **kwargs)
  File "/Users/sarahrmclaughlin/Documents/repos/ml_ops/venv/lib/python3.10/site-packages/airflow/models/dagbag.py", line 657, in _sync_to_db
    for attempt in run_with_db_retries(logger=log):
  File "/Users/sarahrmclaughlin/Documents/repos/ml_ops/venv/lib/python3.10/site-packages/tenacity/__init__.py", line 347, in __iter__
    do = self.iter(retry_state=retry_state)
  File "/Users/sarahrmclaughlin/Documents/repos/ml_ops/venv/lib/python3.10/site-packages/tenacity/__init__.py", line 314, in iter
    return fut.result()
  File "/opt/homebrew/Cellar/python@3.10/3.10.17/Frameworks/Python.framework/Versions/3.10/lib/python3.10/concurrent/futures/_base.py", line 451, in result
    return self.__get_result()
  File "/opt/homebrew/Cellar/python@3.10/3.10.17/Frameworks/Python.framework/Versions/3.10/lib/python3.10/concurrent/futures/_base.py", line 403, in __get_result
    raise self._exception
  File "/Users/sarahrmclaughlin/Documents/repos/ml_ops/venv/lib/python3.10/site-packages/airflow/models/dagbag.py", line 671, in _sync_to_db
    DAG.bulk_write_to_db(dags.values(), processor_subdir=processor_subdir, session=session)
  File "/Users/sarahrmclaughlin/Documents/repos/ml_ops/venv/lib/python3.10/site-packages/airflow/utils/session.py", line 74, in wrapper
    return func(*args, **kwargs)
  File "/Users/sarahrmclaughlin/Documents/repos/ml_ops/venv/lib/python3.10/site-packages/airflow/models/dag.py", line 2919, in bulk_write_to_db
    orm_dags: list[DagModel] = session.scalars(query).unique().all()
  File "/Users/sarahrmclaughlin/Documents/repos/ml_ops/venv/lib/python3.10/site-packages/sqlalchemy/orm/session.py", line 1778, in scalars
    return self.execute(
  File "/Users/sarahrmclaughlin/Documents/repos/ml_ops/venv/lib/python3.10/site-packages/sqlalchemy/orm/session.py", line 1716, in execute
    conn = self._connection_for_bind(bind)
  File "/Users/sarahrmclaughlin/Documents/repos/ml_ops/venv/lib/python3.10/site-packages/sqlalchemy/orm/session.py", line 1555, in _connection_for_bind
    return self._transaction._connection_for_bind(
  File "/Users/sarahrmclaughlin/Documents/repos/ml_ops/venv/lib/python3.10/site-packages/sqlalchemy/orm/session.py", line 724, in _connection_for_bind
    self._assert_active()
  File "/Users/sarahrmclaughlin/Documents/repos/ml_ops/venv/lib/python3.10/site-packages/sqlalchemy/orm/session.py", line 604, in _assert_active
    raise sa_exc.PendingRollbackError(
sqlalchemy.exc.PendingRollbackError: This Session's transaction has been rolled back due to a previous exception during flush. To begin a new transaction with this Session, first issue Session.rollback(). Original exception was: (sqlite3.IntegrityError) NOT NULL constraint failed: dag.max_consecutive_failed_dag_runs
[SQL: INSERT INTO dag (dag_id, root_dag_id, is_paused, is_subdag, is_active, last_parsed_time, last_pickled, last_expired, scheduler_lock, pickle_id, fileloc, processor_subdir, owners, description, default_view, schedule_interval, timetable_description, max_active_tasks, max_active_runs, has_task_concurrency_limits, has_import_errors, next_dagrun, next_dagrun_data_interval_start, next_dagrun_data_interval_end, next_dagrun_create_after) VALUES (?, ?, ?, ?, ?, ?, ?, ?, ?, ?, ?, ?, ?, ?, ?, ?, ?, ?, ?, ?, ?, ?, ?, ?, ?)]
[parameters: ('example_task_group_decorator', None, 1, 0, 1, '2025-04-09 14:19:10.068187', None, None, None, None, '/Users/sarahrmclaughlin/Documents/repos/ml_ops/venv/lib/python3.10/site-packages/airflow/example_dags/example_task_group_decorator.py', '/Users/sarahrmclaughlin/Documents/repos/ml_ops/airflow/dags', 'airflow', None, 'grid', '{"type": "timedelta", "attrs": {"days": 1, "seconds": 0, "microseconds": 0}}', '', 16, 16, 0, 0, '2025-04-08 14:19:10.068219', '2025-04-08 14:19:10.068219', '2025-04-09 14:19:10.068219', '2025-04-09 14:19:10.068219')]
(Background on this error at: https://sqlalche.me/e/14/gkpj) (Background on this error at: https://sqlalche.me/e/14/7s2a)
[2025-04-09T10:20:04.873-0400] {processor.py:157} INFO - Started process (PID=29493) to work on /Users/sarahrmclaughlin/Documents/repos/ml_ops/venv/lib/python3.10/site-packages/airflow/example_dags/example_task_group_decorator.py
[2025-04-09T10:20:04.876-0400] {processor.py:829} INFO - Processing file /Users/sarahrmclaughlin/Documents/repos/ml_ops/venv/lib/python3.10/site-packages/airflow/example_dags/example_task_group_decorator.py for tasks to queue
[2025-04-09T10:20:04.876-0400] {logging_mixin.py:151} INFO - [2025-04-09T10:20:04.876-0400] {dagbag.py:539} INFO - Filling up the DagBag from /Users/sarahrmclaughlin/Documents/repos/ml_ops/venv/lib/python3.10/site-packages/airflow/example_dags/example_task_group_decorator.py
[2025-04-09T10:20:04.899-0400] {processor.py:839} INFO - DAG(s) dict_keys(['example_task_group_decorator']) retrieved from /Users/sarahrmclaughlin/Documents/repos/ml_ops/venv/lib/python3.10/site-packages/airflow/example_dags/example_task_group_decorator.py
[2025-04-09T10:20:05.124-0400] {logging_mixin.py:151} INFO - [2025-04-09T10:20:05.124-0400] {configuration.py:1212} ERROR - No module named 'airflow.providers.fab'
[2025-04-09T10:20:05.125-0400] {logging_mixin.py:151} INFO - [2025-04-09T10:20:05.125-0400] {dagbag.py:647} ERROR - Failed to write serialized DAG: /Users/sarahrmclaughlin/Documents/repos/ml_ops/venv/lib/python3.10/site-packages/airflow/example_dags/example_task_group_decorator.py
Traceback (most recent call last):
  File "/Users/sarahrmclaughlin/Documents/repos/ml_ops/venv/lib/python3.10/site-packages/airflow/configuration.py", line 1210, in getimport
    return import_string(full_qualified_path)
  File "/Users/sarahrmclaughlin/Documents/repos/ml_ops/venv/lib/python3.10/site-packages/airflow/utils/module_loading.py", line 37, in import_string
    module = import_module(module_path)
  File "/opt/homebrew/Cellar/python@3.10/3.10.17/Frameworks/Python.framework/Versions/3.10/lib/python3.10/importlib/__init__.py", line 126, in import_module
    return _bootstrap._gcd_import(name[level:], package, level)
  File "<frozen importlib._bootstrap>", line 1050, in _gcd_import
  File "<frozen importlib._bootstrap>", line 1027, in _find_and_load
  File "<frozen importlib._bootstrap>", line 992, in _find_and_load_unlocked
  File "<frozen importlib._bootstrap>", line 241, in _call_with_frames_removed
  File "<frozen importlib._bootstrap>", line 1050, in _gcd_import
  File "<frozen importlib._bootstrap>", line 1027, in _find_and_load
  File "<frozen importlib._bootstrap>", line 992, in _find_and_load_unlocked
  File "<frozen importlib._bootstrap>", line 241, in _call_with_frames_removed
  File "<frozen importlib._bootstrap>", line 1050, in _gcd_import
  File "<frozen importlib._bootstrap>", line 1027, in _find_and_load
  File "<frozen importlib._bootstrap>", line 1004, in _find_and_load_unlocked
ModuleNotFoundError: No module named 'airflow.providers.fab'

During handling of the above exception, another exception occurred:

Traceback (most recent call last):
  File "/Users/sarahrmclaughlin/Documents/repos/ml_ops/venv/lib/python3.10/site-packages/airflow/models/dagbag.py", line 642, in _serialize_dag_capturing_errors
    DagBag._sync_perm_for_dag(dag, session=session)
  File "/Users/sarahrmclaughlin/Documents/repos/ml_ops/venv/lib/python3.10/site-packages/airflow/utils/session.py", line 74, in wrapper
    return func(*args, **kwargs)
  File "/Users/sarahrmclaughlin/Documents/repos/ml_ops/venv/lib/python3.10/site-packages/airflow/models/dagbag.py", line 693, in _sync_perm_for_dag
    from airflow.www.security import ApplessAirflowSecurityManager
  File "/Users/sarahrmclaughlin/Documents/repos/ml_ops/venv/lib/python3.10/site-packages/airflow/www/security.py", line 64, in <module>
    SecurityManagerOverride = get_auth_manager().get_security_manager_override_class()
  File "/Users/sarahrmclaughlin/Documents/repos/ml_ops/venv/lib/python3.10/site-packages/airflow/www/extensions/init_auth_manager.py", line 36, in get_auth_manager
    auth_manager_cls = conf.getimport(section="core", key="auth_manager")
  File "/Users/sarahrmclaughlin/Documents/repos/ml_ops/venv/lib/python3.10/site-packages/airflow/configuration.py", line 1213, in getimport
    raise AirflowConfigException(
airflow.exceptions.AirflowConfigException: The object could not be loaded. Please check "auth_manager" key in "core" section. Current value: "airflow.providers.fab.auth_manager.fab_auth_manager.FabAuthManager".
[2025-04-09T10:20:05.126-0400] {logging_mixin.py:151} INFO - [2025-04-09T10:20:05.125-0400] {dag.py:2907} INFO - Sync 1 DAGs
[2025-04-09T10:20:05.129-0400] {logging_mixin.py:151} INFO - [2025-04-09T10:20:05.129-0400] {dag.py:2929} INFO - Creating ORM DAG for example_task_group_decorator
[2025-04-09T10:20:05.132-0400] {logging_mixin.py:151} INFO - [2025-04-09T10:20:05.132-0400] {dag.py:3677} INFO - Setting next_dagrun for example_task_group_decorator to 2025-04-08T14:20:05.132724+00:00, run_after=2025-04-09T14:20:05.132724+00:00
[2025-04-09T10:20:05.150-0400] {logging_mixin.py:151} INFO - [2025-04-09T10:20:05.149-0400] {dagbag.py:647} ERROR - Failed to write serialized DAG: /Users/sarahrmclaughlin/Documents/repos/ml_ops/venv/lib/python3.10/site-packages/airflow/example_dags/example_task_group_decorator.py
Traceback (most recent call last):
  File "/Users/sarahrmclaughlin/Documents/repos/ml_ops/venv/lib/python3.10/site-packages/airflow/models/dagbag.py", line 636, in _serialize_dag_capturing_errors
    dag_was_updated = SerializedDagModel.write_dag(
  File "/Users/sarahrmclaughlin/Documents/repos/ml_ops/venv/lib/python3.10/site-packages/airflow/utils/session.py", line 74, in wrapper
    return func(*args, **kwargs)
  File "/Users/sarahrmclaughlin/Documents/repos/ml_ops/venv/lib/python3.10/site-packages/airflow/models/serialized_dag.py", line 147, in write_dag
    if session.scalar(
  File "/Users/sarahrmclaughlin/Documents/repos/ml_ops/venv/lib/python3.10/site-packages/sqlalchemy/orm/session.py", line 1747, in scalar
    return self.execute(
  File "/Users/sarahrmclaughlin/Documents/repos/ml_ops/venv/lib/python3.10/site-packages/sqlalchemy/orm/session.py", line 1716, in execute
    conn = self._connection_for_bind(bind)
  File "/Users/sarahrmclaughlin/Documents/repos/ml_ops/venv/lib/python3.10/site-packages/sqlalchemy/orm/session.py", line 1555, in _connection_for_bind
    return self._transaction._connection_for_bind(
  File "/Users/sarahrmclaughlin/Documents/repos/ml_ops/venv/lib/python3.10/site-packages/sqlalchemy/orm/session.py", line 724, in _connection_for_bind
    self._assert_active()
  File "/Users/sarahrmclaughlin/Documents/repos/ml_ops/venv/lib/python3.10/site-packages/sqlalchemy/orm/session.py", line 604, in _assert_active
    raise sa_exc.PendingRollbackError(
sqlalchemy.exc.PendingRollbackError: This Session's transaction has been rolled back due to a previous exception during flush. To begin a new transaction with this Session, first issue Session.rollback(). Original exception was: (sqlite3.IntegrityError) NOT NULL constraint failed: dag.max_consecutive_failed_dag_runs
[SQL: INSERT INTO dag (dag_id, root_dag_id, is_paused, is_subdag, is_active, last_parsed_time, last_pickled, last_expired, scheduler_lock, pickle_id, fileloc, processor_subdir, owners, description, default_view, schedule_interval, timetable_description, max_active_tasks, max_active_runs, has_task_concurrency_limits, has_import_errors, next_dagrun, next_dagrun_data_interval_start, next_dagrun_data_interval_end, next_dagrun_create_after) VALUES (?, ?, ?, ?, ?, ?, ?, ?, ?, ?, ?, ?, ?, ?, ?, ?, ?, ?, ?, ?, ?, ?, ?, ?, ?)]
[parameters: ('example_task_group_decorator', None, 1, 0, 1, '2025-04-09 14:20:05.132686', None, None, None, None, '/Users/sarahrmclaughlin/Documents/repos/ml_ops/venv/lib/python3.10/site-packages/airflow/example_dags/example_task_group_decorator.py', '/Users/sarahrmclaughlin/Documents/repos/ml_ops/airflow/dags', 'airflow', None, 'grid', '{"type": "timedelta", "attrs": {"days": 1, "seconds": 0, "microseconds": 0}}', '', 16, 16, 0, 0, '2025-04-08 14:20:05.132724', '2025-04-08 14:20:05.132724', '2025-04-09 14:20:05.132724', '2025-04-09 14:20:05.132724')]
(Background on this error at: https://sqlalche.me/e/14/gkpj) (Background on this error at: https://sqlalche.me/e/14/7s2a)
[2025-04-09T10:20:05.150-0400] {logging_mixin.py:151} INFO - [2025-04-09T10:20:05.150-0400] {dag.py:2907} INFO - Sync 1 DAGs
[2025-04-09T10:20:05.150-0400] {processor.py:182} ERROR - Got an exception! Propagating...
Traceback (most recent call last):
  File "/Users/sarahrmclaughlin/Documents/repos/ml_ops/venv/lib/python3.10/site-packages/airflow/dag_processing/processor.py", line 178, in _run_file_processor
    _handle_dag_file_processing()
  File "/Users/sarahrmclaughlin/Documents/repos/ml_ops/venv/lib/python3.10/site-packages/airflow/dag_processing/processor.py", line 159, in _handle_dag_file_processing
    result: tuple[int, int] = dag_file_processor.process_file(
  File "/Users/sarahrmclaughlin/Documents/repos/ml_ops/venv/lib/python3.10/site-packages/airflow/utils/session.py", line 77, in wrapper
    return func(*args, session=session, **kwargs)
  File "/Users/sarahrmclaughlin/Documents/repos/ml_ops/venv/lib/python3.10/site-packages/airflow/dag_processing/processor.py", line 857, in process_file
    serialize_errors = DagFileProcessor.save_dag_to_db(
  File "/Users/sarahrmclaughlin/Documents/repos/ml_ops/venv/lib/python3.10/site-packages/airflow/api_internal/internal_api_call.py", line 112, in wrapper
    return func(*args, **kwargs)
  File "/Users/sarahrmclaughlin/Documents/repos/ml_ops/venv/lib/python3.10/site-packages/airflow/utils/session.py", line 77, in wrapper
    return func(*args, session=session, **kwargs)
  File "/Users/sarahrmclaughlin/Documents/repos/ml_ops/venv/lib/python3.10/site-packages/airflow/dag_processing/processor.py", line 893, in save_dag_to_db
    import_errors = DagBag._sync_to_db(dags=dags, processor_subdir=dag_directory, session=session)
  File "/Users/sarahrmclaughlin/Documents/repos/ml_ops/venv/lib/python3.10/site-packages/airflow/utils/session.py", line 74, in wrapper
    return func(*args, **kwargs)
  File "/Users/sarahrmclaughlin/Documents/repos/ml_ops/venv/lib/python3.10/site-packages/airflow/models/dagbag.py", line 657, in _sync_to_db
    for attempt in run_with_db_retries(logger=log):
  File "/Users/sarahrmclaughlin/Documents/repos/ml_ops/venv/lib/python3.10/site-packages/tenacity/__init__.py", line 347, in __iter__
    do = self.iter(retry_state=retry_state)
  File "/Users/sarahrmclaughlin/Documents/repos/ml_ops/venv/lib/python3.10/site-packages/tenacity/__init__.py", line 314, in iter
    return fut.result()
  File "/opt/homebrew/Cellar/python@3.10/3.10.17/Frameworks/Python.framework/Versions/3.10/lib/python3.10/concurrent/futures/_base.py", line 451, in result
    return self.__get_result()
  File "/opt/homebrew/Cellar/python@3.10/3.10.17/Frameworks/Python.framework/Versions/3.10/lib/python3.10/concurrent/futures/_base.py", line 403, in __get_result
    raise self._exception
  File "/Users/sarahrmclaughlin/Documents/repos/ml_ops/venv/lib/python3.10/site-packages/airflow/models/dagbag.py", line 671, in _sync_to_db
    DAG.bulk_write_to_db(dags.values(), processor_subdir=processor_subdir, session=session)
  File "/Users/sarahrmclaughlin/Documents/repos/ml_ops/venv/lib/python3.10/site-packages/airflow/utils/session.py", line 74, in wrapper
    return func(*args, **kwargs)
  File "/Users/sarahrmclaughlin/Documents/repos/ml_ops/venv/lib/python3.10/site-packages/airflow/models/dag.py", line 2919, in bulk_write_to_db
    orm_dags: list[DagModel] = session.scalars(query).unique().all()
  File "/Users/sarahrmclaughlin/Documents/repos/ml_ops/venv/lib/python3.10/site-packages/sqlalchemy/orm/session.py", line 1778, in scalars
    return self.execute(
  File "/Users/sarahrmclaughlin/Documents/repos/ml_ops/venv/lib/python3.10/site-packages/sqlalchemy/orm/session.py", line 1716, in execute
    conn = self._connection_for_bind(bind)
  File "/Users/sarahrmclaughlin/Documents/repos/ml_ops/venv/lib/python3.10/site-packages/sqlalchemy/orm/session.py", line 1555, in _connection_for_bind
    return self._transaction._connection_for_bind(
  File "/Users/sarahrmclaughlin/Documents/repos/ml_ops/venv/lib/python3.10/site-packages/sqlalchemy/orm/session.py", line 724, in _connection_for_bind
    self._assert_active()
  File "/Users/sarahrmclaughlin/Documents/repos/ml_ops/venv/lib/python3.10/site-packages/sqlalchemy/orm/session.py", line 604, in _assert_active
    raise sa_exc.PendingRollbackError(
sqlalchemy.exc.PendingRollbackError: This Session's transaction has been rolled back due to a previous exception during flush. To begin a new transaction with this Session, first issue Session.rollback(). Original exception was: (sqlite3.IntegrityError) NOT NULL constraint failed: dag.max_consecutive_failed_dag_runs
[SQL: INSERT INTO dag (dag_id, root_dag_id, is_paused, is_subdag, is_active, last_parsed_time, last_pickled, last_expired, scheduler_lock, pickle_id, fileloc, processor_subdir, owners, description, default_view, schedule_interval, timetable_description, max_active_tasks, max_active_runs, has_task_concurrency_limits, has_import_errors, next_dagrun, next_dagrun_data_interval_start, next_dagrun_data_interval_end, next_dagrun_create_after) VALUES (?, ?, ?, ?, ?, ?, ?, ?, ?, ?, ?, ?, ?, ?, ?, ?, ?, ?, ?, ?, ?, ?, ?, ?, ?)]
[parameters: ('example_task_group_decorator', None, 1, 0, 1, '2025-04-09 14:20:05.132686', None, None, None, None, '/Users/sarahrmclaughlin/Documents/repos/ml_ops/venv/lib/python3.10/site-packages/airflow/example_dags/example_task_group_decorator.py', '/Users/sarahrmclaughlin/Documents/repos/ml_ops/airflow/dags', 'airflow', None, 'grid', '{"type": "timedelta", "attrs": {"days": 1, "seconds": 0, "microseconds": 0}}', '', 16, 16, 0, 0, '2025-04-08 14:20:05.132724', '2025-04-08 14:20:05.132724', '2025-04-09 14:20:05.132724', '2025-04-09 14:20:05.132724')]
(Background on this error at: https://sqlalche.me/e/14/gkpj) (Background on this error at: https://sqlalche.me/e/14/7s2a)
[2025-04-09T10:21:00.116-0400] {processor.py:157} INFO - Started process (PID=29608) to work on /Users/sarahrmclaughlin/Documents/repos/ml_ops/venv/lib/python3.10/site-packages/airflow/example_dags/example_task_group_decorator.py
[2025-04-09T10:21:00.119-0400] {processor.py:829} INFO - Processing file /Users/sarahrmclaughlin/Documents/repos/ml_ops/venv/lib/python3.10/site-packages/airflow/example_dags/example_task_group_decorator.py for tasks to queue
[2025-04-09T10:21:00.120-0400] {logging_mixin.py:151} INFO - [2025-04-09T10:21:00.119-0400] {dagbag.py:539} INFO - Filling up the DagBag from /Users/sarahrmclaughlin/Documents/repos/ml_ops/venv/lib/python3.10/site-packages/airflow/example_dags/example_task_group_decorator.py
[2025-04-09T10:21:00.141-0400] {processor.py:839} INFO - DAG(s) dict_keys(['example_task_group_decorator']) retrieved from /Users/sarahrmclaughlin/Documents/repos/ml_ops/venv/lib/python3.10/site-packages/airflow/example_dags/example_task_group_decorator.py
[2025-04-09T10:21:00.370-0400] {logging_mixin.py:151} INFO - [2025-04-09T10:21:00.370-0400] {configuration.py:1212} ERROR - No module named 'airflow.providers.fab'
[2025-04-09T10:21:00.371-0400] {logging_mixin.py:151} INFO - [2025-04-09T10:21:00.370-0400] {dagbag.py:647} ERROR - Failed to write serialized DAG: /Users/sarahrmclaughlin/Documents/repos/ml_ops/venv/lib/python3.10/site-packages/airflow/example_dags/example_task_group_decorator.py
Traceback (most recent call last):
  File "/Users/sarahrmclaughlin/Documents/repos/ml_ops/venv/lib/python3.10/site-packages/airflow/configuration.py", line 1210, in getimport
    return import_string(full_qualified_path)
  File "/Users/sarahrmclaughlin/Documents/repos/ml_ops/venv/lib/python3.10/site-packages/airflow/utils/module_loading.py", line 37, in import_string
    module = import_module(module_path)
  File "/opt/homebrew/Cellar/python@3.10/3.10.17/Frameworks/Python.framework/Versions/3.10/lib/python3.10/importlib/__init__.py", line 126, in import_module
    return _bootstrap._gcd_import(name[level:], package, level)
  File "<frozen importlib._bootstrap>", line 1050, in _gcd_import
  File "<frozen importlib._bootstrap>", line 1027, in _find_and_load
  File "<frozen importlib._bootstrap>", line 992, in _find_and_load_unlocked
  File "<frozen importlib._bootstrap>", line 241, in _call_with_frames_removed
  File "<frozen importlib._bootstrap>", line 1050, in _gcd_import
  File "<frozen importlib._bootstrap>", line 1027, in _find_and_load
  File "<frozen importlib._bootstrap>", line 992, in _find_and_load_unlocked
  File "<frozen importlib._bootstrap>", line 241, in _call_with_frames_removed
  File "<frozen importlib._bootstrap>", line 1050, in _gcd_import
  File "<frozen importlib._bootstrap>", line 1027, in _find_and_load
  File "<frozen importlib._bootstrap>", line 1004, in _find_and_load_unlocked
ModuleNotFoundError: No module named 'airflow.providers.fab'

During handling of the above exception, another exception occurred:

Traceback (most recent call last):
  File "/Users/sarahrmclaughlin/Documents/repos/ml_ops/venv/lib/python3.10/site-packages/airflow/models/dagbag.py", line 642, in _serialize_dag_capturing_errors
    DagBag._sync_perm_for_dag(dag, session=session)
  File "/Users/sarahrmclaughlin/Documents/repos/ml_ops/venv/lib/python3.10/site-packages/airflow/utils/session.py", line 74, in wrapper
    return func(*args, **kwargs)
  File "/Users/sarahrmclaughlin/Documents/repos/ml_ops/venv/lib/python3.10/site-packages/airflow/models/dagbag.py", line 693, in _sync_perm_for_dag
    from airflow.www.security import ApplessAirflowSecurityManager
  File "/Users/sarahrmclaughlin/Documents/repos/ml_ops/venv/lib/python3.10/site-packages/airflow/www/security.py", line 64, in <module>
    SecurityManagerOverride = get_auth_manager().get_security_manager_override_class()
  File "/Users/sarahrmclaughlin/Documents/repos/ml_ops/venv/lib/python3.10/site-packages/airflow/www/extensions/init_auth_manager.py", line 36, in get_auth_manager
    auth_manager_cls = conf.getimport(section="core", key="auth_manager")
  File "/Users/sarahrmclaughlin/Documents/repos/ml_ops/venv/lib/python3.10/site-packages/airflow/configuration.py", line 1213, in getimport
    raise AirflowConfigException(
airflow.exceptions.AirflowConfigException: The object could not be loaded. Please check "auth_manager" key in "core" section. Current value: "airflow.providers.fab.auth_manager.fab_auth_manager.FabAuthManager".
[2025-04-09T10:21:00.371-0400] {logging_mixin.py:151} INFO - [2025-04-09T10:21:00.371-0400] {dag.py:2907} INFO - Sync 1 DAGs
[2025-04-09T10:21:00.374-0400] {logging_mixin.py:151} INFO - [2025-04-09T10:21:00.374-0400] {dag.py:2929} INFO - Creating ORM DAG for example_task_group_decorator
[2025-04-09T10:21:00.378-0400] {logging_mixin.py:151} INFO - [2025-04-09T10:21:00.378-0400] {dag.py:3677} INFO - Setting next_dagrun for example_task_group_decorator to 2025-04-08T14:21:00.378182+00:00, run_after=2025-04-09T14:21:00.378182+00:00
[2025-04-09T10:21:00.634-0400] {logging_mixin.py:151} INFO - [2025-04-09T10:21:00.633-0400] {dagbag.py:647} ERROR - Failed to write serialized DAG: /Users/sarahrmclaughlin/Documents/repos/ml_ops/venv/lib/python3.10/site-packages/airflow/example_dags/example_task_group_decorator.py
Traceback (most recent call last):
  File "/Users/sarahrmclaughlin/Documents/repos/ml_ops/venv/lib/python3.10/site-packages/airflow/models/dagbag.py", line 636, in _serialize_dag_capturing_errors
    dag_was_updated = SerializedDagModel.write_dag(
  File "/Users/sarahrmclaughlin/Documents/repos/ml_ops/venv/lib/python3.10/site-packages/airflow/utils/session.py", line 74, in wrapper
    return func(*args, **kwargs)
  File "/Users/sarahrmclaughlin/Documents/repos/ml_ops/venv/lib/python3.10/site-packages/airflow/models/serialized_dag.py", line 147, in write_dag
    if session.scalar(
  File "/Users/sarahrmclaughlin/Documents/repos/ml_ops/venv/lib/python3.10/site-packages/sqlalchemy/orm/session.py", line 1747, in scalar
    return self.execute(
  File "/Users/sarahrmclaughlin/Documents/repos/ml_ops/venv/lib/python3.10/site-packages/sqlalchemy/orm/session.py", line 1716, in execute
    conn = self._connection_for_bind(bind)
  File "/Users/sarahrmclaughlin/Documents/repos/ml_ops/venv/lib/python3.10/site-packages/sqlalchemy/orm/session.py", line 1555, in _connection_for_bind
    return self._transaction._connection_for_bind(
  File "/Users/sarahrmclaughlin/Documents/repos/ml_ops/venv/lib/python3.10/site-packages/sqlalchemy/orm/session.py", line 724, in _connection_for_bind
    self._assert_active()
  File "/Users/sarahrmclaughlin/Documents/repos/ml_ops/venv/lib/python3.10/site-packages/sqlalchemy/orm/session.py", line 604, in _assert_active
    raise sa_exc.PendingRollbackError(
sqlalchemy.exc.PendingRollbackError: This Session's transaction has been rolled back due to a previous exception during flush. To begin a new transaction with this Session, first issue Session.rollback(). Original exception was: (sqlite3.IntegrityError) NOT NULL constraint failed: dag.max_consecutive_failed_dag_runs
[SQL: INSERT INTO dag (dag_id, root_dag_id, is_paused, is_subdag, is_active, last_parsed_time, last_pickled, last_expired, scheduler_lock, pickle_id, fileloc, processor_subdir, owners, description, default_view, schedule_interval, timetable_description, max_active_tasks, max_active_runs, has_task_concurrency_limits, has_import_errors, next_dagrun, next_dagrun_data_interval_start, next_dagrun_data_interval_end, next_dagrun_create_after) VALUES (?, ?, ?, ?, ?, ?, ?, ?, ?, ?, ?, ?, ?, ?, ?, ?, ?, ?, ?, ?, ?, ?, ?, ?, ?)]
[parameters: ('example_task_group_decorator', None, 1, 0, 1, '2025-04-09 14:21:00.378145', None, None, None, None, '/Users/sarahrmclaughlin/Documents/repos/ml_ops/venv/lib/python3.10/site-packages/airflow/example_dags/example_task_group_decorator.py', '/Users/sarahrmclaughlin/Documents/repos/ml_ops/airflow/dags', 'airflow', None, 'grid', '{"type": "timedelta", "attrs": {"days": 1, "seconds": 0, "microseconds": 0}}', '', 16, 16, 0, 0, '2025-04-08 14:21:00.378182', '2025-04-08 14:21:00.378182', '2025-04-09 14:21:00.378182', '2025-04-09 14:21:00.378182')]
(Background on this error at: https://sqlalche.me/e/14/gkpj) (Background on this error at: https://sqlalche.me/e/14/7s2a)
[2025-04-09T10:21:00.634-0400] {logging_mixin.py:151} INFO - [2025-04-09T10:21:00.634-0400] {dag.py:2907} INFO - Sync 1 DAGs
[2025-04-09T10:21:00.635-0400] {processor.py:182} ERROR - Got an exception! Propagating...
Traceback (most recent call last):
  File "/Users/sarahrmclaughlin/Documents/repos/ml_ops/venv/lib/python3.10/site-packages/airflow/dag_processing/processor.py", line 178, in _run_file_processor
    _handle_dag_file_processing()
  File "/Users/sarahrmclaughlin/Documents/repos/ml_ops/venv/lib/python3.10/site-packages/airflow/dag_processing/processor.py", line 159, in _handle_dag_file_processing
    result: tuple[int, int] = dag_file_processor.process_file(
  File "/Users/sarahrmclaughlin/Documents/repos/ml_ops/venv/lib/python3.10/site-packages/airflow/utils/session.py", line 77, in wrapper
    return func(*args, session=session, **kwargs)
  File "/Users/sarahrmclaughlin/Documents/repos/ml_ops/venv/lib/python3.10/site-packages/airflow/dag_processing/processor.py", line 857, in process_file
    serialize_errors = DagFileProcessor.save_dag_to_db(
  File "/Users/sarahrmclaughlin/Documents/repos/ml_ops/venv/lib/python3.10/site-packages/airflow/api_internal/internal_api_call.py", line 112, in wrapper
    return func(*args, **kwargs)
  File "/Users/sarahrmclaughlin/Documents/repos/ml_ops/venv/lib/python3.10/site-packages/airflow/utils/session.py", line 77, in wrapper
    return func(*args, session=session, **kwargs)
  File "/Users/sarahrmclaughlin/Documents/repos/ml_ops/venv/lib/python3.10/site-packages/airflow/dag_processing/processor.py", line 893, in save_dag_to_db
    import_errors = DagBag._sync_to_db(dags=dags, processor_subdir=dag_directory, session=session)
  File "/Users/sarahrmclaughlin/Documents/repos/ml_ops/venv/lib/python3.10/site-packages/airflow/utils/session.py", line 74, in wrapper
    return func(*args, **kwargs)
  File "/Users/sarahrmclaughlin/Documents/repos/ml_ops/venv/lib/python3.10/site-packages/airflow/models/dagbag.py", line 657, in _sync_to_db
    for attempt in run_with_db_retries(logger=log):
  File "/Users/sarahrmclaughlin/Documents/repos/ml_ops/venv/lib/python3.10/site-packages/tenacity/__init__.py", line 347, in __iter__
    do = self.iter(retry_state=retry_state)
  File "/Users/sarahrmclaughlin/Documents/repos/ml_ops/venv/lib/python3.10/site-packages/tenacity/__init__.py", line 314, in iter
    return fut.result()
  File "/opt/homebrew/Cellar/python@3.10/3.10.17/Frameworks/Python.framework/Versions/3.10/lib/python3.10/concurrent/futures/_base.py", line 451, in result
    return self.__get_result()
  File "/opt/homebrew/Cellar/python@3.10/3.10.17/Frameworks/Python.framework/Versions/3.10/lib/python3.10/concurrent/futures/_base.py", line 403, in __get_result
    raise self._exception
  File "/Users/sarahrmclaughlin/Documents/repos/ml_ops/venv/lib/python3.10/site-packages/airflow/models/dagbag.py", line 671, in _sync_to_db
    DAG.bulk_write_to_db(dags.values(), processor_subdir=processor_subdir, session=session)
  File "/Users/sarahrmclaughlin/Documents/repos/ml_ops/venv/lib/python3.10/site-packages/airflow/utils/session.py", line 74, in wrapper
    return func(*args, **kwargs)
  File "/Users/sarahrmclaughlin/Documents/repos/ml_ops/venv/lib/python3.10/site-packages/airflow/models/dag.py", line 2919, in bulk_write_to_db
    orm_dags: list[DagModel] = session.scalars(query).unique().all()
  File "/Users/sarahrmclaughlin/Documents/repos/ml_ops/venv/lib/python3.10/site-packages/sqlalchemy/orm/session.py", line 1778, in scalars
    return self.execute(
  File "/Users/sarahrmclaughlin/Documents/repos/ml_ops/venv/lib/python3.10/site-packages/sqlalchemy/orm/session.py", line 1716, in execute
    conn = self._connection_for_bind(bind)
  File "/Users/sarahrmclaughlin/Documents/repos/ml_ops/venv/lib/python3.10/site-packages/sqlalchemy/orm/session.py", line 1555, in _connection_for_bind
    return self._transaction._connection_for_bind(
  File "/Users/sarahrmclaughlin/Documents/repos/ml_ops/venv/lib/python3.10/site-packages/sqlalchemy/orm/session.py", line 724, in _connection_for_bind
    self._assert_active()
  File "/Users/sarahrmclaughlin/Documents/repos/ml_ops/venv/lib/python3.10/site-packages/sqlalchemy/orm/session.py", line 604, in _assert_active
    raise sa_exc.PendingRollbackError(
sqlalchemy.exc.PendingRollbackError: This Session's transaction has been rolled back due to a previous exception during flush. To begin a new transaction with this Session, first issue Session.rollback(). Original exception was: (sqlite3.IntegrityError) NOT NULL constraint failed: dag.max_consecutive_failed_dag_runs
[SQL: INSERT INTO dag (dag_id, root_dag_id, is_paused, is_subdag, is_active, last_parsed_time, last_pickled, last_expired, scheduler_lock, pickle_id, fileloc, processor_subdir, owners, description, default_view, schedule_interval, timetable_description, max_active_tasks, max_active_runs, has_task_concurrency_limits, has_import_errors, next_dagrun, next_dagrun_data_interval_start, next_dagrun_data_interval_end, next_dagrun_create_after) VALUES (?, ?, ?, ?, ?, ?, ?, ?, ?, ?, ?, ?, ?, ?, ?, ?, ?, ?, ?, ?, ?, ?, ?, ?, ?)]
[parameters: ('example_task_group_decorator', None, 1, 0, 1, '2025-04-09 14:21:00.378145', None, None, None, None, '/Users/sarahrmclaughlin/Documents/repos/ml_ops/venv/lib/python3.10/site-packages/airflow/example_dags/example_task_group_decorator.py', '/Users/sarahrmclaughlin/Documents/repos/ml_ops/airflow/dags', 'airflow', None, 'grid', '{"type": "timedelta", "attrs": {"days": 1, "seconds": 0, "microseconds": 0}}', '', 16, 16, 0, 0, '2025-04-08 14:21:00.378182', '2025-04-08 14:21:00.378182', '2025-04-09 14:21:00.378182', '2025-04-09 14:21:00.378182')]
(Background on this error at: https://sqlalche.me/e/14/gkpj) (Background on this error at: https://sqlalche.me/e/14/7s2a)
