[2025-04-09T10:15:41.482-0400] {processor.py:157} INFO - Started process (PID=28700) to work on /Users/sarahrmclaughlin/Documents/repos/ml_ops/venv/lib/python3.10/site-packages/airflow/example_dags/tutorial.py
[2025-04-09T10:15:41.485-0400] {processor.py:829} INFO - Processing file /Users/sarahrmclaughlin/Documents/repos/ml_ops/venv/lib/python3.10/site-packages/airflow/example_dags/tutorial.py for tasks to queue
[2025-04-09T10:15:41.485-0400] {logging_mixin.py:151} INFO - [2025-04-09T10:15:41.485-0400] {dagbag.py:539} INFO - Filling up the DagBag from /Users/sarahrmclaughlin/Documents/repos/ml_ops/venv/lib/python3.10/site-packages/airflow/example_dags/tutorial.py
[2025-04-09T10:15:41.493-0400] {processor.py:839} INFO - DAG(s) dict_keys(['tutorial']) retrieved from /Users/sarahrmclaughlin/Documents/repos/ml_ops/venv/lib/python3.10/site-packages/airflow/example_dags/tutorial.py
[2025-04-09T10:15:41.724-0400] {logging_mixin.py:151} INFO - [2025-04-09T10:15:41.724-0400] {configuration.py:1212} ERROR - No module named 'airflow.providers.fab'
[2025-04-09T10:15:41.725-0400] {logging_mixin.py:151} INFO - [2025-04-09T10:15:41.724-0400] {dagbag.py:647} ERROR - Failed to write serialized DAG: /Users/sarahrmclaughlin/Documents/repos/ml_ops/venv/lib/python3.10/site-packages/airflow/example_dags/tutorial.py
Traceback (most recent call last):
  File "/Users/sarahrmclaughlin/Documents/repos/ml_ops/venv/lib/python3.10/site-packages/airflow/configuration.py", line 1210, in getimport
    return import_string(full_qualified_path)
  File "/Users/sarahrmclaughlin/Documents/repos/ml_ops/venv/lib/python3.10/site-packages/airflow/utils/module_loading.py", line 37, in import_string
    module = import_module(module_path)
  File "/opt/homebrew/Cellar/python@3.10/3.10.17/Frameworks/Python.framework/Versions/3.10/lib/python3.10/importlib/__init__.py", line 126, in import_module
    return _bootstrap._gcd_import(name[level:], package, level)
  File "<frozen importlib._bootstrap>", line 1050, in _gcd_import
  File "<frozen importlib._bootstrap>", line 1027, in _find_and_load
  File "<frozen importlib._bootstrap>", line 992, in _find_and_load_unlocked
  File "<frozen importlib._bootstrap>", line 241, in _call_with_frames_removed
  File "<frozen importlib._bootstrap>", line 1050, in _gcd_import
  File "<frozen importlib._bootstrap>", line 1027, in _find_and_load
  File "<frozen importlib._bootstrap>", line 992, in _find_and_load_unlocked
  File "<frozen importlib._bootstrap>", line 241, in _call_with_frames_removed
  File "<frozen importlib._bootstrap>", line 1050, in _gcd_import
  File "<frozen importlib._bootstrap>", line 1027, in _find_and_load
  File "<frozen importlib._bootstrap>", line 1004, in _find_and_load_unlocked
ModuleNotFoundError: No module named 'airflow.providers.fab'

During handling of the above exception, another exception occurred:

Traceback (most recent call last):
  File "/Users/sarahrmclaughlin/Documents/repos/ml_ops/venv/lib/python3.10/site-packages/airflow/models/dagbag.py", line 642, in _serialize_dag_capturing_errors
    DagBag._sync_perm_for_dag(dag, session=session)
  File "/Users/sarahrmclaughlin/Documents/repos/ml_ops/venv/lib/python3.10/site-packages/airflow/utils/session.py", line 74, in wrapper
    return func(*args, **kwargs)
  File "/Users/sarahrmclaughlin/Documents/repos/ml_ops/venv/lib/python3.10/site-packages/airflow/models/dagbag.py", line 693, in _sync_perm_for_dag
    from airflow.www.security import ApplessAirflowSecurityManager
  File "/Users/sarahrmclaughlin/Documents/repos/ml_ops/venv/lib/python3.10/site-packages/airflow/www/security.py", line 64, in <module>
    SecurityManagerOverride = get_auth_manager().get_security_manager_override_class()
  File "/Users/sarahrmclaughlin/Documents/repos/ml_ops/venv/lib/python3.10/site-packages/airflow/www/extensions/init_auth_manager.py", line 36, in get_auth_manager
    auth_manager_cls = conf.getimport(section="core", key="auth_manager")
  File "/Users/sarahrmclaughlin/Documents/repos/ml_ops/venv/lib/python3.10/site-packages/airflow/configuration.py", line 1213, in getimport
    raise AirflowConfigException(
airflow.exceptions.AirflowConfigException: The object could not be loaded. Please check "auth_manager" key in "core" section. Current value: "airflow.providers.fab.auth_manager.fab_auth_manager.FabAuthManager".
[2025-04-09T10:15:41.726-0400] {logging_mixin.py:151} INFO - [2025-04-09T10:15:41.725-0400] {dag.py:2907} INFO - Sync 1 DAGs
[2025-04-09T10:15:41.729-0400] {logging_mixin.py:151} INFO - [2025-04-09T10:15:41.729-0400] {dag.py:2929} INFO - Creating ORM DAG for tutorial
[2025-04-09T10:15:41.732-0400] {logging_mixin.py:151} INFO - [2025-04-09T10:15:41.732-0400] {dag.py:3677} INFO - Setting next_dagrun for tutorial to 2025-04-08T14:15:41.732343+00:00, run_after=2025-04-09T14:15:41.732343+00:00
[2025-04-09T10:15:41.888-0400] {logging_mixin.py:151} INFO - [2025-04-09T10:15:41.887-0400] {dagbag.py:647} ERROR - Failed to write serialized DAG: /Users/sarahrmclaughlin/Documents/repos/ml_ops/venv/lib/python3.10/site-packages/airflow/example_dags/tutorial.py
Traceback (most recent call last):
  File "/Users/sarahrmclaughlin/Documents/repos/ml_ops/venv/lib/python3.10/site-packages/airflow/models/dagbag.py", line 636, in _serialize_dag_capturing_errors
    dag_was_updated = SerializedDagModel.write_dag(
  File "/Users/sarahrmclaughlin/Documents/repos/ml_ops/venv/lib/python3.10/site-packages/airflow/utils/session.py", line 74, in wrapper
    return func(*args, **kwargs)
  File "/Users/sarahrmclaughlin/Documents/repos/ml_ops/venv/lib/python3.10/site-packages/airflow/models/serialized_dag.py", line 147, in write_dag
    if session.scalar(
  File "/Users/sarahrmclaughlin/Documents/repos/ml_ops/venv/lib/python3.10/site-packages/sqlalchemy/orm/session.py", line 1747, in scalar
    return self.execute(
  File "/Users/sarahrmclaughlin/Documents/repos/ml_ops/venv/lib/python3.10/site-packages/sqlalchemy/orm/session.py", line 1716, in execute
    conn = self._connection_for_bind(bind)
  File "/Users/sarahrmclaughlin/Documents/repos/ml_ops/venv/lib/python3.10/site-packages/sqlalchemy/orm/session.py", line 1555, in _connection_for_bind
    return self._transaction._connection_for_bind(
  File "/Users/sarahrmclaughlin/Documents/repos/ml_ops/venv/lib/python3.10/site-packages/sqlalchemy/orm/session.py", line 724, in _connection_for_bind
    self._assert_active()
  File "/Users/sarahrmclaughlin/Documents/repos/ml_ops/venv/lib/python3.10/site-packages/sqlalchemy/orm/session.py", line 604, in _assert_active
    raise sa_exc.PendingRollbackError(
sqlalchemy.exc.PendingRollbackError: This Session's transaction has been rolled back due to a previous exception during flush. To begin a new transaction with this Session, first issue Session.rollback(). Original exception was: (sqlite3.IntegrityError) NOT NULL constraint failed: dag.max_consecutive_failed_dag_runs
[SQL: INSERT INTO dag (dag_id, root_dag_id, is_paused, is_subdag, is_active, last_parsed_time, last_pickled, last_expired, scheduler_lock, pickle_id, fileloc, processor_subdir, owners, description, default_view, schedule_interval, timetable_description, max_active_tasks, max_active_runs, has_task_concurrency_limits, has_import_errors, next_dagrun, next_dagrun_data_interval_start, next_dagrun_data_interval_end, next_dagrun_create_after) VALUES (?, ?, ?, ?, ?, ?, ?, ?, ?, ?, ?, ?, ?, ?, ?, ?, ?, ?, ?, ?, ?, ?, ?, ?, ?)]
[parameters: ('tutorial', None, 1, 0, 1, '2025-04-09 14:15:41.732307', None, None, None, None, '/Users/sarahrmclaughlin/Documents/repos/ml_ops/venv/lib/python3.10/site-packages/airflow/example_dags/tutorial.py', '/Users/sarahrmclaughlin/Documents/repos/ml_ops/airflow/dags', 'airflow', 'A simple tutorial DAG', 'grid', '{"type": "timedelta", "attrs": {"days": 1, "seconds": 0, "microseconds": 0}}', '', 16, 16, 0, 0, '2025-04-08 14:15:41.732343', '2025-04-08 14:15:41.732343', '2025-04-09 14:15:41.732343', '2025-04-09 14:15:41.732343')]
(Background on this error at: https://sqlalche.me/e/14/gkpj) (Background on this error at: https://sqlalche.me/e/14/7s2a)
[2025-04-09T10:15:41.888-0400] {logging_mixin.py:151} INFO - [2025-04-09T10:15:41.888-0400] {dag.py:2907} INFO - Sync 1 DAGs
[2025-04-09T10:15:41.889-0400] {processor.py:182} ERROR - Got an exception! Propagating...
Traceback (most recent call last):
  File "/Users/sarahrmclaughlin/Documents/repos/ml_ops/venv/lib/python3.10/site-packages/airflow/dag_processing/processor.py", line 178, in _run_file_processor
    _handle_dag_file_processing()
  File "/Users/sarahrmclaughlin/Documents/repos/ml_ops/venv/lib/python3.10/site-packages/airflow/dag_processing/processor.py", line 159, in _handle_dag_file_processing
    result: tuple[int, int] = dag_file_processor.process_file(
  File "/Users/sarahrmclaughlin/Documents/repos/ml_ops/venv/lib/python3.10/site-packages/airflow/utils/session.py", line 77, in wrapper
    return func(*args, session=session, **kwargs)
  File "/Users/sarahrmclaughlin/Documents/repos/ml_ops/venv/lib/python3.10/site-packages/airflow/dag_processing/processor.py", line 857, in process_file
    serialize_errors = DagFileProcessor.save_dag_to_db(
  File "/Users/sarahrmclaughlin/Documents/repos/ml_ops/venv/lib/python3.10/site-packages/airflow/api_internal/internal_api_call.py", line 112, in wrapper
    return func(*args, **kwargs)
  File "/Users/sarahrmclaughlin/Documents/repos/ml_ops/venv/lib/python3.10/site-packages/airflow/utils/session.py", line 77, in wrapper
    return func(*args, session=session, **kwargs)
  File "/Users/sarahrmclaughlin/Documents/repos/ml_ops/venv/lib/python3.10/site-packages/airflow/dag_processing/processor.py", line 893, in save_dag_to_db
    import_errors = DagBag._sync_to_db(dags=dags, processor_subdir=dag_directory, session=session)
  File "/Users/sarahrmclaughlin/Documents/repos/ml_ops/venv/lib/python3.10/site-packages/airflow/utils/session.py", line 74, in wrapper
    return func(*args, **kwargs)
  File "/Users/sarahrmclaughlin/Documents/repos/ml_ops/venv/lib/python3.10/site-packages/airflow/models/dagbag.py", line 657, in _sync_to_db
    for attempt in run_with_db_retries(logger=log):
  File "/Users/sarahrmclaughlin/Documents/repos/ml_ops/venv/lib/python3.10/site-packages/tenacity/__init__.py", line 347, in __iter__
    do = self.iter(retry_state=retry_state)
  File "/Users/sarahrmclaughlin/Documents/repos/ml_ops/venv/lib/python3.10/site-packages/tenacity/__init__.py", line 314, in iter
    return fut.result()
  File "/opt/homebrew/Cellar/python@3.10/3.10.17/Frameworks/Python.framework/Versions/3.10/lib/python3.10/concurrent/futures/_base.py", line 451, in result
    return self.__get_result()
  File "/opt/homebrew/Cellar/python@3.10/3.10.17/Frameworks/Python.framework/Versions/3.10/lib/python3.10/concurrent/futures/_base.py", line 403, in __get_result
    raise self._exception
  File "/Users/sarahrmclaughlin/Documents/repos/ml_ops/venv/lib/python3.10/site-packages/airflow/models/dagbag.py", line 671, in _sync_to_db
    DAG.bulk_write_to_db(dags.values(), processor_subdir=processor_subdir, session=session)
  File "/Users/sarahrmclaughlin/Documents/repos/ml_ops/venv/lib/python3.10/site-packages/airflow/utils/session.py", line 74, in wrapper
    return func(*args, **kwargs)
  File "/Users/sarahrmclaughlin/Documents/repos/ml_ops/venv/lib/python3.10/site-packages/airflow/models/dag.py", line 2919, in bulk_write_to_db
    orm_dags: list[DagModel] = session.scalars(query).unique().all()
  File "/Users/sarahrmclaughlin/Documents/repos/ml_ops/venv/lib/python3.10/site-packages/sqlalchemy/orm/session.py", line 1778, in scalars
    return self.execute(
  File "/Users/sarahrmclaughlin/Documents/repos/ml_ops/venv/lib/python3.10/site-packages/sqlalchemy/orm/session.py", line 1716, in execute
    conn = self._connection_for_bind(bind)
  File "/Users/sarahrmclaughlin/Documents/repos/ml_ops/venv/lib/python3.10/site-packages/sqlalchemy/orm/session.py", line 1555, in _connection_for_bind
    return self._transaction._connection_for_bind(
  File "/Users/sarahrmclaughlin/Documents/repos/ml_ops/venv/lib/python3.10/site-packages/sqlalchemy/orm/session.py", line 724, in _connection_for_bind
    self._assert_active()
  File "/Users/sarahrmclaughlin/Documents/repos/ml_ops/venv/lib/python3.10/site-packages/sqlalchemy/orm/session.py", line 604, in _assert_active
    raise sa_exc.PendingRollbackError(
sqlalchemy.exc.PendingRollbackError: This Session's transaction has been rolled back due to a previous exception during flush. To begin a new transaction with this Session, first issue Session.rollback(). Original exception was: (sqlite3.IntegrityError) NOT NULL constraint failed: dag.max_consecutive_failed_dag_runs
[SQL: INSERT INTO dag (dag_id, root_dag_id, is_paused, is_subdag, is_active, last_parsed_time, last_pickled, last_expired, scheduler_lock, pickle_id, fileloc, processor_subdir, owners, description, default_view, schedule_interval, timetable_description, max_active_tasks, max_active_runs, has_task_concurrency_limits, has_import_errors, next_dagrun, next_dagrun_data_interval_start, next_dagrun_data_interval_end, next_dagrun_create_after) VALUES (?, ?, ?, ?, ?, ?, ?, ?, ?, ?, ?, ?, ?, ?, ?, ?, ?, ?, ?, ?, ?, ?, ?, ?, ?)]
[parameters: ('tutorial', None, 1, 0, 1, '2025-04-09 14:15:41.732307', None, None, None, None, '/Users/sarahrmclaughlin/Documents/repos/ml_ops/venv/lib/python3.10/site-packages/airflow/example_dags/tutorial.py', '/Users/sarahrmclaughlin/Documents/repos/ml_ops/airflow/dags', 'airflow', 'A simple tutorial DAG', 'grid', '{"type": "timedelta", "attrs": {"days": 1, "seconds": 0, "microseconds": 0}}', '', 16, 16, 0, 0, '2025-04-08 14:15:41.732343', '2025-04-08 14:15:41.732343', '2025-04-09 14:15:41.732343', '2025-04-09 14:15:41.732343')]
(Background on this error at: https://sqlalche.me/e/14/gkpj) (Background on this error at: https://sqlalche.me/e/14/7s2a)
[2025-04-09T10:17:07.922-0400] {processor.py:157} INFO - Started process (PID=28887) to work on /Users/sarahrmclaughlin/Documents/repos/ml_ops/venv/lib/python3.10/site-packages/airflow/example_dags/tutorial.py
[2025-04-09T10:17:07.925-0400] {processor.py:829} INFO - Processing file /Users/sarahrmclaughlin/Documents/repos/ml_ops/venv/lib/python3.10/site-packages/airflow/example_dags/tutorial.py for tasks to queue
[2025-04-09T10:17:07.926-0400] {logging_mixin.py:151} INFO - [2025-04-09T10:17:07.926-0400] {dagbag.py:539} INFO - Filling up the DagBag from /Users/sarahrmclaughlin/Documents/repos/ml_ops/venv/lib/python3.10/site-packages/airflow/example_dags/tutorial.py
[2025-04-09T10:17:07.935-0400] {processor.py:839} INFO - DAG(s) dict_keys(['tutorial']) retrieved from /Users/sarahrmclaughlin/Documents/repos/ml_ops/venv/lib/python3.10/site-packages/airflow/example_dags/tutorial.py
[2025-04-09T10:17:08.149-0400] {logging_mixin.py:151} INFO - [2025-04-09T10:17:08.149-0400] {configuration.py:1212} ERROR - No module named 'airflow.providers.fab'
[2025-04-09T10:17:08.150-0400] {logging_mixin.py:151} INFO - [2025-04-09T10:17:08.149-0400] {dagbag.py:647} ERROR - Failed to write serialized DAG: /Users/sarahrmclaughlin/Documents/repos/ml_ops/venv/lib/python3.10/site-packages/airflow/example_dags/tutorial.py
Traceback (most recent call last):
  File "/Users/sarahrmclaughlin/Documents/repos/ml_ops/venv/lib/python3.10/site-packages/airflow/configuration.py", line 1210, in getimport
    return import_string(full_qualified_path)
  File "/Users/sarahrmclaughlin/Documents/repos/ml_ops/venv/lib/python3.10/site-packages/airflow/utils/module_loading.py", line 37, in import_string
    module = import_module(module_path)
  File "/opt/homebrew/Cellar/python@3.10/3.10.17/Frameworks/Python.framework/Versions/3.10/lib/python3.10/importlib/__init__.py", line 126, in import_module
    return _bootstrap._gcd_import(name[level:], package, level)
  File "<frozen importlib._bootstrap>", line 1050, in _gcd_import
  File "<frozen importlib._bootstrap>", line 1027, in _find_and_load
  File "<frozen importlib._bootstrap>", line 992, in _find_and_load_unlocked
  File "<frozen importlib._bootstrap>", line 241, in _call_with_frames_removed
  File "<frozen importlib._bootstrap>", line 1050, in _gcd_import
  File "<frozen importlib._bootstrap>", line 1027, in _find_and_load
  File "<frozen importlib._bootstrap>", line 992, in _find_and_load_unlocked
  File "<frozen importlib._bootstrap>", line 241, in _call_with_frames_removed
  File "<frozen importlib._bootstrap>", line 1050, in _gcd_import
  File "<frozen importlib._bootstrap>", line 1027, in _find_and_load
  File "<frozen importlib._bootstrap>", line 1004, in _find_and_load_unlocked
ModuleNotFoundError: No module named 'airflow.providers.fab'

During handling of the above exception, another exception occurred:

Traceback (most recent call last):
  File "/Users/sarahrmclaughlin/Documents/repos/ml_ops/venv/lib/python3.10/site-packages/airflow/models/dagbag.py", line 642, in _serialize_dag_capturing_errors
    DagBag._sync_perm_for_dag(dag, session=session)
  File "/Users/sarahrmclaughlin/Documents/repos/ml_ops/venv/lib/python3.10/site-packages/airflow/utils/session.py", line 74, in wrapper
    return func(*args, **kwargs)
  File "/Users/sarahrmclaughlin/Documents/repos/ml_ops/venv/lib/python3.10/site-packages/airflow/models/dagbag.py", line 693, in _sync_perm_for_dag
    from airflow.www.security import ApplessAirflowSecurityManager
  File "/Users/sarahrmclaughlin/Documents/repos/ml_ops/venv/lib/python3.10/site-packages/airflow/www/security.py", line 64, in <module>
    SecurityManagerOverride = get_auth_manager().get_security_manager_override_class()
  File "/Users/sarahrmclaughlin/Documents/repos/ml_ops/venv/lib/python3.10/site-packages/airflow/www/extensions/init_auth_manager.py", line 36, in get_auth_manager
    auth_manager_cls = conf.getimport(section="core", key="auth_manager")
  File "/Users/sarahrmclaughlin/Documents/repos/ml_ops/venv/lib/python3.10/site-packages/airflow/configuration.py", line 1213, in getimport
    raise AirflowConfigException(
airflow.exceptions.AirflowConfigException: The object could not be loaded. Please check "auth_manager" key in "core" section. Current value: "airflow.providers.fab.auth_manager.fab_auth_manager.FabAuthManager".
[2025-04-09T10:17:08.150-0400] {logging_mixin.py:151} INFO - [2025-04-09T10:17:08.150-0400] {dag.py:2907} INFO - Sync 1 DAGs
[2025-04-09T10:17:08.153-0400] {logging_mixin.py:151} INFO - [2025-04-09T10:17:08.153-0400] {dag.py:2929} INFO - Creating ORM DAG for tutorial
[2025-04-09T10:17:08.156-0400] {logging_mixin.py:151} INFO - [2025-04-09T10:17:08.156-0400] {dag.py:3677} INFO - Setting next_dagrun for tutorial to 2025-04-08T14:17:08.156644+00:00, run_after=2025-04-09T14:17:08.156644+00:00
[2025-04-09T10:17:08.349-0400] {logging_mixin.py:151} INFO - [2025-04-09T10:17:08.347-0400] {dagbag.py:647} ERROR - Failed to write serialized DAG: /Users/sarahrmclaughlin/Documents/repos/ml_ops/venv/lib/python3.10/site-packages/airflow/example_dags/tutorial.py
Traceback (most recent call last):
  File "/Users/sarahrmclaughlin/Documents/repos/ml_ops/venv/lib/python3.10/site-packages/airflow/models/dagbag.py", line 636, in _serialize_dag_capturing_errors
    dag_was_updated = SerializedDagModel.write_dag(
  File "/Users/sarahrmclaughlin/Documents/repos/ml_ops/venv/lib/python3.10/site-packages/airflow/utils/session.py", line 74, in wrapper
    return func(*args, **kwargs)
  File "/Users/sarahrmclaughlin/Documents/repos/ml_ops/venv/lib/python3.10/site-packages/airflow/models/serialized_dag.py", line 147, in write_dag
    if session.scalar(
  File "/Users/sarahrmclaughlin/Documents/repos/ml_ops/venv/lib/python3.10/site-packages/sqlalchemy/orm/session.py", line 1747, in scalar
    return self.execute(
  File "/Users/sarahrmclaughlin/Documents/repos/ml_ops/venv/lib/python3.10/site-packages/sqlalchemy/orm/session.py", line 1716, in execute
    conn = self._connection_for_bind(bind)
  File "/Users/sarahrmclaughlin/Documents/repos/ml_ops/venv/lib/python3.10/site-packages/sqlalchemy/orm/session.py", line 1555, in _connection_for_bind
    return self._transaction._connection_for_bind(
  File "/Users/sarahrmclaughlin/Documents/repos/ml_ops/venv/lib/python3.10/site-packages/sqlalchemy/orm/session.py", line 724, in _connection_for_bind
    self._assert_active()
  File "/Users/sarahrmclaughlin/Documents/repos/ml_ops/venv/lib/python3.10/site-packages/sqlalchemy/orm/session.py", line 604, in _assert_active
    raise sa_exc.PendingRollbackError(
sqlalchemy.exc.PendingRollbackError: This Session's transaction has been rolled back due to a previous exception during flush. To begin a new transaction with this Session, first issue Session.rollback(). Original exception was: (sqlite3.IntegrityError) NOT NULL constraint failed: dag.max_consecutive_failed_dag_runs
[SQL: INSERT INTO dag (dag_id, root_dag_id, is_paused, is_subdag, is_active, last_parsed_time, last_pickled, last_expired, scheduler_lock, pickle_id, fileloc, processor_subdir, owners, description, default_view, schedule_interval, timetable_description, max_active_tasks, max_active_runs, has_task_concurrency_limits, has_import_errors, next_dagrun, next_dagrun_data_interval_start, next_dagrun_data_interval_end, next_dagrun_create_after) VALUES (?, ?, ?, ?, ?, ?, ?, ?, ?, ?, ?, ?, ?, ?, ?, ?, ?, ?, ?, ?, ?, ?, ?, ?, ?)]
[parameters: ('tutorial', None, 1, 0, 1, '2025-04-09 14:17:08.156606', None, None, None, None, '/Users/sarahrmclaughlin/Documents/repos/ml_ops/venv/lib/python3.10/site-packages/airflow/example_dags/tutorial.py', '/Users/sarahrmclaughlin/Documents/repos/ml_ops/airflow/dags', 'airflow', 'A simple tutorial DAG', 'grid', '{"type": "timedelta", "attrs": {"days": 1, "seconds": 0, "microseconds": 0}}', '', 16, 16, 0, 0, '2025-04-08 14:17:08.156644', '2025-04-08 14:17:08.156644', '2025-04-09 14:17:08.156644', '2025-04-09 14:17:08.156644')]
(Background on this error at: https://sqlalche.me/e/14/gkpj) (Background on this error at: https://sqlalche.me/e/14/7s2a)
[2025-04-09T10:17:08.349-0400] {logging_mixin.py:151} INFO - [2025-04-09T10:17:08.349-0400] {dag.py:2907} INFO - Sync 1 DAGs
[2025-04-09T10:17:08.350-0400] {processor.py:182} ERROR - Got an exception! Propagating...
Traceback (most recent call last):
  File "/Users/sarahrmclaughlin/Documents/repos/ml_ops/venv/lib/python3.10/site-packages/airflow/dag_processing/processor.py", line 178, in _run_file_processor
    _handle_dag_file_processing()
  File "/Users/sarahrmclaughlin/Documents/repos/ml_ops/venv/lib/python3.10/site-packages/airflow/dag_processing/processor.py", line 159, in _handle_dag_file_processing
    result: tuple[int, int] = dag_file_processor.process_file(
  File "/Users/sarahrmclaughlin/Documents/repos/ml_ops/venv/lib/python3.10/site-packages/airflow/utils/session.py", line 77, in wrapper
    return func(*args, session=session, **kwargs)
  File "/Users/sarahrmclaughlin/Documents/repos/ml_ops/venv/lib/python3.10/site-packages/airflow/dag_processing/processor.py", line 857, in process_file
    serialize_errors = DagFileProcessor.save_dag_to_db(
  File "/Users/sarahrmclaughlin/Documents/repos/ml_ops/venv/lib/python3.10/site-packages/airflow/api_internal/internal_api_call.py", line 112, in wrapper
    return func(*args, **kwargs)
  File "/Users/sarahrmclaughlin/Documents/repos/ml_ops/venv/lib/python3.10/site-packages/airflow/utils/session.py", line 77, in wrapper
    return func(*args, session=session, **kwargs)
  File "/Users/sarahrmclaughlin/Documents/repos/ml_ops/venv/lib/python3.10/site-packages/airflow/dag_processing/processor.py", line 893, in save_dag_to_db
    import_errors = DagBag._sync_to_db(dags=dags, processor_subdir=dag_directory, session=session)
  File "/Users/sarahrmclaughlin/Documents/repos/ml_ops/venv/lib/python3.10/site-packages/airflow/utils/session.py", line 74, in wrapper
    return func(*args, **kwargs)
  File "/Users/sarahrmclaughlin/Documents/repos/ml_ops/venv/lib/python3.10/site-packages/airflow/models/dagbag.py", line 657, in _sync_to_db
    for attempt in run_with_db_retries(logger=log):
  File "/Users/sarahrmclaughlin/Documents/repos/ml_ops/venv/lib/python3.10/site-packages/tenacity/__init__.py", line 347, in __iter__
    do = self.iter(retry_state=retry_state)
  File "/Users/sarahrmclaughlin/Documents/repos/ml_ops/venv/lib/python3.10/site-packages/tenacity/__init__.py", line 314, in iter
    return fut.result()
  File "/opt/homebrew/Cellar/python@3.10/3.10.17/Frameworks/Python.framework/Versions/3.10/lib/python3.10/concurrent/futures/_base.py", line 451, in result
    return self.__get_result()
  File "/opt/homebrew/Cellar/python@3.10/3.10.17/Frameworks/Python.framework/Versions/3.10/lib/python3.10/concurrent/futures/_base.py", line 403, in __get_result
    raise self._exception
  File "/Users/sarahrmclaughlin/Documents/repos/ml_ops/venv/lib/python3.10/site-packages/airflow/models/dagbag.py", line 671, in _sync_to_db
    DAG.bulk_write_to_db(dags.values(), processor_subdir=processor_subdir, session=session)
  File "/Users/sarahrmclaughlin/Documents/repos/ml_ops/venv/lib/python3.10/site-packages/airflow/utils/session.py", line 74, in wrapper
    return func(*args, **kwargs)
  File "/Users/sarahrmclaughlin/Documents/repos/ml_ops/venv/lib/python3.10/site-packages/airflow/models/dag.py", line 2919, in bulk_write_to_db
    orm_dags: list[DagModel] = session.scalars(query).unique().all()
  File "/Users/sarahrmclaughlin/Documents/repos/ml_ops/venv/lib/python3.10/site-packages/sqlalchemy/orm/session.py", line 1778, in scalars
    return self.execute(
  File "/Users/sarahrmclaughlin/Documents/repos/ml_ops/venv/lib/python3.10/site-packages/sqlalchemy/orm/session.py", line 1716, in execute
    conn = self._connection_for_bind(bind)
  File "/Users/sarahrmclaughlin/Documents/repos/ml_ops/venv/lib/python3.10/site-packages/sqlalchemy/orm/session.py", line 1555, in _connection_for_bind
    return self._transaction._connection_for_bind(
  File "/Users/sarahrmclaughlin/Documents/repos/ml_ops/venv/lib/python3.10/site-packages/sqlalchemy/orm/session.py", line 724, in _connection_for_bind
    self._assert_active()
  File "/Users/sarahrmclaughlin/Documents/repos/ml_ops/venv/lib/python3.10/site-packages/sqlalchemy/orm/session.py", line 604, in _assert_active
    raise sa_exc.PendingRollbackError(
sqlalchemy.exc.PendingRollbackError: This Session's transaction has been rolled back due to a previous exception during flush. To begin a new transaction with this Session, first issue Session.rollback(). Original exception was: (sqlite3.IntegrityError) NOT NULL constraint failed: dag.max_consecutive_failed_dag_runs
[SQL: INSERT INTO dag (dag_id, root_dag_id, is_paused, is_subdag, is_active, last_parsed_time, last_pickled, last_expired, scheduler_lock, pickle_id, fileloc, processor_subdir, owners, description, default_view, schedule_interval, timetable_description, max_active_tasks, max_active_runs, has_task_concurrency_limits, has_import_errors, next_dagrun, next_dagrun_data_interval_start, next_dagrun_data_interval_end, next_dagrun_create_after) VALUES (?, ?, ?, ?, ?, ?, ?, ?, ?, ?, ?, ?, ?, ?, ?, ?, ?, ?, ?, ?, ?, ?, ?, ?, ?)]
[parameters: ('tutorial', None, 1, 0, 1, '2025-04-09 14:17:08.156606', None, None, None, None, '/Users/sarahrmclaughlin/Documents/repos/ml_ops/venv/lib/python3.10/site-packages/airflow/example_dags/tutorial.py', '/Users/sarahrmclaughlin/Documents/repos/ml_ops/airflow/dags', 'airflow', 'A simple tutorial DAG', 'grid', '{"type": "timedelta", "attrs": {"days": 1, "seconds": 0, "microseconds": 0}}', '', 16, 16, 0, 0, '2025-04-08 14:17:08.156644', '2025-04-08 14:17:08.156644', '2025-04-09 14:17:08.156644', '2025-04-09 14:17:08.156644')]
(Background on this error at: https://sqlalche.me/e/14/gkpj) (Background on this error at: https://sqlalche.me/e/14/7s2a)
[2025-04-09T10:18:02.779-0400] {processor.py:157} INFO - Started process (PID=29146) to work on /Users/sarahrmclaughlin/Documents/repos/ml_ops/venv/lib/python3.10/site-packages/airflow/example_dags/tutorial.py
[2025-04-09T10:18:02.784-0400] {processor.py:829} INFO - Processing file /Users/sarahrmclaughlin/Documents/repos/ml_ops/venv/lib/python3.10/site-packages/airflow/example_dags/tutorial.py for tasks to queue
[2025-04-09T10:18:02.784-0400] {logging_mixin.py:151} INFO - [2025-04-09T10:18:02.784-0400] {dagbag.py:539} INFO - Filling up the DagBag from /Users/sarahrmclaughlin/Documents/repos/ml_ops/venv/lib/python3.10/site-packages/airflow/example_dags/tutorial.py
[2025-04-09T10:18:02.793-0400] {processor.py:839} INFO - DAG(s) dict_keys(['tutorial']) retrieved from /Users/sarahrmclaughlin/Documents/repos/ml_ops/venv/lib/python3.10/site-packages/airflow/example_dags/tutorial.py
[2025-04-09T10:18:03.003-0400] {logging_mixin.py:151} INFO - [2025-04-09T10:18:03.003-0400] {configuration.py:1212} ERROR - No module named 'airflow.providers.fab'
[2025-04-09T10:18:03.004-0400] {logging_mixin.py:151} INFO - [2025-04-09T10:18:03.003-0400] {dagbag.py:647} ERROR - Failed to write serialized DAG: /Users/sarahrmclaughlin/Documents/repos/ml_ops/venv/lib/python3.10/site-packages/airflow/example_dags/tutorial.py
Traceback (most recent call last):
  File "/Users/sarahrmclaughlin/Documents/repos/ml_ops/venv/lib/python3.10/site-packages/airflow/configuration.py", line 1210, in getimport
    return import_string(full_qualified_path)
  File "/Users/sarahrmclaughlin/Documents/repos/ml_ops/venv/lib/python3.10/site-packages/airflow/utils/module_loading.py", line 37, in import_string
    module = import_module(module_path)
  File "/opt/homebrew/Cellar/python@3.10/3.10.17/Frameworks/Python.framework/Versions/3.10/lib/python3.10/importlib/__init__.py", line 126, in import_module
    return _bootstrap._gcd_import(name[level:], package, level)
  File "<frozen importlib._bootstrap>", line 1050, in _gcd_import
  File "<frozen importlib._bootstrap>", line 1027, in _find_and_load
  File "<frozen importlib._bootstrap>", line 992, in _find_and_load_unlocked
  File "<frozen importlib._bootstrap>", line 241, in _call_with_frames_removed
  File "<frozen importlib._bootstrap>", line 1050, in _gcd_import
  File "<frozen importlib._bootstrap>", line 1027, in _find_and_load
  File "<frozen importlib._bootstrap>", line 992, in _find_and_load_unlocked
  File "<frozen importlib._bootstrap>", line 241, in _call_with_frames_removed
  File "<frozen importlib._bootstrap>", line 1050, in _gcd_import
  File "<frozen importlib._bootstrap>", line 1027, in _find_and_load
  File "<frozen importlib._bootstrap>", line 1004, in _find_and_load_unlocked
ModuleNotFoundError: No module named 'airflow.providers.fab'

During handling of the above exception, another exception occurred:

Traceback (most recent call last):
  File "/Users/sarahrmclaughlin/Documents/repos/ml_ops/venv/lib/python3.10/site-packages/airflow/models/dagbag.py", line 642, in _serialize_dag_capturing_errors
    DagBag._sync_perm_for_dag(dag, session=session)
  File "/Users/sarahrmclaughlin/Documents/repos/ml_ops/venv/lib/python3.10/site-packages/airflow/utils/session.py", line 74, in wrapper
    return func(*args, **kwargs)
  File "/Users/sarahrmclaughlin/Documents/repos/ml_ops/venv/lib/python3.10/site-packages/airflow/models/dagbag.py", line 693, in _sync_perm_for_dag
    from airflow.www.security import ApplessAirflowSecurityManager
  File "/Users/sarahrmclaughlin/Documents/repos/ml_ops/venv/lib/python3.10/site-packages/airflow/www/security.py", line 64, in <module>
    SecurityManagerOverride = get_auth_manager().get_security_manager_override_class()
  File "/Users/sarahrmclaughlin/Documents/repos/ml_ops/venv/lib/python3.10/site-packages/airflow/www/extensions/init_auth_manager.py", line 36, in get_auth_manager
    auth_manager_cls = conf.getimport(section="core", key="auth_manager")
  File "/Users/sarahrmclaughlin/Documents/repos/ml_ops/venv/lib/python3.10/site-packages/airflow/configuration.py", line 1213, in getimport
    raise AirflowConfigException(
airflow.exceptions.AirflowConfigException: The object could not be loaded. Please check "auth_manager" key in "core" section. Current value: "airflow.providers.fab.auth_manager.fab_auth_manager.FabAuthManager".
[2025-04-09T10:18:03.004-0400] {logging_mixin.py:151} INFO - [2025-04-09T10:18:03.004-0400] {dag.py:2907} INFO - Sync 1 DAGs
[2025-04-09T10:18:03.008-0400] {logging_mixin.py:151} INFO - [2025-04-09T10:18:03.008-0400] {dag.py:2929} INFO - Creating ORM DAG for tutorial
[2025-04-09T10:18:03.010-0400] {logging_mixin.py:151} INFO - [2025-04-09T10:18:03.010-0400] {dag.py:3677} INFO - Setting next_dagrun for tutorial to 2025-04-08T14:18:03.010594+00:00, run_after=2025-04-09T14:18:03.010594+00:00
[2025-04-09T10:18:03.480-0400] {logging_mixin.py:151} INFO - [2025-04-09T10:18:03.476-0400] {dagbag.py:647} ERROR - Failed to write serialized DAG: /Users/sarahrmclaughlin/Documents/repos/ml_ops/venv/lib/python3.10/site-packages/airflow/example_dags/tutorial.py
Traceback (most recent call last):
  File "/Users/sarahrmclaughlin/Documents/repos/ml_ops/venv/lib/python3.10/site-packages/airflow/models/dagbag.py", line 636, in _serialize_dag_capturing_errors
    dag_was_updated = SerializedDagModel.write_dag(
  File "/Users/sarahrmclaughlin/Documents/repos/ml_ops/venv/lib/python3.10/site-packages/airflow/utils/session.py", line 74, in wrapper
    return func(*args, **kwargs)
  File "/Users/sarahrmclaughlin/Documents/repos/ml_ops/venv/lib/python3.10/site-packages/airflow/models/serialized_dag.py", line 147, in write_dag
    if session.scalar(
  File "/Users/sarahrmclaughlin/Documents/repos/ml_ops/venv/lib/python3.10/site-packages/sqlalchemy/orm/session.py", line 1747, in scalar
    return self.execute(
  File "/Users/sarahrmclaughlin/Documents/repos/ml_ops/venv/lib/python3.10/site-packages/sqlalchemy/orm/session.py", line 1716, in execute
    conn = self._connection_for_bind(bind)
  File "/Users/sarahrmclaughlin/Documents/repos/ml_ops/venv/lib/python3.10/site-packages/sqlalchemy/orm/session.py", line 1555, in _connection_for_bind
    return self._transaction._connection_for_bind(
  File "/Users/sarahrmclaughlin/Documents/repos/ml_ops/venv/lib/python3.10/site-packages/sqlalchemy/orm/session.py", line 724, in _connection_for_bind
    self._assert_active()
  File "/Users/sarahrmclaughlin/Documents/repos/ml_ops/venv/lib/python3.10/site-packages/sqlalchemy/orm/session.py", line 604, in _assert_active
    raise sa_exc.PendingRollbackError(
sqlalchemy.exc.PendingRollbackError: This Session's transaction has been rolled back due to a previous exception during flush. To begin a new transaction with this Session, first issue Session.rollback(). Original exception was: (sqlite3.IntegrityError) NOT NULL constraint failed: dag.max_consecutive_failed_dag_runs
[SQL: INSERT INTO dag (dag_id, root_dag_id, is_paused, is_subdag, is_active, last_parsed_time, last_pickled, last_expired, scheduler_lock, pickle_id, fileloc, processor_subdir, owners, description, default_view, schedule_interval, timetable_description, max_active_tasks, max_active_runs, has_task_concurrency_limits, has_import_errors, next_dagrun, next_dagrun_data_interval_start, next_dagrun_data_interval_end, next_dagrun_create_after) VALUES (?, ?, ?, ?, ?, ?, ?, ?, ?, ?, ?, ?, ?, ?, ?, ?, ?, ?, ?, ?, ?, ?, ?, ?, ?)]
[parameters: ('tutorial', None, 1, 0, 1, '2025-04-09 14:18:03.010565', None, None, None, None, '/Users/sarahrmclaughlin/Documents/repos/ml_ops/venv/lib/python3.10/site-packages/airflow/example_dags/tutorial.py', '/Users/sarahrmclaughlin/Documents/repos/ml_ops/airflow/dags', 'airflow', 'A simple tutorial DAG', 'grid', '{"type": "timedelta", "attrs": {"days": 1, "seconds": 0, "microseconds": 0}}', '', 16, 16, 0, 0, '2025-04-08 14:18:03.010594', '2025-04-08 14:18:03.010594', '2025-04-09 14:18:03.010594', '2025-04-09 14:18:03.010594')]
(Background on this error at: https://sqlalche.me/e/14/gkpj) (Background on this error at: https://sqlalche.me/e/14/7s2a)
[2025-04-09T10:18:03.481-0400] {logging_mixin.py:151} INFO - [2025-04-09T10:18:03.480-0400] {dag.py:2907} INFO - Sync 1 DAGs
[2025-04-09T10:18:03.483-0400] {processor.py:182} ERROR - Got an exception! Propagating...
Traceback (most recent call last):
  File "/Users/sarahrmclaughlin/Documents/repos/ml_ops/venv/lib/python3.10/site-packages/airflow/dag_processing/processor.py", line 178, in _run_file_processor
    _handle_dag_file_processing()
  File "/Users/sarahrmclaughlin/Documents/repos/ml_ops/venv/lib/python3.10/site-packages/airflow/dag_processing/processor.py", line 159, in _handle_dag_file_processing
    result: tuple[int, int] = dag_file_processor.process_file(
  File "/Users/sarahrmclaughlin/Documents/repos/ml_ops/venv/lib/python3.10/site-packages/airflow/utils/session.py", line 77, in wrapper
    return func(*args, session=session, **kwargs)
  File "/Users/sarahrmclaughlin/Documents/repos/ml_ops/venv/lib/python3.10/site-packages/airflow/dag_processing/processor.py", line 857, in process_file
    serialize_errors = DagFileProcessor.save_dag_to_db(
  File "/Users/sarahrmclaughlin/Documents/repos/ml_ops/venv/lib/python3.10/site-packages/airflow/api_internal/internal_api_call.py", line 112, in wrapper
    return func(*args, **kwargs)
  File "/Users/sarahrmclaughlin/Documents/repos/ml_ops/venv/lib/python3.10/site-packages/airflow/utils/session.py", line 77, in wrapper
    return func(*args, session=session, **kwargs)
  File "/Users/sarahrmclaughlin/Documents/repos/ml_ops/venv/lib/python3.10/site-packages/airflow/dag_processing/processor.py", line 893, in save_dag_to_db
    import_errors = DagBag._sync_to_db(dags=dags, processor_subdir=dag_directory, session=session)
  File "/Users/sarahrmclaughlin/Documents/repos/ml_ops/venv/lib/python3.10/site-packages/airflow/utils/session.py", line 74, in wrapper
    return func(*args, **kwargs)
  File "/Users/sarahrmclaughlin/Documents/repos/ml_ops/venv/lib/python3.10/site-packages/airflow/models/dagbag.py", line 657, in _sync_to_db
    for attempt in run_with_db_retries(logger=log):
  File "/Users/sarahrmclaughlin/Documents/repos/ml_ops/venv/lib/python3.10/site-packages/tenacity/__init__.py", line 347, in __iter__
    do = self.iter(retry_state=retry_state)
  File "/Users/sarahrmclaughlin/Documents/repos/ml_ops/venv/lib/python3.10/site-packages/tenacity/__init__.py", line 314, in iter
    return fut.result()
  File "/opt/homebrew/Cellar/python@3.10/3.10.17/Frameworks/Python.framework/Versions/3.10/lib/python3.10/concurrent/futures/_base.py", line 451, in result
    return self.__get_result()
  File "/opt/homebrew/Cellar/python@3.10/3.10.17/Frameworks/Python.framework/Versions/3.10/lib/python3.10/concurrent/futures/_base.py", line 403, in __get_result
    raise self._exception
  File "/Users/sarahrmclaughlin/Documents/repos/ml_ops/venv/lib/python3.10/site-packages/airflow/models/dagbag.py", line 671, in _sync_to_db
    DAG.bulk_write_to_db(dags.values(), processor_subdir=processor_subdir, session=session)
  File "/Users/sarahrmclaughlin/Documents/repos/ml_ops/venv/lib/python3.10/site-packages/airflow/utils/session.py", line 74, in wrapper
    return func(*args, **kwargs)
  File "/Users/sarahrmclaughlin/Documents/repos/ml_ops/venv/lib/python3.10/site-packages/airflow/models/dag.py", line 2919, in bulk_write_to_db
    orm_dags: list[DagModel] = session.scalars(query).unique().all()
  File "/Users/sarahrmclaughlin/Documents/repos/ml_ops/venv/lib/python3.10/site-packages/sqlalchemy/orm/session.py", line 1778, in scalars
    return self.execute(
  File "/Users/sarahrmclaughlin/Documents/repos/ml_ops/venv/lib/python3.10/site-packages/sqlalchemy/orm/session.py", line 1716, in execute
    conn = self._connection_for_bind(bind)
  File "/Users/sarahrmclaughlin/Documents/repos/ml_ops/venv/lib/python3.10/site-packages/sqlalchemy/orm/session.py", line 1555, in _connection_for_bind
    return self._transaction._connection_for_bind(
  File "/Users/sarahrmclaughlin/Documents/repos/ml_ops/venv/lib/python3.10/site-packages/sqlalchemy/orm/session.py", line 724, in _connection_for_bind
    self._assert_active()
  File "/Users/sarahrmclaughlin/Documents/repos/ml_ops/venv/lib/python3.10/site-packages/sqlalchemy/orm/session.py", line 604, in _assert_active
    raise sa_exc.PendingRollbackError(
sqlalchemy.exc.PendingRollbackError: This Session's transaction has been rolled back due to a previous exception during flush. To begin a new transaction with this Session, first issue Session.rollback(). Original exception was: (sqlite3.IntegrityError) NOT NULL constraint failed: dag.max_consecutive_failed_dag_runs
[SQL: INSERT INTO dag (dag_id, root_dag_id, is_paused, is_subdag, is_active, last_parsed_time, last_pickled, last_expired, scheduler_lock, pickle_id, fileloc, processor_subdir, owners, description, default_view, schedule_interval, timetable_description, max_active_tasks, max_active_runs, has_task_concurrency_limits, has_import_errors, next_dagrun, next_dagrun_data_interval_start, next_dagrun_data_interval_end, next_dagrun_create_after) VALUES (?, ?, ?, ?, ?, ?, ?, ?, ?, ?, ?, ?, ?, ?, ?, ?, ?, ?, ?, ?, ?, ?, ?, ?, ?)]
[parameters: ('tutorial', None, 1, 0, 1, '2025-04-09 14:18:03.010565', None, None, None, None, '/Users/sarahrmclaughlin/Documents/repos/ml_ops/venv/lib/python3.10/site-packages/airflow/example_dags/tutorial.py', '/Users/sarahrmclaughlin/Documents/repos/ml_ops/airflow/dags', 'airflow', 'A simple tutorial DAG', 'grid', '{"type": "timedelta", "attrs": {"days": 1, "seconds": 0, "microseconds": 0}}', '', 16, 16, 0, 0, '2025-04-08 14:18:03.010594', '2025-04-08 14:18:03.010594', '2025-04-09 14:18:03.010594', '2025-04-09 14:18:03.010594')]
(Background on this error at: https://sqlalche.me/e/14/gkpj) (Background on this error at: https://sqlalche.me/e/14/7s2a)
[2025-04-09T10:18:57.823-0400] {processor.py:157} INFO - Started process (PID=29288) to work on /Users/sarahrmclaughlin/Documents/repos/ml_ops/venv/lib/python3.10/site-packages/airflow/example_dags/tutorial.py
[2025-04-09T10:18:57.826-0400] {processor.py:829} INFO - Processing file /Users/sarahrmclaughlin/Documents/repos/ml_ops/venv/lib/python3.10/site-packages/airflow/example_dags/tutorial.py for tasks to queue
[2025-04-09T10:18:57.826-0400] {logging_mixin.py:151} INFO - [2025-04-09T10:18:57.826-0400] {dagbag.py:539} INFO - Filling up the DagBag from /Users/sarahrmclaughlin/Documents/repos/ml_ops/venv/lib/python3.10/site-packages/airflow/example_dags/tutorial.py
[2025-04-09T10:18:57.834-0400] {processor.py:839} INFO - DAG(s) dict_keys(['tutorial']) retrieved from /Users/sarahrmclaughlin/Documents/repos/ml_ops/venv/lib/python3.10/site-packages/airflow/example_dags/tutorial.py
[2025-04-09T10:18:58.057-0400] {logging_mixin.py:151} INFO - [2025-04-09T10:18:58.056-0400] {configuration.py:1212} ERROR - No module named 'airflow.providers.fab'
[2025-04-09T10:18:58.057-0400] {logging_mixin.py:151} INFO - [2025-04-09T10:18:58.057-0400] {dagbag.py:647} ERROR - Failed to write serialized DAG: /Users/sarahrmclaughlin/Documents/repos/ml_ops/venv/lib/python3.10/site-packages/airflow/example_dags/tutorial.py
Traceback (most recent call last):
  File "/Users/sarahrmclaughlin/Documents/repos/ml_ops/venv/lib/python3.10/site-packages/airflow/configuration.py", line 1210, in getimport
    return import_string(full_qualified_path)
  File "/Users/sarahrmclaughlin/Documents/repos/ml_ops/venv/lib/python3.10/site-packages/airflow/utils/module_loading.py", line 37, in import_string
    module = import_module(module_path)
  File "/opt/homebrew/Cellar/python@3.10/3.10.17/Frameworks/Python.framework/Versions/3.10/lib/python3.10/importlib/__init__.py", line 126, in import_module
    return _bootstrap._gcd_import(name[level:], package, level)
  File "<frozen importlib._bootstrap>", line 1050, in _gcd_import
  File "<frozen importlib._bootstrap>", line 1027, in _find_and_load
  File "<frozen importlib._bootstrap>", line 992, in _find_and_load_unlocked
  File "<frozen importlib._bootstrap>", line 241, in _call_with_frames_removed
  File "<frozen importlib._bootstrap>", line 1050, in _gcd_import
  File "<frozen importlib._bootstrap>", line 1027, in _find_and_load
  File "<frozen importlib._bootstrap>", line 992, in _find_and_load_unlocked
  File "<frozen importlib._bootstrap>", line 241, in _call_with_frames_removed
  File "<frozen importlib._bootstrap>", line 1050, in _gcd_import
  File "<frozen importlib._bootstrap>", line 1027, in _find_and_load
  File "<frozen importlib._bootstrap>", line 1004, in _find_and_load_unlocked
ModuleNotFoundError: No module named 'airflow.providers.fab'

During handling of the above exception, another exception occurred:

Traceback (most recent call last):
  File "/Users/sarahrmclaughlin/Documents/repos/ml_ops/venv/lib/python3.10/site-packages/airflow/models/dagbag.py", line 642, in _serialize_dag_capturing_errors
    DagBag._sync_perm_for_dag(dag, session=session)
  File "/Users/sarahrmclaughlin/Documents/repos/ml_ops/venv/lib/python3.10/site-packages/airflow/utils/session.py", line 74, in wrapper
    return func(*args, **kwargs)
  File "/Users/sarahrmclaughlin/Documents/repos/ml_ops/venv/lib/python3.10/site-packages/airflow/models/dagbag.py", line 693, in _sync_perm_for_dag
    from airflow.www.security import ApplessAirflowSecurityManager
  File "/Users/sarahrmclaughlin/Documents/repos/ml_ops/venv/lib/python3.10/site-packages/airflow/www/security.py", line 64, in <module>
    SecurityManagerOverride = get_auth_manager().get_security_manager_override_class()
  File "/Users/sarahrmclaughlin/Documents/repos/ml_ops/venv/lib/python3.10/site-packages/airflow/www/extensions/init_auth_manager.py", line 36, in get_auth_manager
    auth_manager_cls = conf.getimport(section="core", key="auth_manager")
  File "/Users/sarahrmclaughlin/Documents/repos/ml_ops/venv/lib/python3.10/site-packages/airflow/configuration.py", line 1213, in getimport
    raise AirflowConfigException(
airflow.exceptions.AirflowConfigException: The object could not be loaded. Please check "auth_manager" key in "core" section. Current value: "airflow.providers.fab.auth_manager.fab_auth_manager.FabAuthManager".
[2025-04-09T10:18:58.058-0400] {logging_mixin.py:151} INFO - [2025-04-09T10:18:58.058-0400] {dag.py:2907} INFO - Sync 1 DAGs
[2025-04-09T10:18:58.061-0400] {logging_mixin.py:151} INFO - [2025-04-09T10:18:58.061-0400] {dag.py:2929} INFO - Creating ORM DAG for tutorial
[2025-04-09T10:18:58.064-0400] {logging_mixin.py:151} INFO - [2025-04-09T10:18:58.064-0400] {dag.py:3677} INFO - Setting next_dagrun for tutorial to 2025-04-08T14:18:58.064411+00:00, run_after=2025-04-09T14:18:58.064411+00:00
[2025-04-09T10:18:58.328-0400] {logging_mixin.py:151} INFO - [2025-04-09T10:18:58.326-0400] {dagbag.py:647} ERROR - Failed to write serialized DAG: /Users/sarahrmclaughlin/Documents/repos/ml_ops/venv/lib/python3.10/site-packages/airflow/example_dags/tutorial.py
Traceback (most recent call last):
  File "/Users/sarahrmclaughlin/Documents/repos/ml_ops/venv/lib/python3.10/site-packages/airflow/models/dagbag.py", line 636, in _serialize_dag_capturing_errors
    dag_was_updated = SerializedDagModel.write_dag(
  File "/Users/sarahrmclaughlin/Documents/repos/ml_ops/venv/lib/python3.10/site-packages/airflow/utils/session.py", line 74, in wrapper
    return func(*args, **kwargs)
  File "/Users/sarahrmclaughlin/Documents/repos/ml_ops/venv/lib/python3.10/site-packages/airflow/models/serialized_dag.py", line 147, in write_dag
    if session.scalar(
  File "/Users/sarahrmclaughlin/Documents/repos/ml_ops/venv/lib/python3.10/site-packages/sqlalchemy/orm/session.py", line 1747, in scalar
    return self.execute(
  File "/Users/sarahrmclaughlin/Documents/repos/ml_ops/venv/lib/python3.10/site-packages/sqlalchemy/orm/session.py", line 1716, in execute
    conn = self._connection_for_bind(bind)
  File "/Users/sarahrmclaughlin/Documents/repos/ml_ops/venv/lib/python3.10/site-packages/sqlalchemy/orm/session.py", line 1555, in _connection_for_bind
    return self._transaction._connection_for_bind(
  File "/Users/sarahrmclaughlin/Documents/repos/ml_ops/venv/lib/python3.10/site-packages/sqlalchemy/orm/session.py", line 724, in _connection_for_bind
    self._assert_active()
  File "/Users/sarahrmclaughlin/Documents/repos/ml_ops/venv/lib/python3.10/site-packages/sqlalchemy/orm/session.py", line 604, in _assert_active
    raise sa_exc.PendingRollbackError(
sqlalchemy.exc.PendingRollbackError: This Session's transaction has been rolled back due to a previous exception during flush. To begin a new transaction with this Session, first issue Session.rollback(). Original exception was: (sqlite3.IntegrityError) NOT NULL constraint failed: dag.max_consecutive_failed_dag_runs
[SQL: INSERT INTO dag (dag_id, root_dag_id, is_paused, is_subdag, is_active, last_parsed_time, last_pickled, last_expired, scheduler_lock, pickle_id, fileloc, processor_subdir, owners, description, default_view, schedule_interval, timetable_description, max_active_tasks, max_active_runs, has_task_concurrency_limits, has_import_errors, next_dagrun, next_dagrun_data_interval_start, next_dagrun_data_interval_end, next_dagrun_create_after) VALUES (?, ?, ?, ?, ?, ?, ?, ?, ?, ?, ?, ?, ?, ?, ?, ?, ?, ?, ?, ?, ?, ?, ?, ?, ?)]
[parameters: ('tutorial', None, 1, 0, 1, '2025-04-09 14:18:58.064378', None, None, None, None, '/Users/sarahrmclaughlin/Documents/repos/ml_ops/venv/lib/python3.10/site-packages/airflow/example_dags/tutorial.py', '/Users/sarahrmclaughlin/Documents/repos/ml_ops/airflow/dags', 'airflow', 'A simple tutorial DAG', 'grid', '{"type": "timedelta", "attrs": {"days": 1, "seconds": 0, "microseconds": 0}}', '', 16, 16, 0, 0, '2025-04-08 14:18:58.064411', '2025-04-08 14:18:58.064411', '2025-04-09 14:18:58.064411', '2025-04-09 14:18:58.064411')]
(Background on this error at: https://sqlalche.me/e/14/gkpj) (Background on this error at: https://sqlalche.me/e/14/7s2a)
[2025-04-09T10:18:58.328-0400] {logging_mixin.py:151} INFO - [2025-04-09T10:18:58.328-0400] {dag.py:2907} INFO - Sync 1 DAGs
[2025-04-09T10:18:58.329-0400] {processor.py:182} ERROR - Got an exception! Propagating...
Traceback (most recent call last):
  File "/Users/sarahrmclaughlin/Documents/repos/ml_ops/venv/lib/python3.10/site-packages/airflow/dag_processing/processor.py", line 178, in _run_file_processor
    _handle_dag_file_processing()
  File "/Users/sarahrmclaughlin/Documents/repos/ml_ops/venv/lib/python3.10/site-packages/airflow/dag_processing/processor.py", line 159, in _handle_dag_file_processing
    result: tuple[int, int] = dag_file_processor.process_file(
  File "/Users/sarahrmclaughlin/Documents/repos/ml_ops/venv/lib/python3.10/site-packages/airflow/utils/session.py", line 77, in wrapper
    return func(*args, session=session, **kwargs)
  File "/Users/sarahrmclaughlin/Documents/repos/ml_ops/venv/lib/python3.10/site-packages/airflow/dag_processing/processor.py", line 857, in process_file
    serialize_errors = DagFileProcessor.save_dag_to_db(
  File "/Users/sarahrmclaughlin/Documents/repos/ml_ops/venv/lib/python3.10/site-packages/airflow/api_internal/internal_api_call.py", line 112, in wrapper
    return func(*args, **kwargs)
  File "/Users/sarahrmclaughlin/Documents/repos/ml_ops/venv/lib/python3.10/site-packages/airflow/utils/session.py", line 77, in wrapper
    return func(*args, session=session, **kwargs)
  File "/Users/sarahrmclaughlin/Documents/repos/ml_ops/venv/lib/python3.10/site-packages/airflow/dag_processing/processor.py", line 893, in save_dag_to_db
    import_errors = DagBag._sync_to_db(dags=dags, processor_subdir=dag_directory, session=session)
  File "/Users/sarahrmclaughlin/Documents/repos/ml_ops/venv/lib/python3.10/site-packages/airflow/utils/session.py", line 74, in wrapper
    return func(*args, **kwargs)
  File "/Users/sarahrmclaughlin/Documents/repos/ml_ops/venv/lib/python3.10/site-packages/airflow/models/dagbag.py", line 657, in _sync_to_db
    for attempt in run_with_db_retries(logger=log):
  File "/Users/sarahrmclaughlin/Documents/repos/ml_ops/venv/lib/python3.10/site-packages/tenacity/__init__.py", line 347, in __iter__
    do = self.iter(retry_state=retry_state)
  File "/Users/sarahrmclaughlin/Documents/repos/ml_ops/venv/lib/python3.10/site-packages/tenacity/__init__.py", line 314, in iter
    return fut.result()
  File "/opt/homebrew/Cellar/python@3.10/3.10.17/Frameworks/Python.framework/Versions/3.10/lib/python3.10/concurrent/futures/_base.py", line 451, in result
    return self.__get_result()
  File "/opt/homebrew/Cellar/python@3.10/3.10.17/Frameworks/Python.framework/Versions/3.10/lib/python3.10/concurrent/futures/_base.py", line 403, in __get_result
    raise self._exception
  File "/Users/sarahrmclaughlin/Documents/repos/ml_ops/venv/lib/python3.10/site-packages/airflow/models/dagbag.py", line 671, in _sync_to_db
    DAG.bulk_write_to_db(dags.values(), processor_subdir=processor_subdir, session=session)
  File "/Users/sarahrmclaughlin/Documents/repos/ml_ops/venv/lib/python3.10/site-packages/airflow/utils/session.py", line 74, in wrapper
    return func(*args, **kwargs)
  File "/Users/sarahrmclaughlin/Documents/repos/ml_ops/venv/lib/python3.10/site-packages/airflow/models/dag.py", line 2919, in bulk_write_to_db
    orm_dags: list[DagModel] = session.scalars(query).unique().all()
  File "/Users/sarahrmclaughlin/Documents/repos/ml_ops/venv/lib/python3.10/site-packages/sqlalchemy/orm/session.py", line 1778, in scalars
    return self.execute(
  File "/Users/sarahrmclaughlin/Documents/repos/ml_ops/venv/lib/python3.10/site-packages/sqlalchemy/orm/session.py", line 1716, in execute
    conn = self._connection_for_bind(bind)
  File "/Users/sarahrmclaughlin/Documents/repos/ml_ops/venv/lib/python3.10/site-packages/sqlalchemy/orm/session.py", line 1555, in _connection_for_bind
    return self._transaction._connection_for_bind(
  File "/Users/sarahrmclaughlin/Documents/repos/ml_ops/venv/lib/python3.10/site-packages/sqlalchemy/orm/session.py", line 724, in _connection_for_bind
    self._assert_active()
  File "/Users/sarahrmclaughlin/Documents/repos/ml_ops/venv/lib/python3.10/site-packages/sqlalchemy/orm/session.py", line 604, in _assert_active
    raise sa_exc.PendingRollbackError(
sqlalchemy.exc.PendingRollbackError: This Session's transaction has been rolled back due to a previous exception during flush. To begin a new transaction with this Session, first issue Session.rollback(). Original exception was: (sqlite3.IntegrityError) NOT NULL constraint failed: dag.max_consecutive_failed_dag_runs
[SQL: INSERT INTO dag (dag_id, root_dag_id, is_paused, is_subdag, is_active, last_parsed_time, last_pickled, last_expired, scheduler_lock, pickle_id, fileloc, processor_subdir, owners, description, default_view, schedule_interval, timetable_description, max_active_tasks, max_active_runs, has_task_concurrency_limits, has_import_errors, next_dagrun, next_dagrun_data_interval_start, next_dagrun_data_interval_end, next_dagrun_create_after) VALUES (?, ?, ?, ?, ?, ?, ?, ?, ?, ?, ?, ?, ?, ?, ?, ?, ?, ?, ?, ?, ?, ?, ?, ?, ?)]
[parameters: ('tutorial', None, 1, 0, 1, '2025-04-09 14:18:58.064378', None, None, None, None, '/Users/sarahrmclaughlin/Documents/repos/ml_ops/venv/lib/python3.10/site-packages/airflow/example_dags/tutorial.py', '/Users/sarahrmclaughlin/Documents/repos/ml_ops/airflow/dags', 'airflow', 'A simple tutorial DAG', 'grid', '{"type": "timedelta", "attrs": {"days": 1, "seconds": 0, "microseconds": 0}}', '', 16, 16, 0, 0, '2025-04-08 14:18:58.064411', '2025-04-08 14:18:58.064411', '2025-04-09 14:18:58.064411', '2025-04-09 14:18:58.064411')]
(Background on this error at: https://sqlalche.me/e/14/gkpj) (Background on this error at: https://sqlalche.me/e/14/7s2a)
[2025-04-09T10:19:54.042-0400] {processor.py:157} INFO - Started process (PID=29470) to work on /Users/sarahrmclaughlin/Documents/repos/ml_ops/venv/lib/python3.10/site-packages/airflow/example_dags/tutorial.py
[2025-04-09T10:19:54.044-0400] {processor.py:829} INFO - Processing file /Users/sarahrmclaughlin/Documents/repos/ml_ops/venv/lib/python3.10/site-packages/airflow/example_dags/tutorial.py for tasks to queue
[2025-04-09T10:19:54.045-0400] {logging_mixin.py:151} INFO - [2025-04-09T10:19:54.045-0400] {dagbag.py:539} INFO - Filling up the DagBag from /Users/sarahrmclaughlin/Documents/repos/ml_ops/venv/lib/python3.10/site-packages/airflow/example_dags/tutorial.py
[2025-04-09T10:19:54.053-0400] {processor.py:839} INFO - DAG(s) dict_keys(['tutorial']) retrieved from /Users/sarahrmclaughlin/Documents/repos/ml_ops/venv/lib/python3.10/site-packages/airflow/example_dags/tutorial.py
[2025-04-09T10:19:54.258-0400] {logging_mixin.py:151} INFO - [2025-04-09T10:19:54.258-0400] {configuration.py:1212} ERROR - No module named 'airflow.providers.fab'
[2025-04-09T10:19:54.259-0400] {logging_mixin.py:151} INFO - [2025-04-09T10:19:54.258-0400] {dagbag.py:647} ERROR - Failed to write serialized DAG: /Users/sarahrmclaughlin/Documents/repos/ml_ops/venv/lib/python3.10/site-packages/airflow/example_dags/tutorial.py
Traceback (most recent call last):
  File "/Users/sarahrmclaughlin/Documents/repos/ml_ops/venv/lib/python3.10/site-packages/airflow/configuration.py", line 1210, in getimport
    return import_string(full_qualified_path)
  File "/Users/sarahrmclaughlin/Documents/repos/ml_ops/venv/lib/python3.10/site-packages/airflow/utils/module_loading.py", line 37, in import_string
    module = import_module(module_path)
  File "/opt/homebrew/Cellar/python@3.10/3.10.17/Frameworks/Python.framework/Versions/3.10/lib/python3.10/importlib/__init__.py", line 126, in import_module
    return _bootstrap._gcd_import(name[level:], package, level)
  File "<frozen importlib._bootstrap>", line 1050, in _gcd_import
  File "<frozen importlib._bootstrap>", line 1027, in _find_and_load
  File "<frozen importlib._bootstrap>", line 992, in _find_and_load_unlocked
  File "<frozen importlib._bootstrap>", line 241, in _call_with_frames_removed
  File "<frozen importlib._bootstrap>", line 1050, in _gcd_import
  File "<frozen importlib._bootstrap>", line 1027, in _find_and_load
  File "<frozen importlib._bootstrap>", line 992, in _find_and_load_unlocked
  File "<frozen importlib._bootstrap>", line 241, in _call_with_frames_removed
  File "<frozen importlib._bootstrap>", line 1050, in _gcd_import
  File "<frozen importlib._bootstrap>", line 1027, in _find_and_load
  File "<frozen importlib._bootstrap>", line 1004, in _find_and_load_unlocked
ModuleNotFoundError: No module named 'airflow.providers.fab'

During handling of the above exception, another exception occurred:

Traceback (most recent call last):
  File "/Users/sarahrmclaughlin/Documents/repos/ml_ops/venv/lib/python3.10/site-packages/airflow/models/dagbag.py", line 642, in _serialize_dag_capturing_errors
    DagBag._sync_perm_for_dag(dag, session=session)
  File "/Users/sarahrmclaughlin/Documents/repos/ml_ops/venv/lib/python3.10/site-packages/airflow/utils/session.py", line 74, in wrapper
    return func(*args, **kwargs)
  File "/Users/sarahrmclaughlin/Documents/repos/ml_ops/venv/lib/python3.10/site-packages/airflow/models/dagbag.py", line 693, in _sync_perm_for_dag
    from airflow.www.security import ApplessAirflowSecurityManager
  File "/Users/sarahrmclaughlin/Documents/repos/ml_ops/venv/lib/python3.10/site-packages/airflow/www/security.py", line 64, in <module>
    SecurityManagerOverride = get_auth_manager().get_security_manager_override_class()
  File "/Users/sarahrmclaughlin/Documents/repos/ml_ops/venv/lib/python3.10/site-packages/airflow/www/extensions/init_auth_manager.py", line 36, in get_auth_manager
    auth_manager_cls = conf.getimport(section="core", key="auth_manager")
  File "/Users/sarahrmclaughlin/Documents/repos/ml_ops/venv/lib/python3.10/site-packages/airflow/configuration.py", line 1213, in getimport
    raise AirflowConfigException(
airflow.exceptions.AirflowConfigException: The object could not be loaded. Please check "auth_manager" key in "core" section. Current value: "airflow.providers.fab.auth_manager.fab_auth_manager.FabAuthManager".
[2025-04-09T10:19:54.259-0400] {logging_mixin.py:151} INFO - [2025-04-09T10:19:54.259-0400] {dag.py:2907} INFO - Sync 1 DAGs
[2025-04-09T10:19:54.262-0400] {logging_mixin.py:151} INFO - [2025-04-09T10:19:54.262-0400] {dag.py:2929} INFO - Creating ORM DAG for tutorial
[2025-04-09T10:19:54.265-0400] {logging_mixin.py:151} INFO - [2025-04-09T10:19:54.265-0400] {dag.py:3677} INFO - Setting next_dagrun for tutorial to 2025-04-08T14:19:54.265362+00:00, run_after=2025-04-09T14:19:54.265362+00:00
[2025-04-09T10:19:54.363-0400] {logging_mixin.py:151} INFO - [2025-04-09T10:19:54.362-0400] {dagbag.py:647} ERROR - Failed to write serialized DAG: /Users/sarahrmclaughlin/Documents/repos/ml_ops/venv/lib/python3.10/site-packages/airflow/example_dags/tutorial.py
Traceback (most recent call last):
  File "/Users/sarahrmclaughlin/Documents/repos/ml_ops/venv/lib/python3.10/site-packages/airflow/models/dagbag.py", line 636, in _serialize_dag_capturing_errors
    dag_was_updated = SerializedDagModel.write_dag(
  File "/Users/sarahrmclaughlin/Documents/repos/ml_ops/venv/lib/python3.10/site-packages/airflow/utils/session.py", line 74, in wrapper
    return func(*args, **kwargs)
  File "/Users/sarahrmclaughlin/Documents/repos/ml_ops/venv/lib/python3.10/site-packages/airflow/models/serialized_dag.py", line 147, in write_dag
    if session.scalar(
  File "/Users/sarahrmclaughlin/Documents/repos/ml_ops/venv/lib/python3.10/site-packages/sqlalchemy/orm/session.py", line 1747, in scalar
    return self.execute(
  File "/Users/sarahrmclaughlin/Documents/repos/ml_ops/venv/lib/python3.10/site-packages/sqlalchemy/orm/session.py", line 1716, in execute
    conn = self._connection_for_bind(bind)
  File "/Users/sarahrmclaughlin/Documents/repos/ml_ops/venv/lib/python3.10/site-packages/sqlalchemy/orm/session.py", line 1555, in _connection_for_bind
    return self._transaction._connection_for_bind(
  File "/Users/sarahrmclaughlin/Documents/repos/ml_ops/venv/lib/python3.10/site-packages/sqlalchemy/orm/session.py", line 724, in _connection_for_bind
    self._assert_active()
  File "/Users/sarahrmclaughlin/Documents/repos/ml_ops/venv/lib/python3.10/site-packages/sqlalchemy/orm/session.py", line 604, in _assert_active
    raise sa_exc.PendingRollbackError(
sqlalchemy.exc.PendingRollbackError: This Session's transaction has been rolled back due to a previous exception during flush. To begin a new transaction with this Session, first issue Session.rollback(). Original exception was: (sqlite3.IntegrityError) NOT NULL constraint failed: dag.max_consecutive_failed_dag_runs
[SQL: INSERT INTO dag (dag_id, root_dag_id, is_paused, is_subdag, is_active, last_parsed_time, last_pickled, last_expired, scheduler_lock, pickle_id, fileloc, processor_subdir, owners, description, default_view, schedule_interval, timetable_description, max_active_tasks, max_active_runs, has_task_concurrency_limits, has_import_errors, next_dagrun, next_dagrun_data_interval_start, next_dagrun_data_interval_end, next_dagrun_create_after) VALUES (?, ?, ?, ?, ?, ?, ?, ?, ?, ?, ?, ?, ?, ?, ?, ?, ?, ?, ?, ?, ?, ?, ?, ?, ?)]
[parameters: ('tutorial', None, 1, 0, 1, '2025-04-09 14:19:54.265332', None, None, None, None, '/Users/sarahrmclaughlin/Documents/repos/ml_ops/venv/lib/python3.10/site-packages/airflow/example_dags/tutorial.py', '/Users/sarahrmclaughlin/Documents/repos/ml_ops/airflow/dags', 'airflow', 'A simple tutorial DAG', 'grid', '{"type": "timedelta", "attrs": {"days": 1, "seconds": 0, "microseconds": 0}}', '', 16, 16, 0, 0, '2025-04-08 14:19:54.265362', '2025-04-08 14:19:54.265362', '2025-04-09 14:19:54.265362', '2025-04-09 14:19:54.265362')]
(Background on this error at: https://sqlalche.me/e/14/gkpj) (Background on this error at: https://sqlalche.me/e/14/7s2a)
[2025-04-09T10:19:54.363-0400] {logging_mixin.py:151} INFO - [2025-04-09T10:19:54.363-0400] {dag.py:2907} INFO - Sync 1 DAGs
[2025-04-09T10:19:54.363-0400] {processor.py:182} ERROR - Got an exception! Propagating...
Traceback (most recent call last):
  File "/Users/sarahrmclaughlin/Documents/repos/ml_ops/venv/lib/python3.10/site-packages/airflow/dag_processing/processor.py", line 178, in _run_file_processor
    _handle_dag_file_processing()
  File "/Users/sarahrmclaughlin/Documents/repos/ml_ops/venv/lib/python3.10/site-packages/airflow/dag_processing/processor.py", line 159, in _handle_dag_file_processing
    result: tuple[int, int] = dag_file_processor.process_file(
  File "/Users/sarahrmclaughlin/Documents/repos/ml_ops/venv/lib/python3.10/site-packages/airflow/utils/session.py", line 77, in wrapper
    return func(*args, session=session, **kwargs)
  File "/Users/sarahrmclaughlin/Documents/repos/ml_ops/venv/lib/python3.10/site-packages/airflow/dag_processing/processor.py", line 857, in process_file
    serialize_errors = DagFileProcessor.save_dag_to_db(
  File "/Users/sarahrmclaughlin/Documents/repos/ml_ops/venv/lib/python3.10/site-packages/airflow/api_internal/internal_api_call.py", line 112, in wrapper
    return func(*args, **kwargs)
  File "/Users/sarahrmclaughlin/Documents/repos/ml_ops/venv/lib/python3.10/site-packages/airflow/utils/session.py", line 77, in wrapper
    return func(*args, session=session, **kwargs)
  File "/Users/sarahrmclaughlin/Documents/repos/ml_ops/venv/lib/python3.10/site-packages/airflow/dag_processing/processor.py", line 893, in save_dag_to_db
    import_errors = DagBag._sync_to_db(dags=dags, processor_subdir=dag_directory, session=session)
  File "/Users/sarahrmclaughlin/Documents/repos/ml_ops/venv/lib/python3.10/site-packages/airflow/utils/session.py", line 74, in wrapper
    return func(*args, **kwargs)
  File "/Users/sarahrmclaughlin/Documents/repos/ml_ops/venv/lib/python3.10/site-packages/airflow/models/dagbag.py", line 657, in _sync_to_db
    for attempt in run_with_db_retries(logger=log):
  File "/Users/sarahrmclaughlin/Documents/repos/ml_ops/venv/lib/python3.10/site-packages/tenacity/__init__.py", line 347, in __iter__
    do = self.iter(retry_state=retry_state)
  File "/Users/sarahrmclaughlin/Documents/repos/ml_ops/venv/lib/python3.10/site-packages/tenacity/__init__.py", line 314, in iter
    return fut.result()
  File "/opt/homebrew/Cellar/python@3.10/3.10.17/Frameworks/Python.framework/Versions/3.10/lib/python3.10/concurrent/futures/_base.py", line 451, in result
    return self.__get_result()
  File "/opt/homebrew/Cellar/python@3.10/3.10.17/Frameworks/Python.framework/Versions/3.10/lib/python3.10/concurrent/futures/_base.py", line 403, in __get_result
    raise self._exception
  File "/Users/sarahrmclaughlin/Documents/repos/ml_ops/venv/lib/python3.10/site-packages/airflow/models/dagbag.py", line 671, in _sync_to_db
    DAG.bulk_write_to_db(dags.values(), processor_subdir=processor_subdir, session=session)
  File "/Users/sarahrmclaughlin/Documents/repos/ml_ops/venv/lib/python3.10/site-packages/airflow/utils/session.py", line 74, in wrapper
    return func(*args, **kwargs)
  File "/Users/sarahrmclaughlin/Documents/repos/ml_ops/venv/lib/python3.10/site-packages/airflow/models/dag.py", line 2919, in bulk_write_to_db
    orm_dags: list[DagModel] = session.scalars(query).unique().all()
  File "/Users/sarahrmclaughlin/Documents/repos/ml_ops/venv/lib/python3.10/site-packages/sqlalchemy/orm/session.py", line 1778, in scalars
    return self.execute(
  File "/Users/sarahrmclaughlin/Documents/repos/ml_ops/venv/lib/python3.10/site-packages/sqlalchemy/orm/session.py", line 1716, in execute
    conn = self._connection_for_bind(bind)
  File "/Users/sarahrmclaughlin/Documents/repos/ml_ops/venv/lib/python3.10/site-packages/sqlalchemy/orm/session.py", line 1555, in _connection_for_bind
    return self._transaction._connection_for_bind(
  File "/Users/sarahrmclaughlin/Documents/repos/ml_ops/venv/lib/python3.10/site-packages/sqlalchemy/orm/session.py", line 724, in _connection_for_bind
    self._assert_active()
  File "/Users/sarahrmclaughlin/Documents/repos/ml_ops/venv/lib/python3.10/site-packages/sqlalchemy/orm/session.py", line 604, in _assert_active
    raise sa_exc.PendingRollbackError(
sqlalchemy.exc.PendingRollbackError: This Session's transaction has been rolled back due to a previous exception during flush. To begin a new transaction with this Session, first issue Session.rollback(). Original exception was: (sqlite3.IntegrityError) NOT NULL constraint failed: dag.max_consecutive_failed_dag_runs
[SQL: INSERT INTO dag (dag_id, root_dag_id, is_paused, is_subdag, is_active, last_parsed_time, last_pickled, last_expired, scheduler_lock, pickle_id, fileloc, processor_subdir, owners, description, default_view, schedule_interval, timetable_description, max_active_tasks, max_active_runs, has_task_concurrency_limits, has_import_errors, next_dagrun, next_dagrun_data_interval_start, next_dagrun_data_interval_end, next_dagrun_create_after) VALUES (?, ?, ?, ?, ?, ?, ?, ?, ?, ?, ?, ?, ?, ?, ?, ?, ?, ?, ?, ?, ?, ?, ?, ?, ?)]
[parameters: ('tutorial', None, 1, 0, 1, '2025-04-09 14:19:54.265332', None, None, None, None, '/Users/sarahrmclaughlin/Documents/repos/ml_ops/venv/lib/python3.10/site-packages/airflow/example_dags/tutorial.py', '/Users/sarahrmclaughlin/Documents/repos/ml_ops/airflow/dags', 'airflow', 'A simple tutorial DAG', 'grid', '{"type": "timedelta", "attrs": {"days": 1, "seconds": 0, "microseconds": 0}}', '', 16, 16, 0, 0, '2025-04-08 14:19:54.265362', '2025-04-08 14:19:54.265362', '2025-04-09 14:19:54.265362', '2025-04-09 14:19:54.265362')]
(Background on this error at: https://sqlalche.me/e/14/gkpj) (Background on this error at: https://sqlalche.me/e/14/7s2a)
[2025-04-09T10:20:49.178-0400] {processor.py:157} INFO - Started process (PID=29582) to work on /Users/sarahrmclaughlin/Documents/repos/ml_ops/venv/lib/python3.10/site-packages/airflow/example_dags/tutorial.py
[2025-04-09T10:20:49.181-0400] {processor.py:829} INFO - Processing file /Users/sarahrmclaughlin/Documents/repos/ml_ops/venv/lib/python3.10/site-packages/airflow/example_dags/tutorial.py for tasks to queue
[2025-04-09T10:20:49.181-0400] {logging_mixin.py:151} INFO - [2025-04-09T10:20:49.181-0400] {dagbag.py:539} INFO - Filling up the DagBag from /Users/sarahrmclaughlin/Documents/repos/ml_ops/venv/lib/python3.10/site-packages/airflow/example_dags/tutorial.py
[2025-04-09T10:20:49.190-0400] {processor.py:839} INFO - DAG(s) dict_keys(['tutorial']) retrieved from /Users/sarahrmclaughlin/Documents/repos/ml_ops/venv/lib/python3.10/site-packages/airflow/example_dags/tutorial.py
[2025-04-09T10:20:49.418-0400] {logging_mixin.py:151} INFO - [2025-04-09T10:20:49.417-0400] {configuration.py:1212} ERROR - No module named 'airflow.providers.fab'
[2025-04-09T10:20:49.418-0400] {logging_mixin.py:151} INFO - [2025-04-09T10:20:49.418-0400] {dagbag.py:647} ERROR - Failed to write serialized DAG: /Users/sarahrmclaughlin/Documents/repos/ml_ops/venv/lib/python3.10/site-packages/airflow/example_dags/tutorial.py
Traceback (most recent call last):
  File "/Users/sarahrmclaughlin/Documents/repos/ml_ops/venv/lib/python3.10/site-packages/airflow/configuration.py", line 1210, in getimport
    return import_string(full_qualified_path)
  File "/Users/sarahrmclaughlin/Documents/repos/ml_ops/venv/lib/python3.10/site-packages/airflow/utils/module_loading.py", line 37, in import_string
    module = import_module(module_path)
  File "/opt/homebrew/Cellar/python@3.10/3.10.17/Frameworks/Python.framework/Versions/3.10/lib/python3.10/importlib/__init__.py", line 126, in import_module
    return _bootstrap._gcd_import(name[level:], package, level)
  File "<frozen importlib._bootstrap>", line 1050, in _gcd_import
  File "<frozen importlib._bootstrap>", line 1027, in _find_and_load
  File "<frozen importlib._bootstrap>", line 992, in _find_and_load_unlocked
  File "<frozen importlib._bootstrap>", line 241, in _call_with_frames_removed
  File "<frozen importlib._bootstrap>", line 1050, in _gcd_import
  File "<frozen importlib._bootstrap>", line 1027, in _find_and_load
  File "<frozen importlib._bootstrap>", line 992, in _find_and_load_unlocked
  File "<frozen importlib._bootstrap>", line 241, in _call_with_frames_removed
  File "<frozen importlib._bootstrap>", line 1050, in _gcd_import
  File "<frozen importlib._bootstrap>", line 1027, in _find_and_load
  File "<frozen importlib._bootstrap>", line 1004, in _find_and_load_unlocked
ModuleNotFoundError: No module named 'airflow.providers.fab'

During handling of the above exception, another exception occurred:

Traceback (most recent call last):
  File "/Users/sarahrmclaughlin/Documents/repos/ml_ops/venv/lib/python3.10/site-packages/airflow/models/dagbag.py", line 642, in _serialize_dag_capturing_errors
    DagBag._sync_perm_for_dag(dag, session=session)
  File "/Users/sarahrmclaughlin/Documents/repos/ml_ops/venv/lib/python3.10/site-packages/airflow/utils/session.py", line 74, in wrapper
    return func(*args, **kwargs)
  File "/Users/sarahrmclaughlin/Documents/repos/ml_ops/venv/lib/python3.10/site-packages/airflow/models/dagbag.py", line 693, in _sync_perm_for_dag
    from airflow.www.security import ApplessAirflowSecurityManager
  File "/Users/sarahrmclaughlin/Documents/repos/ml_ops/venv/lib/python3.10/site-packages/airflow/www/security.py", line 64, in <module>
    SecurityManagerOverride = get_auth_manager().get_security_manager_override_class()
  File "/Users/sarahrmclaughlin/Documents/repos/ml_ops/venv/lib/python3.10/site-packages/airflow/www/extensions/init_auth_manager.py", line 36, in get_auth_manager
    auth_manager_cls = conf.getimport(section="core", key="auth_manager")
  File "/Users/sarahrmclaughlin/Documents/repos/ml_ops/venv/lib/python3.10/site-packages/airflow/configuration.py", line 1213, in getimport
    raise AirflowConfigException(
airflow.exceptions.AirflowConfigException: The object could not be loaded. Please check "auth_manager" key in "core" section. Current value: "airflow.providers.fab.auth_manager.fab_auth_manager.FabAuthManager".
[2025-04-09T10:20:49.419-0400] {logging_mixin.py:151} INFO - [2025-04-09T10:20:49.418-0400] {dag.py:2907} INFO - Sync 1 DAGs
[2025-04-09T10:20:49.422-0400] {logging_mixin.py:151} INFO - [2025-04-09T10:20:49.422-0400] {dag.py:2929} INFO - Creating ORM DAG for tutorial
[2025-04-09T10:20:49.424-0400] {logging_mixin.py:151} INFO - [2025-04-09T10:20:49.424-0400] {dag.py:3677} INFO - Setting next_dagrun for tutorial to 2025-04-08T14:20:49.424839+00:00, run_after=2025-04-09T14:20:49.424839+00:00
[2025-04-09T10:20:49.762-0400] {logging_mixin.py:151} INFO - [2025-04-09T10:20:49.759-0400] {dagbag.py:647} ERROR - Failed to write serialized DAG: /Users/sarahrmclaughlin/Documents/repos/ml_ops/venv/lib/python3.10/site-packages/airflow/example_dags/tutorial.py
Traceback (most recent call last):
  File "/Users/sarahrmclaughlin/Documents/repos/ml_ops/venv/lib/python3.10/site-packages/airflow/models/dagbag.py", line 636, in _serialize_dag_capturing_errors
    dag_was_updated = SerializedDagModel.write_dag(
  File "/Users/sarahrmclaughlin/Documents/repos/ml_ops/venv/lib/python3.10/site-packages/airflow/utils/session.py", line 74, in wrapper
    return func(*args, **kwargs)
  File "/Users/sarahrmclaughlin/Documents/repos/ml_ops/venv/lib/python3.10/site-packages/airflow/models/serialized_dag.py", line 147, in write_dag
    if session.scalar(
  File "/Users/sarahrmclaughlin/Documents/repos/ml_ops/venv/lib/python3.10/site-packages/sqlalchemy/orm/session.py", line 1747, in scalar
    return self.execute(
  File "/Users/sarahrmclaughlin/Documents/repos/ml_ops/venv/lib/python3.10/site-packages/sqlalchemy/orm/session.py", line 1716, in execute
    conn = self._connection_for_bind(bind)
  File "/Users/sarahrmclaughlin/Documents/repos/ml_ops/venv/lib/python3.10/site-packages/sqlalchemy/orm/session.py", line 1555, in _connection_for_bind
    return self._transaction._connection_for_bind(
  File "/Users/sarahrmclaughlin/Documents/repos/ml_ops/venv/lib/python3.10/site-packages/sqlalchemy/orm/session.py", line 724, in _connection_for_bind
    self._assert_active()
  File "/Users/sarahrmclaughlin/Documents/repos/ml_ops/venv/lib/python3.10/site-packages/sqlalchemy/orm/session.py", line 604, in _assert_active
    raise sa_exc.PendingRollbackError(
sqlalchemy.exc.PendingRollbackError: This Session's transaction has been rolled back due to a previous exception during flush. To begin a new transaction with this Session, first issue Session.rollback(). Original exception was: (sqlite3.IntegrityError) NOT NULL constraint failed: dag.max_consecutive_failed_dag_runs
[SQL: INSERT INTO dag (dag_id, root_dag_id, is_paused, is_subdag, is_active, last_parsed_time, last_pickled, last_expired, scheduler_lock, pickle_id, fileloc, processor_subdir, owners, description, default_view, schedule_interval, timetable_description, max_active_tasks, max_active_runs, has_task_concurrency_limits, has_import_errors, next_dagrun, next_dagrun_data_interval_start, next_dagrun_data_interval_end, next_dagrun_create_after) VALUES (?, ?, ?, ?, ?, ?, ?, ?, ?, ?, ?, ?, ?, ?, ?, ?, ?, ?, ?, ?, ?, ?, ?, ?, ?)]
[parameters: ('tutorial', None, 1, 0, 1, '2025-04-09 14:20:49.424809', None, None, None, None, '/Users/sarahrmclaughlin/Documents/repos/ml_ops/venv/lib/python3.10/site-packages/airflow/example_dags/tutorial.py', '/Users/sarahrmclaughlin/Documents/repos/ml_ops/airflow/dags', 'airflow', 'A simple tutorial DAG', 'grid', '{"type": "timedelta", "attrs": {"days": 1, "seconds": 0, "microseconds": 0}}', '', 16, 16, 0, 0, '2025-04-08 14:20:49.424839', '2025-04-08 14:20:49.424839', '2025-04-09 14:20:49.424839', '2025-04-09 14:20:49.424839')]
(Background on this error at: https://sqlalche.me/e/14/gkpj) (Background on this error at: https://sqlalche.me/e/14/7s2a)
[2025-04-09T10:20:49.762-0400] {logging_mixin.py:151} INFO - [2025-04-09T10:20:49.762-0400] {dag.py:2907} INFO - Sync 1 DAGs
[2025-04-09T10:20:49.764-0400] {processor.py:182} ERROR - Got an exception! Propagating...
Traceback (most recent call last):
  File "/Users/sarahrmclaughlin/Documents/repos/ml_ops/venv/lib/python3.10/site-packages/airflow/dag_processing/processor.py", line 178, in _run_file_processor
    _handle_dag_file_processing()
  File "/Users/sarahrmclaughlin/Documents/repos/ml_ops/venv/lib/python3.10/site-packages/airflow/dag_processing/processor.py", line 159, in _handle_dag_file_processing
    result: tuple[int, int] = dag_file_processor.process_file(
  File "/Users/sarahrmclaughlin/Documents/repos/ml_ops/venv/lib/python3.10/site-packages/airflow/utils/session.py", line 77, in wrapper
    return func(*args, session=session, **kwargs)
  File "/Users/sarahrmclaughlin/Documents/repos/ml_ops/venv/lib/python3.10/site-packages/airflow/dag_processing/processor.py", line 857, in process_file
    serialize_errors = DagFileProcessor.save_dag_to_db(
  File "/Users/sarahrmclaughlin/Documents/repos/ml_ops/venv/lib/python3.10/site-packages/airflow/api_internal/internal_api_call.py", line 112, in wrapper
    return func(*args, **kwargs)
  File "/Users/sarahrmclaughlin/Documents/repos/ml_ops/venv/lib/python3.10/site-packages/airflow/utils/session.py", line 77, in wrapper
    return func(*args, session=session, **kwargs)
  File "/Users/sarahrmclaughlin/Documents/repos/ml_ops/venv/lib/python3.10/site-packages/airflow/dag_processing/processor.py", line 893, in save_dag_to_db
    import_errors = DagBag._sync_to_db(dags=dags, processor_subdir=dag_directory, session=session)
  File "/Users/sarahrmclaughlin/Documents/repos/ml_ops/venv/lib/python3.10/site-packages/airflow/utils/session.py", line 74, in wrapper
    return func(*args, **kwargs)
  File "/Users/sarahrmclaughlin/Documents/repos/ml_ops/venv/lib/python3.10/site-packages/airflow/models/dagbag.py", line 657, in _sync_to_db
    for attempt in run_with_db_retries(logger=log):
  File "/Users/sarahrmclaughlin/Documents/repos/ml_ops/venv/lib/python3.10/site-packages/tenacity/__init__.py", line 347, in __iter__
    do = self.iter(retry_state=retry_state)
  File "/Users/sarahrmclaughlin/Documents/repos/ml_ops/venv/lib/python3.10/site-packages/tenacity/__init__.py", line 314, in iter
    return fut.result()
  File "/opt/homebrew/Cellar/python@3.10/3.10.17/Frameworks/Python.framework/Versions/3.10/lib/python3.10/concurrent/futures/_base.py", line 451, in result
    return self.__get_result()
  File "/opt/homebrew/Cellar/python@3.10/3.10.17/Frameworks/Python.framework/Versions/3.10/lib/python3.10/concurrent/futures/_base.py", line 403, in __get_result
    raise self._exception
  File "/Users/sarahrmclaughlin/Documents/repos/ml_ops/venv/lib/python3.10/site-packages/airflow/models/dagbag.py", line 671, in _sync_to_db
    DAG.bulk_write_to_db(dags.values(), processor_subdir=processor_subdir, session=session)
  File "/Users/sarahrmclaughlin/Documents/repos/ml_ops/venv/lib/python3.10/site-packages/airflow/utils/session.py", line 74, in wrapper
    return func(*args, **kwargs)
  File "/Users/sarahrmclaughlin/Documents/repos/ml_ops/venv/lib/python3.10/site-packages/airflow/models/dag.py", line 2919, in bulk_write_to_db
    orm_dags: list[DagModel] = session.scalars(query).unique().all()
  File "/Users/sarahrmclaughlin/Documents/repos/ml_ops/venv/lib/python3.10/site-packages/sqlalchemy/orm/session.py", line 1778, in scalars
    return self.execute(
  File "/Users/sarahrmclaughlin/Documents/repos/ml_ops/venv/lib/python3.10/site-packages/sqlalchemy/orm/session.py", line 1716, in execute
    conn = self._connection_for_bind(bind)
  File "/Users/sarahrmclaughlin/Documents/repos/ml_ops/venv/lib/python3.10/site-packages/sqlalchemy/orm/session.py", line 1555, in _connection_for_bind
    return self._transaction._connection_for_bind(
  File "/Users/sarahrmclaughlin/Documents/repos/ml_ops/venv/lib/python3.10/site-packages/sqlalchemy/orm/session.py", line 724, in _connection_for_bind
    self._assert_active()
  File "/Users/sarahrmclaughlin/Documents/repos/ml_ops/venv/lib/python3.10/site-packages/sqlalchemy/orm/session.py", line 604, in _assert_active
    raise sa_exc.PendingRollbackError(
sqlalchemy.exc.PendingRollbackError: This Session's transaction has been rolled back due to a previous exception during flush. To begin a new transaction with this Session, first issue Session.rollback(). Original exception was: (sqlite3.IntegrityError) NOT NULL constraint failed: dag.max_consecutive_failed_dag_runs
[SQL: INSERT INTO dag (dag_id, root_dag_id, is_paused, is_subdag, is_active, last_parsed_time, last_pickled, last_expired, scheduler_lock, pickle_id, fileloc, processor_subdir, owners, description, default_view, schedule_interval, timetable_description, max_active_tasks, max_active_runs, has_task_concurrency_limits, has_import_errors, next_dagrun, next_dagrun_data_interval_start, next_dagrun_data_interval_end, next_dagrun_create_after) VALUES (?, ?, ?, ?, ?, ?, ?, ?, ?, ?, ?, ?, ?, ?, ?, ?, ?, ?, ?, ?, ?, ?, ?, ?, ?)]
[parameters: ('tutorial', None, 1, 0, 1, '2025-04-09 14:20:49.424809', None, None, None, None, '/Users/sarahrmclaughlin/Documents/repos/ml_ops/venv/lib/python3.10/site-packages/airflow/example_dags/tutorial.py', '/Users/sarahrmclaughlin/Documents/repos/ml_ops/airflow/dags', 'airflow', 'A simple tutorial DAG', 'grid', '{"type": "timedelta", "attrs": {"days": 1, "seconds": 0, "microseconds": 0}}', '', 16, 16, 0, 0, '2025-04-08 14:20:49.424839', '2025-04-08 14:20:49.424839', '2025-04-09 14:20:49.424839', '2025-04-09 14:20:49.424839')]
(Background on this error at: https://sqlalche.me/e/14/gkpj) (Background on this error at: https://sqlalche.me/e/14/7s2a)
