[2025-04-09T10:15:28.058-0400] {processor.py:157} INFO - Started process (PID=28640) to work on /Users/sarahrmclaughlin/Documents/repos/ml_ops/airflow/dags/run_evidently_script.py
[2025-04-09T10:15:28.060-0400] {processor.py:829} INFO - Processing file /Users/sarahrmclaughlin/Documents/repos/ml_ops/airflow/dags/run_evidently_script.py for tasks to queue
[2025-04-09T10:15:28.060-0400] {logging_mixin.py:151} INFO - [2025-04-09T10:15:28.060-0400] {dagbag.py:539} INFO - Filling up the DagBag from /Users/sarahrmclaughlin/Documents/repos/ml_ops/airflow/dags/run_evidently_script.py
[2025-04-09T10:15:28.062-0400] {logging_mixin.py:151} INFO - [2025-04-09T10:15:28.061-0400] {dagbag.py:347} ERROR - Failed to import: /Users/sarahrmclaughlin/Documents/repos/ml_ops/airflow/dags/run_evidently_script.py
Traceback (most recent call last):
  File "/Users/sarahrmclaughlin/Documents/repos/ml_ops/venv/lib/python3.10/site-packages/airflow/models/dagbag.py", line 343, in parse
    loader.exec_module(new_module)
  File "<frozen importlib._bootstrap_external>", line 883, in exec_module
  File "<frozen importlib._bootstrap>", line 241, in _call_with_frames_removed
  File "/Users/sarahrmclaughlin/Documents/repos/ml_ops/airflow/dags/run_evidently_script.py", line 1, in <module>
    run_evidently_script
NameError: name 'run_evidently_script' is not defined
[2025-04-09T10:15:28.062-0400] {processor.py:841} WARNING - No viable dags retrieved from /Users/sarahrmclaughlin/Documents/repos/ml_ops/airflow/dags/run_evidently_script.py
[2025-04-09T10:15:28.106-0400] {processor.py:179} INFO - Processing /Users/sarahrmclaughlin/Documents/repos/ml_ops/airflow/dags/run_evidently_script.py took 0.049 seconds
[2025-04-09T10:16:56.272-0400] {processor.py:157} INFO - Started process (PID=28863) to work on /Users/sarahrmclaughlin/Documents/repos/ml_ops/airflow/dags/run_evidently_script.py
[2025-04-09T10:16:56.275-0400] {processor.py:829} INFO - Processing file /Users/sarahrmclaughlin/Documents/repos/ml_ops/airflow/dags/run_evidently_script.py for tasks to queue
[2025-04-09T10:16:56.276-0400] {logging_mixin.py:151} INFO - [2025-04-09T10:16:56.275-0400] {dagbag.py:539} INFO - Filling up the DagBag from /Users/sarahrmclaughlin/Documents/repos/ml_ops/airflow/dags/run_evidently_script.py
[2025-04-09T10:16:56.276-0400] {logging_mixin.py:151} INFO - [2025-04-09T10:16:56.276-0400] {dagbag.py:347} ERROR - Failed to import: /Users/sarahrmclaughlin/Documents/repos/ml_ops/airflow/dags/run_evidently_script.py
Traceback (most recent call last):
  File "/Users/sarahrmclaughlin/Documents/repos/ml_ops/venv/lib/python3.10/site-packages/airflow/models/dagbag.py", line 343, in parse
    loader.exec_module(new_module)
  File "<frozen importlib._bootstrap_external>", line 883, in exec_module
  File "<frozen importlib._bootstrap>", line 241, in _call_with_frames_removed
  File "/Users/sarahrmclaughlin/Documents/repos/ml_ops/airflow/dags/run_evidently_script.py", line 1, in <module>
    run_evidently_script
NameError: name 'run_evidently_script' is not defined
[2025-04-09T10:16:56.277-0400] {processor.py:841} WARNING - No viable dags retrieved from /Users/sarahrmclaughlin/Documents/repos/ml_ops/airflow/dags/run_evidently_script.py
[2025-04-09T10:16:56.328-0400] {processor.py:179} INFO - Processing /Users/sarahrmclaughlin/Documents/repos/ml_ops/airflow/dags/run_evidently_script.py took 0.057 seconds
[2025-04-09T10:17:51.085-0400] {processor.py:157} INFO - Started process (PID=29118) to work on /Users/sarahrmclaughlin/Documents/repos/ml_ops/airflow/dags/run_evidently_script.py
[2025-04-09T10:17:51.089-0400] {processor.py:829} INFO - Processing file /Users/sarahrmclaughlin/Documents/repos/ml_ops/airflow/dags/run_evidently_script.py for tasks to queue
[2025-04-09T10:17:51.089-0400] {logging_mixin.py:151} INFO - [2025-04-09T10:17:51.089-0400] {dagbag.py:539} INFO - Filling up the DagBag from /Users/sarahrmclaughlin/Documents/repos/ml_ops/airflow/dags/run_evidently_script.py
[2025-04-09T10:17:51.090-0400] {logging_mixin.py:151} INFO - [2025-04-09T10:17:51.090-0400] {dagbag.py:347} ERROR - Failed to import: /Users/sarahrmclaughlin/Documents/repos/ml_ops/airflow/dags/run_evidently_script.py
Traceback (most recent call last):
  File "/Users/sarahrmclaughlin/Documents/repos/ml_ops/venv/lib/python3.10/site-packages/airflow/models/dagbag.py", line 343, in parse
    loader.exec_module(new_module)
  File "<frozen importlib._bootstrap_external>", line 883, in exec_module
  File "<frozen importlib._bootstrap>", line 241, in _call_with_frames_removed
  File "/Users/sarahrmclaughlin/Documents/repos/ml_ops/airflow/dags/run_evidently_script.py", line 1, in <module>
    run_evidently_script
NameError: name 'run_evidently_script' is not defined
[2025-04-09T10:17:51.090-0400] {processor.py:841} WARNING - No viable dags retrieved from /Users/sarahrmclaughlin/Documents/repos/ml_ops/airflow/dags/run_evidently_script.py
[2025-04-09T10:17:51.133-0400] {processor.py:179} INFO - Processing /Users/sarahrmclaughlin/Documents/repos/ml_ops/airflow/dags/run_evidently_script.py took 0.049 seconds
[2025-04-09T10:18:46.508-0400] {processor.py:157} INFO - Started process (PID=29260) to work on /Users/sarahrmclaughlin/Documents/repos/ml_ops/airflow/dags/run_evidently_script.py
[2025-04-09T10:18:46.511-0400] {processor.py:829} INFO - Processing file /Users/sarahrmclaughlin/Documents/repos/ml_ops/airflow/dags/run_evidently_script.py for tasks to queue
[2025-04-09T10:18:46.511-0400] {logging_mixin.py:151} INFO - [2025-04-09T10:18:46.511-0400] {dagbag.py:539} INFO - Filling up the DagBag from /Users/sarahrmclaughlin/Documents/repos/ml_ops/airflow/dags/run_evidently_script.py
[2025-04-09T10:18:46.513-0400] {logging_mixin.py:151} INFO - [2025-04-09T10:18:46.512-0400] {dagbag.py:347} ERROR - Failed to import: /Users/sarahrmclaughlin/Documents/repos/ml_ops/airflow/dags/run_evidently_script.py
Traceback (most recent call last):
  File "/Users/sarahrmclaughlin/Documents/repos/ml_ops/venv/lib/python3.10/site-packages/airflow/models/dagbag.py", line 343, in parse
    loader.exec_module(new_module)
  File "<frozen importlib._bootstrap_external>", line 883, in exec_module
  File "<frozen importlib._bootstrap>", line 241, in _call_with_frames_removed
  File "/Users/sarahrmclaughlin/Documents/repos/ml_ops/airflow/dags/run_evidently_script.py", line 1, in <module>
    run_evidently_script
NameError: name 'run_evidently_script' is not defined
[2025-04-09T10:18:46.513-0400] {processor.py:841} WARNING - No viable dags retrieved from /Users/sarahrmclaughlin/Documents/repos/ml_ops/airflow/dags/run_evidently_script.py
[2025-04-09T10:18:46.557-0400] {processor.py:179} INFO - Processing /Users/sarahrmclaughlin/Documents/repos/ml_ops/airflow/dags/run_evidently_script.py took 0.049 seconds
[2025-04-09T10:19:42.347-0400] {processor.py:157} INFO - Started process (PID=29444) to work on /Users/sarahrmclaughlin/Documents/repos/ml_ops/airflow/dags/run_evidently_script.py
[2025-04-09T10:19:42.351-0400] {processor.py:829} INFO - Processing file /Users/sarahrmclaughlin/Documents/repos/ml_ops/airflow/dags/run_evidently_script.py for tasks to queue
[2025-04-09T10:19:42.351-0400] {logging_mixin.py:151} INFO - [2025-04-09T10:19:42.351-0400] {dagbag.py:539} INFO - Filling up the DagBag from /Users/sarahrmclaughlin/Documents/repos/ml_ops/airflow/dags/run_evidently_script.py
[2025-04-09T10:19:42.352-0400] {logging_mixin.py:151} INFO - [2025-04-09T10:19:42.352-0400] {dagbag.py:347} ERROR - Failed to import: /Users/sarahrmclaughlin/Documents/repos/ml_ops/airflow/dags/run_evidently_script.py
Traceback (most recent call last):
  File "/Users/sarahrmclaughlin/Documents/repos/ml_ops/venv/lib/python3.10/site-packages/airflow/models/dagbag.py", line 343, in parse
    loader.exec_module(new_module)
  File "<frozen importlib._bootstrap_external>", line 883, in exec_module
  File "<frozen importlib._bootstrap>", line 241, in _call_with_frames_removed
  File "/Users/sarahrmclaughlin/Documents/repos/ml_ops/airflow/dags/run_evidently_script.py", line 1, in <module>
    run_evidently_script
NameError: name 'run_evidently_script' is not defined
[2025-04-09T10:19:42.352-0400] {processor.py:841} WARNING - No viable dags retrieved from /Users/sarahrmclaughlin/Documents/repos/ml_ops/airflow/dags/run_evidently_script.py
[2025-04-09T10:19:42.398-0400] {processor.py:179} INFO - Processing /Users/sarahrmclaughlin/Documents/repos/ml_ops/airflow/dags/run_evidently_script.py took 0.051 seconds
[2025-04-09T10:20:37.398-0400] {processor.py:157} INFO - Started process (PID=29562) to work on /Users/sarahrmclaughlin/Documents/repos/ml_ops/airflow/dags/run_evidently_script.py
[2025-04-09T10:20:37.401-0400] {processor.py:829} INFO - Processing file /Users/sarahrmclaughlin/Documents/repos/ml_ops/airflow/dags/run_evidently_script.py for tasks to queue
[2025-04-09T10:20:37.402-0400] {logging_mixin.py:151} INFO - [2025-04-09T10:20:37.402-0400] {dagbag.py:539} INFO - Filling up the DagBag from /Users/sarahrmclaughlin/Documents/repos/ml_ops/airflow/dags/run_evidently_script.py
[2025-04-09T10:20:37.402-0400] {logging_mixin.py:151} INFO - [2025-04-09T10:20:37.402-0400] {dagbag.py:347} ERROR - Failed to import: /Users/sarahrmclaughlin/Documents/repos/ml_ops/airflow/dags/run_evidently_script.py
Traceback (most recent call last):
  File "/Users/sarahrmclaughlin/Documents/repos/ml_ops/venv/lib/python3.10/site-packages/airflow/models/dagbag.py", line 343, in parse
    loader.exec_module(new_module)
  File "<frozen importlib._bootstrap_external>", line 883, in exec_module
  File "<frozen importlib._bootstrap>", line 241, in _call_with_frames_removed
  File "/Users/sarahrmclaughlin/Documents/repos/ml_ops/airflow/dags/run_evidently_script.py", line 1, in <module>
    run_evidently_script
NameError: name 'run_evidently_script' is not defined
[2025-04-09T10:20:37.402-0400] {processor.py:841} WARNING - No viable dags retrieved from /Users/sarahrmclaughlin/Documents/repos/ml_ops/airflow/dags/run_evidently_script.py
[2025-04-09T10:20:37.446-0400] {processor.py:179} INFO - Processing /Users/sarahrmclaughlin/Documents/repos/ml_ops/airflow/dags/run_evidently_script.py took 0.048 seconds
[2025-04-09T10:21:05.499-0400] {processor.py:157} INFO - Started process (PID=29622) to work on /Users/sarahrmclaughlin/Documents/repos/ml_ops/airflow/dags/run_evidently_script.py
[2025-04-09T10:21:05.503-0400] {processor.py:829} INFO - Processing file /Users/sarahrmclaughlin/Documents/repos/ml_ops/airflow/dags/run_evidently_script.py for tasks to queue
[2025-04-09T10:21:05.503-0400] {logging_mixin.py:151} INFO - [2025-04-09T10:21:05.503-0400] {dagbag.py:539} INFO - Filling up the DagBag from /Users/sarahrmclaughlin/Documents/repos/ml_ops/airflow/dags/run_evidently_script.py
[2025-04-09T10:21:05.504-0400] {logging_mixin.py:151} INFO - [2025-04-09T10:21:05.504-0400] {dagbag.py:347} ERROR - Failed to import: /Users/sarahrmclaughlin/Documents/repos/ml_ops/airflow/dags/run_evidently_script.py
Traceback (most recent call last):
  File "/Users/sarahrmclaughlin/Documents/repos/ml_ops/venv/lib/python3.10/site-packages/airflow/models/dagbag.py", line 343, in parse
    loader.exec_module(new_module)
  File "<frozen importlib._bootstrap_external>", line 883, in exec_module
  File "<frozen importlib._bootstrap>", line 241, in _call_with_frames_removed
  File "/Users/sarahrmclaughlin/Documents/repos/ml_ops/airflow/dags/run_evidently_script.py", line 1, in <module>
    run_evidently_script
NameError: name 'run_evidently_script' is not defined
[2025-04-09T10:21:05.504-0400] {processor.py:841} WARNING - No viable dags retrieved from /Users/sarahrmclaughlin/Documents/repos/ml_ops/airflow/dags/run_evidently_script.py
[2025-04-09T10:21:05.548-0400] {processor.py:179} INFO - Processing /Users/sarahrmclaughlin/Documents/repos/ml_ops/airflow/dags/run_evidently_script.py took 0.050 seconds
