[2026-03-10T13:05:00.631+0000] {processor.py:157} INFO - Started process (PID=174) to work on /opt/airflow/dags/example_dag.py
[2026-03-10T13:05:00.633+0000] {processor.py:829} INFO - Processing file /opt/airflow/dags/example_dag.py for tasks to queue
[2026-03-10T13:05:00.634+0000] {logging_mixin.py:154} INFO - [2026-03-10T13:05:00.634+0000] {dagbag.py:536} INFO - Filling up the DagBag from /opt/airflow/dags/example_dag.py
[2026-03-10T13:05:00.657+0000] {processor.py:839} INFO - DAG(s) dict_keys(['example_dag']) retrieved from /opt/airflow/dags/example_dag.py
[2026-03-10T13:05:00.758+0000] {logging_mixin.py:154} INFO - [2026-03-10T13:05:00.758+0000] {dag.py:2941} INFO - Sync 1 DAGs
[2026-03-10T13:05:00.826+0000] {logging_mixin.py:154} INFO - [2026-03-10T13:05:00.826+0000] {dag.py:3722} INFO - Setting next_dagrun for example_dag to 2026-03-10T13:05:00.485503+00:00, run_after=2026-03-11T13:05:00.485503+00:00
[2026-03-10T13:05:00.910+0000] {processor.py:179} INFO - Processing /opt/airflow/dags/example_dag.py took 0.287 seconds
[2026-03-10T13:05:31.257+0000] {processor.py:157} INFO - Started process (PID=211) to work on /opt/airflow/dags/example_dag.py
[2026-03-10T13:05:31.258+0000] {processor.py:829} INFO - Processing file /opt/airflow/dags/example_dag.py for tasks to queue
[2026-03-10T13:05:31.259+0000] {logging_mixin.py:154} INFO - [2026-03-10T13:05:31.259+0000] {dagbag.py:536} INFO - Filling up the DagBag from /opt/airflow/dags/example_dag.py
[2026-03-10T13:05:31.276+0000] {processor.py:839} INFO - DAG(s) dict_keys(['example_dag']) retrieved from /opt/airflow/dags/example_dag.py
[2026-03-10T13:05:31.306+0000] {logging_mixin.py:154} INFO - [2026-03-10T13:05:31.306+0000] {dag.py:2941} INFO - Sync 1 DAGs
[2026-03-10T13:05:31.321+0000] {logging_mixin.py:154} INFO - [2026-03-10T13:05:31.321+0000] {dag.py:3722} INFO - Setting next_dagrun for example_dag to 2026-03-10T13:05:00.485503+00:00, run_after=2026-03-11T13:05:00.485503+00:00
[2026-03-10T13:05:31.333+0000] {processor.py:179} INFO - Processing /opt/airflow/dags/example_dag.py took 0.081 seconds
[2026-03-10T13:06:01.795+0000] {processor.py:157} INFO - Started process (PID=230) to work on /opt/airflow/dags/example_dag.py
[2026-03-10T13:06:01.797+0000] {processor.py:829} INFO - Processing file /opt/airflow/dags/example_dag.py for tasks to queue
[2026-03-10T13:06:01.797+0000] {logging_mixin.py:154} INFO - [2026-03-10T13:06:01.797+0000] {dagbag.py:536} INFO - Filling up the DagBag from /opt/airflow/dags/example_dag.py
[2026-03-10T13:06:01.816+0000] {processor.py:839} INFO - DAG(s) dict_keys(['example_dag']) retrieved from /opt/airflow/dags/example_dag.py
[2026-03-10T13:06:01.860+0000] {logging_mixin.py:154} INFO - [2026-03-10T13:06:01.860+0000] {dag.py:2941} INFO - Sync 1 DAGs
[2026-03-10T13:06:01.885+0000] {logging_mixin.py:154} INFO - [2026-03-10T13:06:01.884+0000] {dag.py:3722} INFO - Setting next_dagrun for example_dag to 2026-03-10T13:05:00.485503+00:00, run_after=2026-03-11T13:05:00.485503+00:00
[2026-03-10T13:06:01.894+0000] {processor.py:179} INFO - Processing /opt/airflow/dags/example_dag.py took 0.108 seconds
[2026-03-10T13:06:32.242+0000] {processor.py:157} INFO - Started process (PID=259) to work on /opt/airflow/dags/example_dag.py
[2026-03-10T13:06:32.243+0000] {processor.py:829} INFO - Processing file /opt/airflow/dags/example_dag.py for tasks to queue
[2026-03-10T13:06:32.244+0000] {logging_mixin.py:154} INFO - [2026-03-10T13:06:32.244+0000] {dagbag.py:536} INFO - Filling up the DagBag from /opt/airflow/dags/example_dag.py
[2026-03-10T13:06:32.265+0000] {processor.py:839} INFO - DAG(s) dict_keys(['example_dag']) retrieved from /opt/airflow/dags/example_dag.py
[2026-03-10T13:06:32.298+0000] {logging_mixin.py:154} INFO - [2026-03-10T13:06:32.297+0000] {dag.py:2941} INFO - Sync 1 DAGs
[2026-03-10T13:06:32.316+0000] {logging_mixin.py:154} INFO - [2026-03-10T13:06:32.316+0000] {dag.py:3722} INFO - Setting next_dagrun for example_dag to 2026-03-10T13:05:00.485503+00:00, run_after=2026-03-11T13:05:00.485503+00:00
[2026-03-10T13:06:32.326+0000] {processor.py:179} INFO - Processing /opt/airflow/dags/example_dag.py took 0.091 seconds
[2026-03-10T13:07:02.716+0000] {processor.py:157} INFO - Started process (PID=288) to work on /opt/airflow/dags/example_dag.py
[2026-03-10T13:07:02.720+0000] {processor.py:829} INFO - Processing file /opt/airflow/dags/example_dag.py for tasks to queue
[2026-03-10T13:07:02.728+0000] {logging_mixin.py:154} INFO - [2026-03-10T13:07:02.724+0000] {dagbag.py:536} INFO - Filling up the DagBag from /opt/airflow/dags/example_dag.py
[2026-03-10T13:07:02.752+0000] {processor.py:839} INFO - DAG(s) dict_keys(['example_dag']) retrieved from /opt/airflow/dags/example_dag.py
[2026-03-10T13:07:02.790+0000] {logging_mixin.py:154} INFO - [2026-03-10T13:07:02.790+0000] {dag.py:2941} INFO - Sync 1 DAGs
[2026-03-10T13:07:02.811+0000] {logging_mixin.py:154} INFO - [2026-03-10T13:07:02.810+0000] {dag.py:3722} INFO - Setting next_dagrun for example_dag to 2026-03-10T13:05:00.485503+00:00, run_after=2026-03-11T13:05:00.485503+00:00
[2026-03-10T13:07:02.886+0000] {processor.py:179} INFO - Processing /opt/airflow/dags/example_dag.py took 0.182 seconds
[2026-03-10T13:07:33.067+0000] {processor.py:157} INFO - Started process (PID=309) to work on /opt/airflow/dags/example_dag.py
[2026-03-10T13:07:33.068+0000] {processor.py:829} INFO - Processing file /opt/airflow/dags/example_dag.py for tasks to queue
[2026-03-10T13:07:33.069+0000] {logging_mixin.py:154} INFO - [2026-03-10T13:07:33.069+0000] {dagbag.py:536} INFO - Filling up the DagBag from /opt/airflow/dags/example_dag.py
[2026-03-10T13:07:33.089+0000] {processor.py:839} INFO - DAG(s) dict_keys(['example_dag']) retrieved from /opt/airflow/dags/example_dag.py
[2026-03-10T13:07:33.159+0000] {logging_mixin.py:154} INFO - [2026-03-10T13:07:33.158+0000] {dag.py:2941} INFO - Sync 1 DAGs
[2026-03-10T13:07:33.197+0000] {logging_mixin.py:154} INFO - [2026-03-10T13:07:33.197+0000] {dag.py:3722} INFO - Setting next_dagrun for example_dag to 2026-03-10T13:05:00.485503+00:00, run_after=2026-03-11T13:05:00.485503+00:00
[2026-03-10T13:07:33.220+0000] {processor.py:179} INFO - Processing /opt/airflow/dags/example_dag.py took 0.157 seconds
[2026-03-10T13:08:03.773+0000] {processor.py:157} INFO - Started process (PID=337) to work on /opt/airflow/dags/example_dag.py
[2026-03-10T13:08:03.774+0000] {processor.py:829} INFO - Processing file /opt/airflow/dags/example_dag.py for tasks to queue
[2026-03-10T13:08:03.775+0000] {logging_mixin.py:154} INFO - [2026-03-10T13:08:03.775+0000] {dagbag.py:536} INFO - Filling up the DagBag from /opt/airflow/dags/example_dag.py
[2026-03-10T13:08:03.799+0000] {processor.py:839} INFO - DAG(s) dict_keys(['example_dag']) retrieved from /opt/airflow/dags/example_dag.py
[2026-03-10T13:08:03.859+0000] {logging_mixin.py:154} INFO - [2026-03-10T13:08:03.859+0000] {dag.py:2941} INFO - Sync 1 DAGs
[2026-03-10T13:08:03.879+0000] {logging_mixin.py:154} INFO - [2026-03-10T13:08:03.879+0000] {dag.py:3722} INFO - Setting next_dagrun for example_dag to 2026-03-10T13:05:00.485503+00:00, run_after=2026-03-11T13:05:00.485503+00:00
[2026-03-10T13:08:03.889+0000] {processor.py:179} INFO - Processing /opt/airflow/dags/example_dag.py took 0.120 seconds
[2026-03-10T13:08:34.564+0000] {processor.py:157} INFO - Started process (PID=358) to work on /opt/airflow/dags/example_dag.py
[2026-03-10T13:08:34.569+0000] {processor.py:829} INFO - Processing file /opt/airflow/dags/example_dag.py for tasks to queue
[2026-03-10T13:08:34.573+0000] {logging_mixin.py:154} INFO - [2026-03-10T13:08:34.573+0000] {dagbag.py:536} INFO - Filling up the DagBag from /opt/airflow/dags/example_dag.py
[2026-03-10T13:08:34.618+0000] {processor.py:839} INFO - DAG(s) dict_keys(['example_dag']) retrieved from /opt/airflow/dags/example_dag.py
[2026-03-10T13:08:34.689+0000] {logging_mixin.py:154} INFO - [2026-03-10T13:08:34.689+0000] {dag.py:2941} INFO - Sync 1 DAGs
[2026-03-10T13:08:34.782+0000] {logging_mixin.py:154} INFO - [2026-03-10T13:08:34.782+0000] {dag.py:3722} INFO - Setting next_dagrun for example_dag to 2026-03-10T13:05:00.485503+00:00, run_after=2026-03-11T13:05:00.485503+00:00
[2026-03-10T13:08:34.799+0000] {processor.py:179} INFO - Processing /opt/airflow/dags/example_dag.py took 0.254 seconds
[2026-03-10T13:09:05.187+0000] {processor.py:157} INFO - Started process (PID=386) to work on /opt/airflow/dags/example_dag.py
[2026-03-10T13:09:05.189+0000] {processor.py:829} INFO - Processing file /opt/airflow/dags/example_dag.py for tasks to queue
[2026-03-10T13:09:05.189+0000] {logging_mixin.py:154} INFO - [2026-03-10T13:09:05.189+0000] {dagbag.py:536} INFO - Filling up the DagBag from /opt/airflow/dags/example_dag.py
[2026-03-10T13:09:05.219+0000] {processor.py:839} INFO - DAG(s) dict_keys(['example_dag']) retrieved from /opt/airflow/dags/example_dag.py
[2026-03-10T13:09:05.252+0000] {logging_mixin.py:154} INFO - [2026-03-10T13:09:05.252+0000] {dag.py:2941} INFO - Sync 1 DAGs
[2026-03-10T13:09:05.272+0000] {logging_mixin.py:154} INFO - [2026-03-10T13:09:05.272+0000] {dag.py:3722} INFO - Setting next_dagrun for example_dag to 2026-03-10T13:05:00.485503+00:00, run_after=2026-03-11T13:05:00.485503+00:00
[2026-03-10T13:09:05.289+0000] {processor.py:179} INFO - Processing /opt/airflow/dags/example_dag.py took 0.105 seconds
[2026-03-10T13:09:35.679+0000] {processor.py:157} INFO - Started process (PID=406) to work on /opt/airflow/dags/example_dag.py
[2026-03-10T13:09:35.680+0000] {processor.py:829} INFO - Processing file /opt/airflow/dags/example_dag.py for tasks to queue
[2026-03-10T13:09:35.680+0000] {logging_mixin.py:154} INFO - [2026-03-10T13:09:35.680+0000] {dagbag.py:536} INFO - Filling up the DagBag from /opt/airflow/dags/example_dag.py
[2026-03-10T13:09:35.695+0000] {processor.py:839} INFO - DAG(s) dict_keys(['example_dag']) retrieved from /opt/airflow/dags/example_dag.py
[2026-03-10T13:09:35.730+0000] {logging_mixin.py:154} INFO - [2026-03-10T13:09:35.730+0000] {dag.py:2941} INFO - Sync 1 DAGs
[2026-03-10T13:09:35.748+0000] {logging_mixin.py:154} INFO - [2026-03-10T13:09:35.748+0000] {dag.py:3722} INFO - Setting next_dagrun for example_dag to 2026-03-10T13:05:00.485503+00:00, run_after=2026-03-11T13:05:00.485503+00:00
[2026-03-10T13:09:35.764+0000] {processor.py:179} INFO - Processing /opt/airflow/dags/example_dag.py took 0.091 seconds
[2026-03-10T13:10:06.328+0000] {processor.py:157} INFO - Started process (PID=435) to work on /opt/airflow/dags/example_dag.py
[2026-03-10T13:10:06.330+0000] {processor.py:829} INFO - Processing file /opt/airflow/dags/example_dag.py for tasks to queue
[2026-03-10T13:10:06.331+0000] {logging_mixin.py:154} INFO - [2026-03-10T13:10:06.331+0000] {dagbag.py:536} INFO - Filling up the DagBag from /opt/airflow/dags/example_dag.py
[2026-03-10T13:10:06.357+0000] {processor.py:839} INFO - DAG(s) dict_keys(['example_dag']) retrieved from /opt/airflow/dags/example_dag.py
[2026-03-10T13:10:06.403+0000] {logging_mixin.py:154} INFO - [2026-03-10T13:10:06.403+0000] {dag.py:2941} INFO - Sync 1 DAGs
[2026-03-10T13:10:06.427+0000] {logging_mixin.py:154} INFO - [2026-03-10T13:10:06.427+0000] {dag.py:3722} INFO - Setting next_dagrun for example_dag to 2026-03-10T13:05:00.485503+00:00, run_after=2026-03-11T13:05:00.485503+00:00
[2026-03-10T13:10:06.440+0000] {processor.py:179} INFO - Processing /opt/airflow/dags/example_dag.py took 0.128 seconds
[2026-03-10T13:10:36.878+0000] {processor.py:157} INFO - Started process (PID=464) to work on /opt/airflow/dags/example_dag.py
[2026-03-10T13:10:36.879+0000] {processor.py:829} INFO - Processing file /opt/airflow/dags/example_dag.py for tasks to queue
[2026-03-10T13:10:36.883+0000] {logging_mixin.py:154} INFO - [2026-03-10T13:10:36.881+0000] {dagbag.py:536} INFO - Filling up the DagBag from /opt/airflow/dags/example_dag.py
[2026-03-10T13:10:36.901+0000] {processor.py:839} INFO - DAG(s) dict_keys(['example_dag']) retrieved from /opt/airflow/dags/example_dag.py
[2026-03-10T13:10:36.917+0000] {logging_mixin.py:154} INFO - [2026-03-10T13:10:36.917+0000] {dag.py:2941} INFO - Sync 1 DAGs
[2026-03-10T13:10:36.932+0000] {logging_mixin.py:154} INFO - [2026-03-10T13:10:36.932+0000] {dag.py:3722} INFO - Setting next_dagrun for example_dag to 2026-03-10T13:05:00.485503+00:00, run_after=2026-03-11T13:05:00.485503+00:00
[2026-03-10T13:10:36.948+0000] {processor.py:179} INFO - Processing /opt/airflow/dags/example_dag.py took 0.078 seconds
[2026-03-10T13:11:07.211+0000] {processor.py:157} INFO - Started process (PID=485) to work on /opt/airflow/dags/example_dag.py
[2026-03-10T13:11:07.213+0000] {processor.py:829} INFO - Processing file /opt/airflow/dags/example_dag.py for tasks to queue
[2026-03-10T13:11:07.217+0000] {logging_mixin.py:154} INFO - [2026-03-10T13:11:07.215+0000] {dagbag.py:536} INFO - Filling up the DagBag from /opt/airflow/dags/example_dag.py
[2026-03-10T13:11:07.234+0000] {processor.py:839} INFO - DAG(s) dict_keys(['example_dag']) retrieved from /opt/airflow/dags/example_dag.py
[2026-03-10T13:11:07.260+0000] {logging_mixin.py:154} INFO - [2026-03-10T13:11:07.260+0000] {dag.py:2941} INFO - Sync 1 DAGs
[2026-03-10T13:11:07.279+0000] {logging_mixin.py:154} INFO - [2026-03-10T13:11:07.279+0000] {dag.py:3722} INFO - Setting next_dagrun for example_dag to 2026-03-10T13:05:00.485503+00:00, run_after=2026-03-11T13:05:00.485503+00:00
[2026-03-10T13:11:07.289+0000] {processor.py:179} INFO - Processing /opt/airflow/dags/example_dag.py took 0.081 seconds
[2026-03-10T13:11:37.609+0000] {processor.py:157} INFO - Started process (PID=514) to work on /opt/airflow/dags/example_dag.py
[2026-03-10T13:11:37.611+0000] {processor.py:829} INFO - Processing file /opt/airflow/dags/example_dag.py for tasks to queue
[2026-03-10T13:11:37.612+0000] {logging_mixin.py:154} INFO - [2026-03-10T13:11:37.611+0000] {dagbag.py:536} INFO - Filling up the DagBag from /opt/airflow/dags/example_dag.py
[2026-03-10T13:11:37.626+0000] {processor.py:839} INFO - DAG(s) dict_keys(['example_dag']) retrieved from /opt/airflow/dags/example_dag.py
[2026-03-10T13:11:37.655+0000] {logging_mixin.py:154} INFO - [2026-03-10T13:11:37.655+0000] {dag.py:2941} INFO - Sync 1 DAGs
[2026-03-10T13:11:37.672+0000] {logging_mixin.py:154} INFO - [2026-03-10T13:11:37.672+0000] {dag.py:3722} INFO - Setting next_dagrun for example_dag to 2026-03-10T13:05:00.485503+00:00, run_after=2026-03-11T13:05:00.485503+00:00
[2026-03-10T13:11:37.683+0000] {processor.py:179} INFO - Processing /opt/airflow/dags/example_dag.py took 0.078 seconds
[2026-03-10T13:12:07.990+0000] {processor.py:157} INFO - Started process (PID=543) to work on /opt/airflow/dags/example_dag.py
[2026-03-10T13:12:07.992+0000] {processor.py:829} INFO - Processing file /opt/airflow/dags/example_dag.py for tasks to queue
[2026-03-10T13:12:07.992+0000] {logging_mixin.py:154} INFO - [2026-03-10T13:12:07.992+0000] {dagbag.py:536} INFO - Filling up the DagBag from /opt/airflow/dags/example_dag.py
[2026-03-10T13:12:08.006+0000] {processor.py:839} INFO - DAG(s) dict_keys(['example_dag']) retrieved from /opt/airflow/dags/example_dag.py
[2026-03-10T13:12:08.040+0000] {logging_mixin.py:154} INFO - [2026-03-10T13:12:08.040+0000] {dag.py:2941} INFO - Sync 1 DAGs
[2026-03-10T13:12:08.065+0000] {logging_mixin.py:154} INFO - [2026-03-10T13:12:08.064+0000] {dag.py:3722} INFO - Setting next_dagrun for example_dag to 2026-03-10T13:05:00.485503+00:00, run_after=2026-03-11T13:05:00.485503+00:00
[2026-03-10T13:12:08.080+0000] {processor.py:179} INFO - Processing /opt/airflow/dags/example_dag.py took 0.093 seconds
[2026-03-10T13:12:38.417+0000] {processor.py:157} INFO - Started process (PID=564) to work on /opt/airflow/dags/example_dag.py
[2026-03-10T13:12:38.419+0000] {processor.py:829} INFO - Processing file /opt/airflow/dags/example_dag.py for tasks to queue
[2026-03-10T13:12:38.420+0000] {logging_mixin.py:154} INFO - [2026-03-10T13:12:38.420+0000] {dagbag.py:536} INFO - Filling up the DagBag from /opt/airflow/dags/example_dag.py
[2026-03-10T13:12:38.436+0000] {processor.py:839} INFO - DAG(s) dict_keys(['example_dag']) retrieved from /opt/airflow/dags/example_dag.py
[2026-03-10T13:12:38.474+0000] {logging_mixin.py:154} INFO - [2026-03-10T13:12:38.474+0000] {dag.py:2941} INFO - Sync 1 DAGs
[2026-03-10T13:12:38.497+0000] {logging_mixin.py:154} INFO - [2026-03-10T13:12:38.496+0000] {dag.py:3722} INFO - Setting next_dagrun for example_dag to 2026-03-10T13:05:00.485503+00:00, run_after=2026-03-11T13:05:00.485503+00:00
[2026-03-10T13:12:38.512+0000] {processor.py:179} INFO - Processing /opt/airflow/dags/example_dag.py took 0.098 seconds
[2026-03-10T13:13:08.842+0000] {processor.py:157} INFO - Started process (PID=593) to work on /opt/airflow/dags/example_dag.py
[2026-03-10T13:13:08.843+0000] {processor.py:829} INFO - Processing file /opt/airflow/dags/example_dag.py for tasks to queue
[2026-03-10T13:13:08.845+0000] {logging_mixin.py:154} INFO - [2026-03-10T13:13:08.845+0000] {dagbag.py:536} INFO - Filling up the DagBag from /opt/airflow/dags/example_dag.py
[2026-03-10T13:13:08.861+0000] {processor.py:839} INFO - DAG(s) dict_keys(['example_dag']) retrieved from /opt/airflow/dags/example_dag.py
[2026-03-10T13:13:08.891+0000] {logging_mixin.py:154} INFO - [2026-03-10T13:13:08.890+0000] {dag.py:2941} INFO - Sync 1 DAGs
[2026-03-10T13:13:08.910+0000] {logging_mixin.py:154} INFO - [2026-03-10T13:13:08.910+0000] {dag.py:3722} INFO - Setting next_dagrun for example_dag to 2026-03-10T13:05:00.485503+00:00, run_after=2026-03-11T13:05:00.485503+00:00
[2026-03-10T13:13:08.923+0000] {processor.py:179} INFO - Processing /opt/airflow/dags/example_dag.py took 0.085 seconds
[2026-03-10T13:13:39.115+0000] {processor.py:157} INFO - Started process (PID=622) to work on /opt/airflow/dags/example_dag.py
[2026-03-10T13:13:39.116+0000] {processor.py:829} INFO - Processing file /opt/airflow/dags/example_dag.py for tasks to queue
[2026-03-10T13:13:39.117+0000] {logging_mixin.py:154} INFO - [2026-03-10T13:13:39.116+0000] {dagbag.py:536} INFO - Filling up the DagBag from /opt/airflow/dags/example_dag.py
[2026-03-10T13:13:39.134+0000] {processor.py:839} INFO - DAG(s) dict_keys(['example_dag']) retrieved from /opt/airflow/dags/example_dag.py
[2026-03-10T13:13:39.161+0000] {logging_mixin.py:154} INFO - [2026-03-10T13:13:39.161+0000] {dag.py:2941} INFO - Sync 1 DAGs
[2026-03-10T13:13:39.180+0000] {logging_mixin.py:154} INFO - [2026-03-10T13:13:39.180+0000] {dag.py:3722} INFO - Setting next_dagrun for example_dag to 2026-03-10T13:05:00.485503+00:00, run_after=2026-03-11T13:05:00.485503+00:00
[2026-03-10T13:13:39.189+0000] {processor.py:179} INFO - Processing /opt/airflow/dags/example_dag.py took 0.078 seconds
[2026-03-10T13:14:09.423+0000] {processor.py:157} INFO - Started process (PID=643) to work on /opt/airflow/dags/example_dag.py
[2026-03-10T13:14:09.424+0000] {processor.py:829} INFO - Processing file /opt/airflow/dags/example_dag.py for tasks to queue
[2026-03-10T13:14:09.425+0000] {logging_mixin.py:154} INFO - [2026-03-10T13:14:09.425+0000] {dagbag.py:536} INFO - Filling up the DagBag from /opt/airflow/dags/example_dag.py
[2026-03-10T13:14:09.441+0000] {processor.py:839} INFO - DAG(s) dict_keys(['example_dag']) retrieved from /opt/airflow/dags/example_dag.py
[2026-03-10T13:14:09.473+0000] {logging_mixin.py:154} INFO - [2026-03-10T13:14:09.473+0000] {dag.py:2941} INFO - Sync 1 DAGs
[2026-03-10T13:14:09.487+0000] {logging_mixin.py:154} INFO - [2026-03-10T13:14:09.487+0000] {dag.py:3722} INFO - Setting next_dagrun for example_dag to 2026-03-10T13:05:00.485503+00:00, run_after=2026-03-11T13:05:00.485503+00:00
[2026-03-10T13:14:09.499+0000] {processor.py:179} INFO - Processing /opt/airflow/dags/example_dag.py took 0.080 seconds
[2026-03-10T13:14:39.834+0000] {processor.py:157} INFO - Started process (PID=672) to work on /opt/airflow/dags/example_dag.py
[2026-03-10T13:14:39.836+0000] {processor.py:829} INFO - Processing file /opt/airflow/dags/example_dag.py for tasks to queue
[2026-03-10T13:14:39.837+0000] {logging_mixin.py:154} INFO - [2026-03-10T13:14:39.836+0000] {dagbag.py:536} INFO - Filling up the DagBag from /opt/airflow/dags/example_dag.py
[2026-03-10T13:14:39.852+0000] {processor.py:839} INFO - DAG(s) dict_keys(['example_dag']) retrieved from /opt/airflow/dags/example_dag.py
[2026-03-10T13:14:39.884+0000] {logging_mixin.py:154} INFO - [2026-03-10T13:14:39.884+0000] {dag.py:2941} INFO - Sync 1 DAGs
[2026-03-10T13:14:39.899+0000] {logging_mixin.py:154} INFO - [2026-03-10T13:14:39.899+0000] {dag.py:3722} INFO - Setting next_dagrun for example_dag to 2026-03-10T13:05:00.485503+00:00, run_after=2026-03-11T13:05:00.485503+00:00
[2026-03-10T13:14:39.911+0000] {processor.py:179} INFO - Processing /opt/airflow/dags/example_dag.py took 0.082 seconds
[2026-03-10T13:15:10.232+0000] {processor.py:157} INFO - Started process (PID=699) to work on /opt/airflow/dags/example_dag.py
[2026-03-10T13:15:10.233+0000] {processor.py:829} INFO - Processing file /opt/airflow/dags/example_dag.py for tasks to queue
[2026-03-10T13:15:10.234+0000] {logging_mixin.py:154} INFO - [2026-03-10T13:15:10.233+0000] {dagbag.py:536} INFO - Filling up the DagBag from /opt/airflow/dags/example_dag.py
[2026-03-10T13:15:10.246+0000] {processor.py:839} INFO - DAG(s) dict_keys(['example_dag']) retrieved from /opt/airflow/dags/example_dag.py
[2026-03-10T13:15:10.284+0000] {logging_mixin.py:154} INFO - [2026-03-10T13:15:10.284+0000] {dag.py:2941} INFO - Sync 1 DAGs
[2026-03-10T13:15:10.307+0000] {logging_mixin.py:154} INFO - [2026-03-10T13:15:10.307+0000] {dag.py:3722} INFO - Setting next_dagrun for example_dag to 2026-03-10T13:05:00.485503+00:00, run_after=2026-03-11T13:05:00.485503+00:00
[2026-03-10T13:15:10.321+0000] {processor.py:179} INFO - Processing /opt/airflow/dags/example_dag.py took 0.093 seconds
[2026-03-10T13:15:40.588+0000] {processor.py:157} INFO - Started process (PID=722) to work on /opt/airflow/dags/example_dag.py
[2026-03-10T13:15:40.590+0000] {processor.py:829} INFO - Processing file /opt/airflow/dags/example_dag.py for tasks to queue
[2026-03-10T13:15:40.590+0000] {logging_mixin.py:154} INFO - [2026-03-10T13:15:40.590+0000] {dagbag.py:536} INFO - Filling up the DagBag from /opt/airflow/dags/example_dag.py
[2026-03-10T13:15:40.603+0000] {processor.py:839} INFO - DAG(s) dict_keys(['example_dag']) retrieved from /opt/airflow/dags/example_dag.py
[2026-03-10T13:15:40.641+0000] {logging_mixin.py:154} INFO - [2026-03-10T13:15:40.640+0000] {dag.py:2941} INFO - Sync 1 DAGs
[2026-03-10T13:15:40.661+0000] {logging_mixin.py:154} INFO - [2026-03-10T13:15:40.660+0000] {dag.py:3722} INFO - Setting next_dagrun for example_dag to 2026-03-10T13:05:00.485503+00:00, run_after=2026-03-11T13:05:00.485503+00:00
[2026-03-10T13:15:40.670+0000] {processor.py:179} INFO - Processing /opt/airflow/dags/example_dag.py took 0.087 seconds
[2026-03-10T13:16:11.074+0000] {processor.py:157} INFO - Started process (PID=751) to work on /opt/airflow/dags/example_dag.py
[2026-03-10T13:16:11.080+0000] {processor.py:829} INFO - Processing file /opt/airflow/dags/example_dag.py for tasks to queue
[2026-03-10T13:16:11.082+0000] {logging_mixin.py:154} INFO - [2026-03-10T13:16:11.082+0000] {dagbag.py:536} INFO - Filling up the DagBag from /opt/airflow/dags/example_dag.py
[2026-03-10T13:16:11.099+0000] {processor.py:839} INFO - DAG(s) dict_keys(['example_dag']) retrieved from /opt/airflow/dags/example_dag.py
[2026-03-10T13:16:11.158+0000] {logging_mixin.py:154} INFO - [2026-03-10T13:16:11.157+0000] {dag.py:2941} INFO - Sync 1 DAGs
[2026-03-10T13:16:11.205+0000] {logging_mixin.py:154} INFO - [2026-03-10T13:16:11.205+0000] {dag.py:3722} INFO - Setting next_dagrun for example_dag to 2026-03-10T13:05:00.485503+00:00, run_after=2026-03-11T13:05:00.485503+00:00
[2026-03-10T13:16:11.218+0000] {processor.py:179} INFO - Processing /opt/airflow/dags/example_dag.py took 0.148 seconds
[2026-03-10T13:16:41.565+0000] {processor.py:157} INFO - Started process (PID=772) to work on /opt/airflow/dags/example_dag.py
[2026-03-10T13:16:41.567+0000] {processor.py:829} INFO - Processing file /opt/airflow/dags/example_dag.py for tasks to queue
[2026-03-10T13:16:41.570+0000] {logging_mixin.py:154} INFO - [2026-03-10T13:16:41.568+0000] {dagbag.py:536} INFO - Filling up the DagBag from /opt/airflow/dags/example_dag.py
[2026-03-10T13:16:41.636+0000] {processor.py:839} INFO - DAG(s) dict_keys(['example_dag']) retrieved from /opt/airflow/dags/example_dag.py
[2026-03-10T13:16:41.727+0000] {logging_mixin.py:154} INFO - [2026-03-10T13:16:41.726+0000] {dag.py:2941} INFO - Sync 1 DAGs
[2026-03-10T13:16:41.785+0000] {logging_mixin.py:154} INFO - [2026-03-10T13:16:41.784+0000] {dag.py:3722} INFO - Setting next_dagrun for example_dag to 2026-03-10T13:05:00.485503+00:00, run_after=2026-03-11T13:05:00.485503+00:00
[2026-03-10T13:16:41.804+0000] {processor.py:179} INFO - Processing /opt/airflow/dags/example_dag.py took 0.251 seconds
[2026-03-10T13:17:11.910+0000] {processor.py:157} INFO - Started process (PID=801) to work on /opt/airflow/dags/example_dag.py
[2026-03-10T13:17:11.914+0000] {processor.py:829} INFO - Processing file /opt/airflow/dags/example_dag.py for tasks to queue
[2026-03-10T13:17:11.924+0000] {logging_mixin.py:154} INFO - [2026-03-10T13:17:11.917+0000] {dagbag.py:536} INFO - Filling up the DagBag from /opt/airflow/dags/example_dag.py
[2026-03-10T13:17:11.953+0000] {processor.py:839} INFO - DAG(s) dict_keys(['example_dag']) retrieved from /opt/airflow/dags/example_dag.py
[2026-03-10T13:17:12.000+0000] {logging_mixin.py:154} INFO - [2026-03-10T13:17:12.000+0000] {dag.py:2941} INFO - Sync 1 DAGs
[2026-03-10T13:17:12.026+0000] {logging_mixin.py:154} INFO - [2026-03-10T13:17:12.026+0000] {dag.py:3722} INFO - Setting next_dagrun for example_dag to 2026-03-10T13:05:00.485503+00:00, run_after=2026-03-11T13:05:00.485503+00:00
[2026-03-10T13:17:12.049+0000] {processor.py:179} INFO - Processing /opt/airflow/dags/example_dag.py took 0.146 seconds
[2026-03-10T13:17:42.378+0000] {processor.py:157} INFO - Started process (PID=822) to work on /opt/airflow/dags/example_dag.py
[2026-03-10T13:17:42.381+0000] {processor.py:829} INFO - Processing file /opt/airflow/dags/example_dag.py for tasks to queue
[2026-03-10T13:17:42.385+0000] {logging_mixin.py:154} INFO - [2026-03-10T13:17:42.382+0000] {dagbag.py:536} INFO - Filling up the DagBag from /opt/airflow/dags/example_dag.py
[2026-03-10T13:17:42.416+0000] {processor.py:839} INFO - DAG(s) dict_keys(['example_dag']) retrieved from /opt/airflow/dags/example_dag.py
[2026-03-10T13:17:42.467+0000] {logging_mixin.py:154} INFO - [2026-03-10T13:17:42.467+0000] {dag.py:2941} INFO - Sync 1 DAGs
[2026-03-10T13:17:42.495+0000] {logging_mixin.py:154} INFO - [2026-03-10T13:17:42.494+0000] {dag.py:3722} INFO - Setting next_dagrun for example_dag to 2026-03-10T13:05:00.485503+00:00, run_after=2026-03-11T13:05:00.485503+00:00
[2026-03-10T13:17:42.517+0000] {processor.py:179} INFO - Processing /opt/airflow/dags/example_dag.py took 0.154 seconds
[2026-03-10T13:18:12.741+0000] {processor.py:157} INFO - Started process (PID=851) to work on /opt/airflow/dags/example_dag.py
[2026-03-10T13:18:12.746+0000] {processor.py:829} INFO - Processing file /opt/airflow/dags/example_dag.py for tasks to queue
[2026-03-10T13:18:12.749+0000] {logging_mixin.py:154} INFO - [2026-03-10T13:18:12.748+0000] {dagbag.py:536} INFO - Filling up the DagBag from /opt/airflow/dags/example_dag.py
[2026-03-10T13:18:12.766+0000] {processor.py:839} INFO - DAG(s) dict_keys(['example_dag']) retrieved from /opt/airflow/dags/example_dag.py
[2026-03-10T13:18:12.794+0000] {logging_mixin.py:154} INFO - [2026-03-10T13:18:12.794+0000] {dag.py:2941} INFO - Sync 1 DAGs
[2026-03-10T13:18:12.811+0000] {logging_mixin.py:154} INFO - [2026-03-10T13:18:12.811+0000] {dag.py:3722} INFO - Setting next_dagrun for example_dag to 2026-03-10T13:05:00.485503+00:00, run_after=2026-03-11T13:05:00.485503+00:00
[2026-03-10T13:18:12.823+0000] {processor.py:179} INFO - Processing /opt/airflow/dags/example_dag.py took 0.095 seconds
[2026-03-10T13:18:43.047+0000] {processor.py:157} INFO - Started process (PID=880) to work on /opt/airflow/dags/example_dag.py
[2026-03-10T13:18:43.049+0000] {processor.py:829} INFO - Processing file /opt/airflow/dags/example_dag.py for tasks to queue
[2026-03-10T13:18:43.049+0000] {logging_mixin.py:154} INFO - [2026-03-10T13:18:43.049+0000] {dagbag.py:536} INFO - Filling up the DagBag from /opt/airflow/dags/example_dag.py
[2026-03-10T13:18:43.064+0000] {processor.py:839} INFO - DAG(s) dict_keys(['example_dag']) retrieved from /opt/airflow/dags/example_dag.py
[2026-03-10T13:18:43.087+0000] {logging_mixin.py:154} INFO - [2026-03-10T13:18:43.086+0000] {dag.py:2941} INFO - Sync 1 DAGs
[2026-03-10T13:18:43.103+0000] {logging_mixin.py:154} INFO - [2026-03-10T13:18:43.103+0000] {dag.py:3722} INFO - Setting next_dagrun for example_dag to 2026-03-10T13:05:00.485503+00:00, run_after=2026-03-11T13:05:00.485503+00:00
[2026-03-10T13:18:43.110+0000] {processor.py:179} INFO - Processing /opt/airflow/dags/example_dag.py took 0.066 seconds
[2026-03-10T13:19:13.396+0000] {processor.py:157} INFO - Started process (PID=901) to work on /opt/airflow/dags/example_dag.py
[2026-03-10T13:19:13.398+0000] {processor.py:829} INFO - Processing file /opt/airflow/dags/example_dag.py for tasks to queue
[2026-03-10T13:19:13.399+0000] {logging_mixin.py:154} INFO - [2026-03-10T13:19:13.399+0000] {dagbag.py:536} INFO - Filling up the DagBag from /opt/airflow/dags/example_dag.py
[2026-03-10T13:19:13.422+0000] {processor.py:839} INFO - DAG(s) dict_keys(['example_dag']) retrieved from /opt/airflow/dags/example_dag.py
[2026-03-10T13:19:13.441+0000] {logging_mixin.py:154} INFO - [2026-03-10T13:19:13.441+0000] {dag.py:2941} INFO - Sync 1 DAGs
[2026-03-10T13:19:13.453+0000] {logging_mixin.py:154} INFO - [2026-03-10T13:19:13.453+0000] {dag.py:3722} INFO - Setting next_dagrun for example_dag to 2026-03-10T13:05:00.485503+00:00, run_after=2026-03-11T13:05:00.485503+00:00
[2026-03-10T13:19:13.463+0000] {processor.py:179} INFO - Processing /opt/airflow/dags/example_dag.py took 0.071 seconds
[2026-03-10T13:19:43.719+0000] {processor.py:157} INFO - Started process (PID=930) to work on /opt/airflow/dags/example_dag.py
[2026-03-10T13:19:43.721+0000] {processor.py:829} INFO - Processing file /opt/airflow/dags/example_dag.py for tasks to queue
[2026-03-10T13:19:43.722+0000] {logging_mixin.py:154} INFO - [2026-03-10T13:19:43.722+0000] {dagbag.py:536} INFO - Filling up the DagBag from /opt/airflow/dags/example_dag.py
[2026-03-10T13:19:43.741+0000] {processor.py:839} INFO - DAG(s) dict_keys(['example_dag']) retrieved from /opt/airflow/dags/example_dag.py
[2026-03-10T13:19:43.776+0000] {logging_mixin.py:154} INFO - [2026-03-10T13:19:43.776+0000] {dag.py:2941} INFO - Sync 1 DAGs
[2026-03-10T13:19:43.796+0000] {logging_mixin.py:154} INFO - [2026-03-10T13:19:43.796+0000] {dag.py:3722} INFO - Setting next_dagrun for example_dag to 2026-03-10T13:05:00.485503+00:00, run_after=2026-03-11T13:05:00.485503+00:00
[2026-03-10T13:19:43.804+0000] {processor.py:179} INFO - Processing /opt/airflow/dags/example_dag.py took 0.093 seconds
[2026-03-10T13:20:14.026+0000] {processor.py:157} INFO - Started process (PID=959) to work on /opt/airflow/dags/example_dag.py
[2026-03-10T13:20:14.028+0000] {processor.py:829} INFO - Processing file /opt/airflow/dags/example_dag.py for tasks to queue
[2026-03-10T13:20:14.028+0000] {logging_mixin.py:154} INFO - [2026-03-10T13:20:14.028+0000] {dagbag.py:536} INFO - Filling up the DagBag from /opt/airflow/dags/example_dag.py
[2026-03-10T13:20:14.048+0000] {processor.py:839} INFO - DAG(s) dict_keys(['example_dag']) retrieved from /opt/airflow/dags/example_dag.py
[2026-03-10T13:20:14.067+0000] {logging_mixin.py:154} INFO - [2026-03-10T13:20:14.067+0000] {dag.py:2941} INFO - Sync 1 DAGs
[2026-03-10T13:20:14.080+0000] {logging_mixin.py:154} INFO - [2026-03-10T13:20:14.080+0000] {dag.py:3722} INFO - Setting next_dagrun for example_dag to 2026-03-10T13:05:00.485503+00:00, run_after=2026-03-11T13:05:00.485503+00:00
[2026-03-10T13:20:14.092+0000] {processor.py:179} INFO - Processing /opt/airflow/dags/example_dag.py took 0.069 seconds
[2026-03-10T13:20:44.393+0000] {processor.py:157} INFO - Started process (PID=980) to work on /opt/airflow/dags/example_dag.py
[2026-03-10T13:20:44.396+0000] {processor.py:829} INFO - Processing file /opt/airflow/dags/example_dag.py for tasks to queue
[2026-03-10T13:20:44.398+0000] {logging_mixin.py:154} INFO - [2026-03-10T13:20:44.397+0000] {dagbag.py:536} INFO - Filling up the DagBag from /opt/airflow/dags/example_dag.py
[2026-03-10T13:20:44.435+0000] {processor.py:839} INFO - DAG(s) dict_keys(['example_dag']) retrieved from /opt/airflow/dags/example_dag.py
[2026-03-10T13:20:44.465+0000] {logging_mixin.py:154} INFO - [2026-03-10T13:20:44.465+0000] {dag.py:2941} INFO - Sync 1 DAGs
[2026-03-10T13:20:44.493+0000] {logging_mixin.py:154} INFO - [2026-03-10T13:20:44.493+0000] {dag.py:3722} INFO - Setting next_dagrun for example_dag to 2026-03-10T13:05:00.485503+00:00, run_after=2026-03-11T13:05:00.485503+00:00
[2026-03-10T13:20:44.504+0000] {processor.py:179} INFO - Processing /opt/airflow/dags/example_dag.py took 0.117 seconds
[2026-03-10T13:21:14.738+0000] {processor.py:157} INFO - Started process (PID=1009) to work on /opt/airflow/dags/example_dag.py
[2026-03-10T13:21:14.739+0000] {processor.py:829} INFO - Processing file /opt/airflow/dags/example_dag.py for tasks to queue
[2026-03-10T13:21:14.740+0000] {logging_mixin.py:154} INFO - [2026-03-10T13:21:14.740+0000] {dagbag.py:536} INFO - Filling up the DagBag from /opt/airflow/dags/example_dag.py
[2026-03-10T13:21:14.755+0000] {processor.py:839} INFO - DAG(s) dict_keys(['example_dag']) retrieved from /opt/airflow/dags/example_dag.py
[2026-03-10T13:21:14.774+0000] {logging_mixin.py:154} INFO - [2026-03-10T13:21:14.774+0000] {dag.py:2941} INFO - Sync 1 DAGs
[2026-03-10T13:21:14.791+0000] {logging_mixin.py:154} INFO - [2026-03-10T13:21:14.791+0000] {dag.py:3722} INFO - Setting next_dagrun for example_dag to 2026-03-10T13:05:00.485503+00:00, run_after=2026-03-11T13:05:00.485503+00:00
[2026-03-10T13:21:14.802+0000] {processor.py:179} INFO - Processing /opt/airflow/dags/example_dag.py took 0.069 seconds
[2026-03-10T13:21:45.147+0000] {processor.py:157} INFO - Started process (PID=1038) to work on /opt/airflow/dags/example_dag.py
[2026-03-10T13:21:45.148+0000] {processor.py:829} INFO - Processing file /opt/airflow/dags/example_dag.py for tasks to queue
[2026-03-10T13:21:45.149+0000] {logging_mixin.py:154} INFO - [2026-03-10T13:21:45.149+0000] {dagbag.py:536} INFO - Filling up the DagBag from /opt/airflow/dags/example_dag.py
[2026-03-10T13:21:45.163+0000] {processor.py:839} INFO - DAG(s) dict_keys(['example_dag']) retrieved from /opt/airflow/dags/example_dag.py
[2026-03-10T13:21:45.190+0000] {logging_mixin.py:154} INFO - [2026-03-10T13:21:45.190+0000] {dag.py:2941} INFO - Sync 1 DAGs
[2026-03-10T13:21:45.226+0000] {logging_mixin.py:154} INFO - [2026-03-10T13:21:45.226+0000] {dag.py:3722} INFO - Setting next_dagrun for example_dag to 2026-03-10T13:05:00.485503+00:00, run_after=2026-03-11T13:05:00.485503+00:00
[2026-03-10T13:21:45.261+0000] {processor.py:179} INFO - Processing /opt/airflow/dags/example_dag.py took 0.118 seconds
[2026-03-10T13:22:15.531+0000] {processor.py:157} INFO - Started process (PID=1059) to work on /opt/airflow/dags/example_dag.py
[2026-03-10T13:22:15.533+0000] {processor.py:829} INFO - Processing file /opt/airflow/dags/example_dag.py for tasks to queue
[2026-03-10T13:22:15.533+0000] {logging_mixin.py:154} INFO - [2026-03-10T13:22:15.533+0000] {dagbag.py:536} INFO - Filling up the DagBag from /opt/airflow/dags/example_dag.py
[2026-03-10T13:22:15.550+0000] {processor.py:839} INFO - DAG(s) dict_keys(['example_dag']) retrieved from /opt/airflow/dags/example_dag.py
[2026-03-10T13:22:15.585+0000] {logging_mixin.py:154} INFO - [2026-03-10T13:22:15.585+0000] {dag.py:2941} INFO - Sync 1 DAGs
[2026-03-10T13:22:15.599+0000] {logging_mixin.py:154} INFO - [2026-03-10T13:22:15.599+0000] {dag.py:3722} INFO - Setting next_dagrun for example_dag to 2026-03-10T13:05:00.485503+00:00, run_after=2026-03-11T13:05:00.485503+00:00
[2026-03-10T13:22:15.612+0000] {processor.py:179} INFO - Processing /opt/airflow/dags/example_dag.py took 0.090 seconds
[2026-03-10T13:22:45.808+0000] {processor.py:157} INFO - Started process (PID=1089) to work on /opt/airflow/dags/example_dag.py
[2026-03-10T13:22:45.810+0000] {processor.py:829} INFO - Processing file /opt/airflow/dags/example_dag.py for tasks to queue
[2026-03-10T13:22:45.811+0000] {logging_mixin.py:154} INFO - [2026-03-10T13:22:45.811+0000] {dagbag.py:536} INFO - Filling up the DagBag from /opt/airflow/dags/example_dag.py
[2026-03-10T13:22:45.826+0000] {processor.py:839} INFO - DAG(s) dict_keys(['example_dag']) retrieved from /opt/airflow/dags/example_dag.py
[2026-03-10T13:22:45.848+0000] {logging_mixin.py:154} INFO - [2026-03-10T13:22:45.848+0000] {dag.py:2941} INFO - Sync 1 DAGs
[2026-03-10T13:22:45.864+0000] {logging_mixin.py:154} INFO - [2026-03-10T13:22:45.863+0000] {dag.py:3722} INFO - Setting next_dagrun for example_dag to 2026-03-10T13:05:00.485503+00:00, run_after=2026-03-11T13:05:00.485503+00:00
[2026-03-10T13:22:45.872+0000] {processor.py:179} INFO - Processing /opt/airflow/dags/example_dag.py took 0.070 seconds
[2026-03-10T13:23:16.249+0000] {processor.py:157} INFO - Started process (PID=1118) to work on /opt/airflow/dags/example_dag.py
[2026-03-10T13:23:16.250+0000] {processor.py:829} INFO - Processing file /opt/airflow/dags/example_dag.py for tasks to queue
[2026-03-10T13:23:16.251+0000] {logging_mixin.py:154} INFO - [2026-03-10T13:23:16.251+0000] {dagbag.py:536} INFO - Filling up the DagBag from /opt/airflow/dags/example_dag.py
[2026-03-10T13:23:16.274+0000] {processor.py:839} INFO - DAG(s) dict_keys(['example_dag']) retrieved from /opt/airflow/dags/example_dag.py
[2026-03-10T13:23:16.305+0000] {logging_mixin.py:154} INFO - [2026-03-10T13:23:16.305+0000] {dag.py:2941} INFO - Sync 1 DAGs
[2026-03-10T13:23:16.324+0000] {logging_mixin.py:154} INFO - [2026-03-10T13:23:16.324+0000] {dag.py:3722} INFO - Setting next_dagrun for example_dag to 2026-03-10T13:05:00.485503+00:00, run_after=2026-03-11T13:05:00.485503+00:00
[2026-03-10T13:23:16.336+0000] {processor.py:179} INFO - Processing /opt/airflow/dags/example_dag.py took 0.094 seconds
[2026-03-10T13:23:46.608+0000] {processor.py:157} INFO - Started process (PID=1139) to work on /opt/airflow/dags/example_dag.py
[2026-03-10T13:23:46.611+0000] {processor.py:829} INFO - Processing file /opt/airflow/dags/example_dag.py for tasks to queue
[2026-03-10T13:23:46.612+0000] {logging_mixin.py:154} INFO - [2026-03-10T13:23:46.611+0000] {dagbag.py:536} INFO - Filling up the DagBag from /opt/airflow/dags/example_dag.py
[2026-03-10T13:23:46.637+0000] {processor.py:839} INFO - DAG(s) dict_keys(['example_dag']) retrieved from /opt/airflow/dags/example_dag.py
[2026-03-10T13:23:46.668+0000] {logging_mixin.py:154} INFO - [2026-03-10T13:23:46.668+0000] {dag.py:2941} INFO - Sync 1 DAGs
[2026-03-10T13:23:46.684+0000] {logging_mixin.py:154} INFO - [2026-03-10T13:23:46.684+0000] {dag.py:3722} INFO - Setting next_dagrun for example_dag to 2026-03-10T13:05:00.485503+00:00, run_after=2026-03-11T13:05:00.485503+00:00
[2026-03-10T13:23:46.692+0000] {processor.py:179} INFO - Processing /opt/airflow/dags/example_dag.py took 0.092 seconds
[2026-03-10T13:24:16.961+0000] {processor.py:157} INFO - Started process (PID=1168) to work on /opt/airflow/dags/example_dag.py
[2026-03-10T13:24:16.963+0000] {processor.py:829} INFO - Processing file /opt/airflow/dags/example_dag.py for tasks to queue
[2026-03-10T13:24:16.964+0000] {logging_mixin.py:154} INFO - [2026-03-10T13:24:16.964+0000] {dagbag.py:536} INFO - Filling up the DagBag from /opt/airflow/dags/example_dag.py
[2026-03-10T13:24:16.989+0000] {processor.py:839} INFO - DAG(s) dict_keys(['example_dag']) retrieved from /opt/airflow/dags/example_dag.py
[2026-03-10T13:24:17.021+0000] {logging_mixin.py:154} INFO - [2026-03-10T13:24:17.020+0000] {dag.py:2941} INFO - Sync 1 DAGs
[2026-03-10T13:24:17.040+0000] {logging_mixin.py:154} INFO - [2026-03-10T13:24:17.039+0000] {dag.py:3722} INFO - Setting next_dagrun for example_dag to 2026-03-10T13:05:00.485503+00:00, run_after=2026-03-11T13:05:00.485503+00:00
[2026-03-10T13:24:17.049+0000] {processor.py:179} INFO - Processing /opt/airflow/dags/example_dag.py took 0.094 seconds
[2026-03-10T13:24:47.300+0000] {processor.py:157} INFO - Started process (PID=1197) to work on /opt/airflow/dags/example_dag.py
[2026-03-10T13:24:47.302+0000] {processor.py:829} INFO - Processing file /opt/airflow/dags/example_dag.py for tasks to queue
[2026-03-10T13:24:47.303+0000] {logging_mixin.py:154} INFO - [2026-03-10T13:24:47.302+0000] {dagbag.py:536} INFO - Filling up the DagBag from /opt/airflow/dags/example_dag.py
[2026-03-10T13:24:47.316+0000] {processor.py:839} INFO - DAG(s) dict_keys(['example_dag']) retrieved from /opt/airflow/dags/example_dag.py
[2026-03-10T13:24:47.346+0000] {logging_mixin.py:154} INFO - [2026-03-10T13:24:47.346+0000] {dag.py:2941} INFO - Sync 1 DAGs
[2026-03-10T13:24:47.361+0000] {logging_mixin.py:154} INFO - [2026-03-10T13:24:47.361+0000] {dag.py:3722} INFO - Setting next_dagrun for example_dag to 2026-03-10T13:05:00.485503+00:00, run_after=2026-03-11T13:05:00.485503+00:00
[2026-03-10T13:24:47.373+0000] {processor.py:179} INFO - Processing /opt/airflow/dags/example_dag.py took 0.077 seconds
[2026-03-10T13:25:17.741+0000] {processor.py:157} INFO - Started process (PID=1217) to work on /opt/airflow/dags/example_dag.py
[2026-03-10T13:25:17.746+0000] {processor.py:829} INFO - Processing file /opt/airflow/dags/example_dag.py for tasks to queue
[2026-03-10T13:25:17.748+0000] {logging_mixin.py:154} INFO - [2026-03-10T13:25:17.748+0000] {dagbag.py:536} INFO - Filling up the DagBag from /opt/airflow/dags/example_dag.py
[2026-03-10T13:25:17.768+0000] {processor.py:839} INFO - DAG(s) dict_keys(['example_dag']) retrieved from /opt/airflow/dags/example_dag.py
[2026-03-10T13:25:17.788+0000] {logging_mixin.py:154} INFO - [2026-03-10T13:25:17.788+0000] {dag.py:2941} INFO - Sync 1 DAGs
[2026-03-10T13:25:17.803+0000] {logging_mixin.py:154} INFO - [2026-03-10T13:25:17.803+0000] {dag.py:3722} INFO - Setting next_dagrun for example_dag to 2026-03-10T13:05:00.485503+00:00, run_after=2026-03-11T13:05:00.485503+00:00
[2026-03-10T13:25:17.812+0000] {processor.py:179} INFO - Processing /opt/airflow/dags/example_dag.py took 0.078 seconds
[2026-03-10T13:25:48.128+0000] {processor.py:157} INFO - Started process (PID=1246) to work on /opt/airflow/dags/example_dag.py
[2026-03-10T13:25:48.129+0000] {processor.py:829} INFO - Processing file /opt/airflow/dags/example_dag.py for tasks to queue
[2026-03-10T13:25:48.130+0000] {logging_mixin.py:154} INFO - [2026-03-10T13:25:48.130+0000] {dagbag.py:536} INFO - Filling up the DagBag from /opt/airflow/dags/example_dag.py
[2026-03-10T13:25:48.147+0000] {processor.py:839} INFO - DAG(s) dict_keys(['example_dag']) retrieved from /opt/airflow/dags/example_dag.py
[2026-03-10T13:25:48.185+0000] {logging_mixin.py:154} INFO - [2026-03-10T13:25:48.185+0000] {dag.py:2941} INFO - Sync 1 DAGs
[2026-03-10T13:25:48.209+0000] {logging_mixin.py:154} INFO - [2026-03-10T13:25:48.209+0000] {dag.py:3722} INFO - Setting next_dagrun for example_dag to 2026-03-10T13:05:00.485503+00:00, run_after=2026-03-11T13:05:00.485503+00:00
[2026-03-10T13:25:48.220+0000] {processor.py:179} INFO - Processing /opt/airflow/dags/example_dag.py took 0.098 seconds
[2026-03-10T13:26:18.604+0000] {processor.py:157} INFO - Started process (PID=1275) to work on /opt/airflow/dags/example_dag.py
[2026-03-10T13:26:18.605+0000] {processor.py:829} INFO - Processing file /opt/airflow/dags/example_dag.py for tasks to queue
[2026-03-10T13:26:18.606+0000] {logging_mixin.py:154} INFO - [2026-03-10T13:26:18.606+0000] {dagbag.py:536} INFO - Filling up the DagBag from /opt/airflow/dags/example_dag.py
[2026-03-10T13:26:18.626+0000] {processor.py:839} INFO - DAG(s) dict_keys(['example_dag']) retrieved from /opt/airflow/dags/example_dag.py
[2026-03-10T13:26:18.653+0000] {logging_mixin.py:154} INFO - [2026-03-10T13:26:18.653+0000] {dag.py:2941} INFO - Sync 1 DAGs
[2026-03-10T13:26:18.668+0000] {logging_mixin.py:154} INFO - [2026-03-10T13:26:18.668+0000] {dag.py:3722} INFO - Setting next_dagrun for example_dag to 2026-03-10T13:05:00.485503+00:00, run_after=2026-03-11T13:05:00.485503+00:00
[2026-03-10T13:26:18.677+0000] {processor.py:179} INFO - Processing /opt/airflow/dags/example_dag.py took 0.076 seconds
[2026-03-10T13:26:48.957+0000] {processor.py:157} INFO - Started process (PID=1296) to work on /opt/airflow/dags/example_dag.py
[2026-03-10T13:26:48.960+0000] {processor.py:829} INFO - Processing file /opt/airflow/dags/example_dag.py for tasks to queue
[2026-03-10T13:26:48.962+0000] {logging_mixin.py:154} INFO - [2026-03-10T13:26:48.962+0000] {dagbag.py:536} INFO - Filling up the DagBag from /opt/airflow/dags/example_dag.py
[2026-03-10T13:26:48.978+0000] {processor.py:839} INFO - DAG(s) dict_keys(['example_dag']) retrieved from /opt/airflow/dags/example_dag.py
[2026-03-10T13:26:48.999+0000] {logging_mixin.py:154} INFO - [2026-03-10T13:26:48.999+0000] {dag.py:2941} INFO - Sync 1 DAGs
[2026-03-10T13:26:49.014+0000] {logging_mixin.py:154} INFO - [2026-03-10T13:26:49.013+0000] {dag.py:3722} INFO - Setting next_dagrun for example_dag to 2026-03-10T13:05:00.485503+00:00, run_after=2026-03-11T13:05:00.485503+00:00
[2026-03-10T13:26:49.022+0000] {processor.py:179} INFO - Processing /opt/airflow/dags/example_dag.py took 0.069 seconds
[2026-03-10T13:27:19.313+0000] {processor.py:157} INFO - Started process (PID=1325) to work on /opt/airflow/dags/example_dag.py
[2026-03-10T13:27:19.315+0000] {processor.py:829} INFO - Processing file /opt/airflow/dags/example_dag.py for tasks to queue
[2026-03-10T13:27:19.316+0000] {logging_mixin.py:154} INFO - [2026-03-10T13:27:19.316+0000] {dagbag.py:536} INFO - Filling up the DagBag from /opt/airflow/dags/example_dag.py
[2026-03-10T13:27:19.329+0000] {processor.py:839} INFO - DAG(s) dict_keys(['example_dag']) retrieved from /opt/airflow/dags/example_dag.py
[2026-03-10T13:27:19.354+0000] {logging_mixin.py:154} INFO - [2026-03-10T13:27:19.353+0000] {dag.py:2941} INFO - Sync 1 DAGs
[2026-03-10T13:27:19.369+0000] {logging_mixin.py:154} INFO - [2026-03-10T13:27:19.369+0000] {dag.py:3722} INFO - Setting next_dagrun for example_dag to 2026-03-10T13:05:00.485503+00:00, run_after=2026-03-11T13:05:00.485503+00:00
[2026-03-10T13:27:19.377+0000] {processor.py:179} INFO - Processing /opt/airflow/dags/example_dag.py took 0.068 seconds
[2026-03-10T13:27:49.631+0000] {processor.py:157} INFO - Started process (PID=1354) to work on /opt/airflow/dags/example_dag.py
[2026-03-10T13:27:49.633+0000] {processor.py:829} INFO - Processing file /opt/airflow/dags/example_dag.py for tasks to queue
[2026-03-10T13:27:49.634+0000] {logging_mixin.py:154} INFO - [2026-03-10T13:27:49.634+0000] {dagbag.py:536} INFO - Filling up the DagBag from /opt/airflow/dags/example_dag.py
[2026-03-10T13:27:49.650+0000] {processor.py:839} INFO - DAG(s) dict_keys(['example_dag']) retrieved from /opt/airflow/dags/example_dag.py
[2026-03-10T13:27:49.676+0000] {logging_mixin.py:154} INFO - [2026-03-10T13:27:49.676+0000] {dag.py:2941} INFO - Sync 1 DAGs
[2026-03-10T13:27:49.696+0000] {logging_mixin.py:154} INFO - [2026-03-10T13:27:49.696+0000] {dag.py:3722} INFO - Setting next_dagrun for example_dag to 2026-03-10T13:05:00.485503+00:00, run_after=2026-03-11T13:05:00.485503+00:00
[2026-03-10T13:27:49.707+0000] {processor.py:179} INFO - Processing /opt/airflow/dags/example_dag.py took 0.083 seconds
[2026-03-10T13:28:19.937+0000] {processor.py:157} INFO - Started process (PID=1375) to work on /opt/airflow/dags/example_dag.py
[2026-03-10T13:28:19.939+0000] {processor.py:829} INFO - Processing file /opt/airflow/dags/example_dag.py for tasks to queue
[2026-03-10T13:28:19.940+0000] {logging_mixin.py:154} INFO - [2026-03-10T13:28:19.939+0000] {dagbag.py:536} INFO - Filling up the DagBag from /opt/airflow/dags/example_dag.py
[2026-03-10T13:28:19.960+0000] {processor.py:839} INFO - DAG(s) dict_keys(['example_dag']) retrieved from /opt/airflow/dags/example_dag.py
[2026-03-10T13:28:19.990+0000] {logging_mixin.py:154} INFO - [2026-03-10T13:28:19.989+0000] {dag.py:2941} INFO - Sync 1 DAGs
[2026-03-10T13:28:20.005+0000] {logging_mixin.py:154} INFO - [2026-03-10T13:28:20.005+0000] {dag.py:3722} INFO - Setting next_dagrun for example_dag to 2026-03-10T13:05:00.485503+00:00, run_after=2026-03-11T13:05:00.485503+00:00
[2026-03-10T13:28:20.016+0000] {processor.py:179} INFO - Processing /opt/airflow/dags/example_dag.py took 0.084 seconds
[2026-03-10T13:28:50.286+0000] {processor.py:157} INFO - Started process (PID=1404) to work on /opt/airflow/dags/example_dag.py
[2026-03-10T13:28:50.288+0000] {processor.py:829} INFO - Processing file /opt/airflow/dags/example_dag.py for tasks to queue
[2026-03-10T13:28:50.289+0000] {logging_mixin.py:154} INFO - [2026-03-10T13:28:50.288+0000] {dagbag.py:536} INFO - Filling up the DagBag from /opt/airflow/dags/example_dag.py
[2026-03-10T13:28:50.305+0000] {processor.py:839} INFO - DAG(s) dict_keys(['example_dag']) retrieved from /opt/airflow/dags/example_dag.py
[2026-03-10T13:28:50.327+0000] {logging_mixin.py:154} INFO - [2026-03-10T13:28:50.327+0000] {dag.py:2941} INFO - Sync 1 DAGs
[2026-03-10T13:28:50.343+0000] {logging_mixin.py:154} INFO - [2026-03-10T13:28:50.343+0000] {dag.py:3722} INFO - Setting next_dagrun for example_dag to 2026-03-10T13:05:00.485503+00:00, run_after=2026-03-11T13:05:00.485503+00:00
[2026-03-10T13:28:50.353+0000] {processor.py:179} INFO - Processing /opt/airflow/dags/example_dag.py took 0.070 seconds
[2026-03-10T13:29:20.814+0000] {processor.py:157} INFO - Started process (PID=1424) to work on /opt/airflow/dags/example_dag.py
[2026-03-10T13:29:20.817+0000] {processor.py:829} INFO - Processing file /opt/airflow/dags/example_dag.py for tasks to queue
[2026-03-10T13:29:20.818+0000] {logging_mixin.py:154} INFO - [2026-03-10T13:29:20.817+0000] {dagbag.py:536} INFO - Filling up the DagBag from /opt/airflow/dags/example_dag.py
[2026-03-10T13:29:20.900+0000] {processor.py:839} INFO - DAG(s) dict_keys(['example_dag']) retrieved from /opt/airflow/dags/example_dag.py
[2026-03-10T13:29:20.975+0000] {logging_mixin.py:154} INFO - [2026-03-10T13:29:20.975+0000] {dag.py:2941} INFO - Sync 1 DAGs
[2026-03-10T13:29:21.008+0000] {logging_mixin.py:154} INFO - [2026-03-10T13:29:21.008+0000] {dag.py:3722} INFO - Setting next_dagrun for example_dag to 2026-03-10T13:05:00.485503+00:00, run_after=2026-03-11T13:05:00.485503+00:00
[2026-03-10T13:29:21.020+0000] {processor.py:179} INFO - Processing /opt/airflow/dags/example_dag.py took 0.216 seconds
[2026-03-10T13:29:51.188+0000] {processor.py:157} INFO - Started process (PID=1453) to work on /opt/airflow/dags/example_dag.py
[2026-03-10T13:29:51.190+0000] {processor.py:829} INFO - Processing file /opt/airflow/dags/example_dag.py for tasks to queue
[2026-03-10T13:29:51.190+0000] {logging_mixin.py:154} INFO - [2026-03-10T13:29:51.190+0000] {dagbag.py:536} INFO - Filling up the DagBag from /opt/airflow/dags/example_dag.py
[2026-03-10T13:29:51.206+0000] {processor.py:839} INFO - DAG(s) dict_keys(['example_dag']) retrieved from /opt/airflow/dags/example_dag.py
[2026-03-10T13:29:51.236+0000] {logging_mixin.py:154} INFO - [2026-03-10T13:29:51.236+0000] {dag.py:2941} INFO - Sync 1 DAGs
[2026-03-10T13:29:51.259+0000] {logging_mixin.py:154} INFO - [2026-03-10T13:29:51.259+0000] {dag.py:3722} INFO - Setting next_dagrun for example_dag to 2026-03-10T13:05:00.485503+00:00, run_after=2026-03-11T13:05:00.485503+00:00
[2026-03-10T13:29:51.277+0000] {processor.py:179} INFO - Processing /opt/airflow/dags/example_dag.py took 0.094 seconds
[2026-03-10T13:30:21.860+0000] {processor.py:157} INFO - Started process (PID=1482) to work on /opt/airflow/dags/example_dag.py
[2026-03-10T13:30:21.864+0000] {processor.py:829} INFO - Processing file /opt/airflow/dags/example_dag.py for tasks to queue
[2026-03-10T13:30:21.866+0000] {logging_mixin.py:154} INFO - [2026-03-10T13:30:21.865+0000] {dagbag.py:536} INFO - Filling up the DagBag from /opt/airflow/dags/example_dag.py
[2026-03-10T13:30:21.899+0000] {processor.py:839} INFO - DAG(s) dict_keys(['example_dag']) retrieved from /opt/airflow/dags/example_dag.py
[2026-03-10T13:30:21.946+0000] {logging_mixin.py:154} INFO - [2026-03-10T13:30:21.946+0000] {dag.py:2941} INFO - Sync 1 DAGs
[2026-03-10T13:30:21.967+0000] {logging_mixin.py:154} INFO - [2026-03-10T13:30:21.967+0000] {dag.py:3722} INFO - Setting next_dagrun for example_dag to 2026-03-10T13:05:00.485503+00:00, run_after=2026-03-11T13:05:00.485503+00:00
[2026-03-10T13:30:21.985+0000] {processor.py:179} INFO - Processing /opt/airflow/dags/example_dag.py took 0.138 seconds
[2026-03-10T13:30:52.461+0000] {processor.py:157} INFO - Started process (PID=1503) to work on /opt/airflow/dags/example_dag.py
[2026-03-10T13:30:52.467+0000] {processor.py:829} INFO - Processing file /opt/airflow/dags/example_dag.py for tasks to queue
[2026-03-10T13:30:52.473+0000] {logging_mixin.py:154} INFO - [2026-03-10T13:30:52.472+0000] {dagbag.py:536} INFO - Filling up the DagBag from /opt/airflow/dags/example_dag.py
[2026-03-10T13:30:52.538+0000] {processor.py:839} INFO - DAG(s) dict_keys(['example_dag']) retrieved from /opt/airflow/dags/example_dag.py
[2026-03-10T13:30:52.608+0000] {logging_mixin.py:154} INFO - [2026-03-10T13:30:52.607+0000] {dag.py:2941} INFO - Sync 1 DAGs
[2026-03-10T13:30:52.639+0000] {logging_mixin.py:154} INFO - [2026-03-10T13:30:52.638+0000] {dag.py:3722} INFO - Setting next_dagrun for example_dag to 2026-03-10T13:05:00.485503+00:00, run_after=2026-03-11T13:05:00.485503+00:00
[2026-03-10T13:30:52.672+0000] {processor.py:179} INFO - Processing /opt/airflow/dags/example_dag.py took 0.234 seconds
[2026-03-10T13:31:23.093+0000] {processor.py:157} INFO - Started process (PID=1532) to work on /opt/airflow/dags/example_dag.py
[2026-03-10T13:31:23.094+0000] {processor.py:829} INFO - Processing file /opt/airflow/dags/example_dag.py for tasks to queue
[2026-03-10T13:31:23.099+0000] {logging_mixin.py:154} INFO - [2026-03-10T13:31:23.098+0000] {dagbag.py:536} INFO - Filling up the DagBag from /opt/airflow/dags/example_dag.py
[2026-03-10T13:31:23.148+0000] {processor.py:839} INFO - DAG(s) dict_keys(['example_dag']) retrieved from /opt/airflow/dags/example_dag.py
[2026-03-10T13:31:23.213+0000] {logging_mixin.py:154} INFO - [2026-03-10T13:31:23.213+0000] {dag.py:2941} INFO - Sync 1 DAGs
[2026-03-10T13:31:23.264+0000] {logging_mixin.py:154} INFO - [2026-03-10T13:31:23.264+0000] {dag.py:3722} INFO - Setting next_dagrun for example_dag to 2026-03-10T13:05:00.485503+00:00, run_after=2026-03-11T13:05:00.485503+00:00
[2026-03-10T13:31:23.286+0000] {processor.py:179} INFO - Processing /opt/airflow/dags/example_dag.py took 0.208 seconds
